#! /usr/bin/vvp
:ivl_version "11.0 (stable)";
:ivl_delay_selection "TYPICAL";
:vpi_time_precision - 9;
:vpi_module "/usr/lib/x86_64-linux-gnu/ivl/system.vpi";
:vpi_module "/usr/lib/x86_64-linux-gnu/ivl/vhdl_sys.vpi";
:vpi_module "/usr/lib/x86_64-linux-gnu/ivl/vhdl_textio.vpi";
:vpi_module "/usr/lib/x86_64-linux-gnu/ivl/v2005_math.vpi";
:vpi_module "/usr/lib/x86_64-linux-gnu/ivl/va_math.vpi";
S_0x55dd2ecc1d70 .scope module, "mm_simtop" "mm_simtop" 2 15;
 .timescale -9 -9;
P_0x55dd2ecfdbe0 .param/l "CCNT_ADDR" 1 2 39, C4<001000000001100000000000000000100>;
P_0x55dd2ecfdc20 .param/l "CCNT_OFFSET" 1 2 33, C4<00000100>;
P_0x55dd2ecfdc60 .param/l "CTL_ADDR" 1 2 36, C4<001000000001100000000000000000001>;
P_0x55dd2ecfdca0 .param/l "CTL_OFFSET" 1 2 30, C4<00000001>;
P_0x55dd2ecfdce0 .param/l "ID_ADDR" 1 2 35, C4<001000000001100000000000000000000>;
P_0x55dd2ecfdd20 .param/l "ID_OFFSET" 1 2 29, C4<00000000>;
P_0x55dd2ecfdd60 .param/l "MRAM_BA" 1 2 27, C4<01000000001101000000000000000000>;
P_0x55dd2ecfdda0 .param/l "N_ADDR" 1 2 38, C4<001000000001100000000000000000011>;
P_0x55dd2ecfdde0 .param/l "N_OFFSET" 1 2 32, C4<00000011>;
P_0x55dd2ecfde20 .param/l "REG_BA" 1 2 24, C4<01000000001100000000000000000000>;
P_0x55dd2ecfde60 .param/l "STS_ADDR" 1 2 37, C4<001000000001100000000000000000010>;
P_0x55dd2ecfdea0 .param/l "STS_OFFSET" 1 2 31, C4<00000010>;
P_0x55dd2ecfdee0 .param/l "XRAM_BA" 1 2 25, C4<01000000001100100000000000000000>;
P_0x55dd2ecfdf20 .param/l "YRAM_BA" 1 2 26, C4<01000000001100110000000000000000>;
P_0x55dd2ecfdf60 .param/real "duty" 0 2 22, Cr<m4000000000000000gfc1>; value=0.500000
P_0x55dd2ecfdfa0 .param/real "t_ck" 0 2 18, Cr<m5000000000000000gfc5>; value=10.0000
P_0x55dd2ecfdfe0 .param/real "t_cq" 0 2 21, Cr<m6000000000000000gfc2>; value=1.50000
P_0x55dd2ecfe020 .param/real "t_h" 0 2 20, Cr<m4000000000000000gfc2>; value=1.00000
P_0x55dd2ecfe060 .param/real "t_s" 0 2 19, Cr<m4000000000000000gfc3>; value=2.00000
v0x55dd2ed31d20_0 .var "DEBUG_MODE", 0 0;
v0x55dd2ed31e00 .array/s "M", 65535 0, 15 0;
v0x55dd2ed31ec0_0 .var "N", 8 0;
v0x55dd2ed31f80 .array/s "X", 255 0, 15 0;
v0x55dd2ed32040 .array/s "Y", 255 0, 39 0;
v0x55dd2ed32150_0 .var "clk", 0 0;
v0x55dd2ed321f0_0 .net "led_o", 7 0, L_0x55dd2ed32fb0;  1 drivers
v0x55dd2ed32300_0 .var "rst", 0 0;
v0x55dd2ed323a0_0 .net "sys_ack", 0 0, v0x55dd2ed13850_0;  1 drivers
v0x55dd2ed32440_0 .var "sys_addr", 31 0;
v0x55dd2ed32550_0 .net "sys_err", 0 0, v0x55dd2ed139f0_0;  1 drivers
v0x55dd2ed32640_0 .net "sys_rdata", 31 0, v0x55dd2ed13ab0_0;  1 drivers
v0x55dd2ed32750_0 .var "sys_ren", 0 0;
v0x55dd2ed32840_0 .var "sys_wdata", 31 0;
v0x55dd2ed32950_0 .var "sys_wen", 0 0;
E_0x55dd2ec12f50 .event "write_ok";
E_0x55dd2ec13210 .event "write_err";
E_0x55dd2ebf8ab0 .event "read_ok";
E_0x55dd2ecfc780 .event "read_err";
S_0x55dd2ece1d30 .scope task, "axi_read" "axi_read" 2 186, 2 186 0, S_0x55dd2ecc1d70;
 .timescale -9 -9;
v0x55dd2ecbf8a0_0 .var "addr", 31 0;
v0x55dd2ecbfc10_0 .var "data", 31 0;
E_0x55dd2ecfcd80 .event posedge, v0x55dd2ed12e60_0;
TD_mm_simtop.axi_read ;
    %wait E_0x55dd2ecfcd80;
    %delay 8, 0;
    %load/vec4 v0x55dd2ecbf8a0_0;
    %store/vec4 v0x55dd2ed32440_0, 0, 32;
    %pushi/vec4 4294967295, 4294967295, 32;
    %store/vec4 v0x55dd2ed32840_0, 0, 32;
    %pushi/vec4 0, 0, 1;
    %store/vec4 v0x55dd2ed32950_0, 0, 1;
    %pushi/vec4 1, 0, 1;
    %store/vec4 v0x55dd2ed32750_0, 0, 1;
    %wait E_0x55dd2ecfcd80;
    %delay 1, 0;
    %pushi/vec4 4294967295, 4294967295, 32;
    %store/vec4 v0x55dd2ed32440_0, 0, 32;
    %pushi/vec4 4294967295, 4294967295, 32;
    %store/vec4 v0x55dd2ed32840_0, 0, 32;
    %pushi/vec4 0, 0, 1;
    %store/vec4 v0x55dd2ed32950_0, 0, 1;
    %wait E_0x55dd2ecfcd80;
T_0.0 ;
    %load/vec4 v0x55dd2ed323a0_0;
    %cmpi/ne 1, 0, 1;
    %jmp/0xz T_0.1, 4;
    %wait E_0x55dd2ecfcd80;
    %jmp T_0.0;
T_0.1 ;
    %load/vec4 v0x55dd2ed32550_0;
    %cmpi/e 0, 0, 1;
    %jmp/0xz  T_0.2, 4;
    %load/vec4 v0x55dd2ed32640_0;
    %store/vec4 v0x55dd2ecbfc10_0, 0, 32;
    %load/vec4 v0x55dd2ed31d20_0;
    %flag_set/vec4 8;
    %jmp/0xz  T_0.4, 8;
    %vpi_call 2 214 "$display", "At time %t: Addr [0x%h] : Data read successfully [0x%h]", $time, v0x55dd2ecbf8a0_0, v0x55dd2ecbfc10_0 {0 0 0};
T_0.4 ;
    %event E_0x55dd2ebf8ab0;
    %jmp T_0.3;
T_0.2 ;
    %load/vec4 v0x55dd2ed31d20_0;
    %flag_set/vec4 8;
    %jmp/0xz  T_0.6, 8;
    %vpi_call 2 222 "$display", "At time %t: Addr [0x%h] : Data read ERROR.", $time, v0x55dd2ecbf8a0_0 {0 0 0};
T_0.6 ;
    %event E_0x55dd2ecfc780;
    %pushi/vec4 1, 0, 1;
    %store/vec4 v0x55dd2ecbd130_0, 0, 1;
    %fork TD_mm_simtop.endsim, S_0x55dd2ed114b0;
    %join;
T_0.3 ;
    %delay 1, 0;
    %pushi/vec4 0, 0, 1;
    %store/vec4 v0x55dd2ed32750_0, 0, 1;
    %wait E_0x55dd2ecfcd80;
    %end;
S_0x55dd2ed11010 .scope task, "axi_write" "axi_write" 2 137, 2 137 0, S_0x55dd2ecc1d70;
 .timescale -9 -9;
v0x55dd2ecc13a0_0 .var "addr", 31 0;
v0x55dd2ecbc430_0 .var "data", 31 0;
TD_mm_simtop.axi_write ;
    %wait E_0x55dd2ecfcd80;
    %delay 8, 0;
    %load/vec4 v0x55dd2ecc13a0_0;
    %store/vec4 v0x55dd2ed32440_0, 0, 32;
    %load/vec4 v0x55dd2ecbc430_0;
    %store/vec4 v0x55dd2ed32840_0, 0, 32;
    %pushi/vec4 1, 0, 1;
    %store/vec4 v0x55dd2ed32950_0, 0, 1;
    %pushi/vec4 0, 0, 1;
    %store/vec4 v0x55dd2ed32750_0, 0, 1;
    %wait E_0x55dd2ecfcd80;
T_1.8 ;
    %load/vec4 v0x55dd2ed323a0_0;
    %cmpi/e 0, 0, 1;
    %jmp/0xz T_1.9, 4;
    %wait E_0x55dd2ecfcd80;
    %jmp T_1.8;
T_1.9 ;
    %load/vec4 v0x55dd2ed32550_0;
    %cmpi/e 0, 0, 1;
    %jmp/0xz  T_1.10, 4;
    %load/vec4 v0x55dd2ed31d20_0;
    %flag_set/vec4 8;
    %jmp/0xz  T_1.12, 8;
    %vpi_call 2 159 "$display", "At time %t: Addr [0x%h] : Data written successfully [0x%h]", $time, v0x55dd2ecc13a0_0, v0x55dd2ecbc430_0 {0 0 0};
T_1.12 ;
    %event E_0x55dd2ec12f50;
    %jmp T_1.11;
T_1.10 ;
    %load/vec4 v0x55dd2ed31d20_0;
    %flag_set/vec4 8;
    %jmp/0xz  T_1.14, 8;
    %vpi_call 2 168 "$display", "At time %t: Addr [0x%h] : Data write ERROR.", $time, v0x55dd2ecc13a0_0 {0 0 0};
T_1.14 ;
    %event E_0x55dd2ec13210;
    %pushi/vec4 1, 0, 1;
    %store/vec4 v0x55dd2ecbd130_0, 0, 1;
    %fork TD_mm_simtop.endsim, S_0x55dd2ed114b0;
    %join;
T_1.11 ;
    %delay 1, 0;
    %pushi/vec4 4294967295, 4294967295, 32;
    %store/vec4 v0x55dd2ed32440_0, 0, 32;
    %pushi/vec4 4294967295, 4294967295, 32;
    %store/vec4 v0x55dd2ed32840_0, 0, 32;
    %pushi/vec4 0, 0, 1;
    %store/vec4 v0x55dd2ed32950_0, 0, 1;
    %pushi/vec4 0, 0, 1;
    %store/vec4 v0x55dd2ed32750_0, 0, 1;
    %wait E_0x55dd2ecfcd80;
    %end;
S_0x55dd2ed11290 .scope task, "delay" "delay" 2 352, 2 352 0, S_0x55dd2ecc1d70;
 .timescale -9 -9;
v0x55dd2ecbcbf0_0 .var "nclocks", 31 0;
TD_mm_simtop.delay ;
    %load/vec4 v0x55dd2ecbcbf0_0;
T_2.16 %dup/vec4;
    %pushi/vec4 0, 0, 32;
    %cmp/u;
    %jmp/1 T_2.17, 4;
    %pushi/vec4 1, 0, 32;
    %sub;
    %wait E_0x55dd2ecfcd80;
    %jmp T_2.16;
T_2.17 ;
    %pop/vec4 1;
    %end;
S_0x55dd2ed114b0 .scope task, "endsim" "endsim" 2 362, 2 362 0, S_0x55dd2ecc1d70;
 .timescale -9 -9;
v0x55dd2ecbd130_0 .var "fail_flag", 0 0;
TD_mm_simtop.endsim ;
    %load/vec4 v0x55dd2ecbd130_0;
    %cmpi/ne 0, 0, 1;
    %jmp/0xz  T_3.18, 6;
    %vpi_call 2 368 "$display", "Test FAILED." {0 0 0};
    %jmp T_3.19;
T_3.18 ;
    %vpi_call 2 372 "$display", "Test PASSED." {0 0 0};
T_3.19 ;
    %pushi/vec4 10, 0, 32;
T_3.20 %dup/vec4;
    %pushi/vec4 0, 0, 32;
    %cmp/s;
    %jmp/1xz T_3.21, 5;
    %jmp/1 T_3.21, 4;
    %pushi/vec4 1, 0, 32;
    %sub;
    %wait E_0x55dd2ecfcd80;
    %jmp T_3.20;
T_3.21 ;
    %pop/vec4 1;
    %vpi_call 2 376 "$display", "Ending simulation" {0 0 0};
    %vpi_call 2 377 "$finish" {0 0 0};
    %end;
S_0x55dd2ed116d0 .scope task, "load_m" "load_m" 2 236, 2 236 0, S_0x55dd2ecc1d70;
 .timescale -9 -9;
v0x55dd2ecbd4a0_0 .var/i "ca", 31 0;
v0x55dd2ed11960_0 .var "mram_addr", 31 0;
v0x55dd2ed11a40_0 .var "n", 8 0;
v0x55dd2ed11b00_0 .var/i "npages", 31 0;
v0x55dd2ed11be0_0 .var/i "ra", 31 0;
TD_mm_simtop.load_m ;
    %load/vec4 v0x55dd2ed11a40_0;
    %pad/u 32;
    %addi 31, 0, 32;
    %ix/load 4, 5, 0;
    %flag_set/imm 4, 0;
    %shiftr 4;
    %store/vec4 v0x55dd2ed11b00_0, 0, 32;
    %pushi/vec4 0, 0, 32;
    %store/vec4 v0x55dd2ed11be0_0, 0, 32;
T_4.22 ;
    %load/vec4 v0x55dd2ed11be0_0;
    %load/vec4 v0x55dd2ed11a40_0;
    %pad/u 32;
    %cmp/u;
    %jmp/0xz T_4.23, 5;
    %pushi/vec4 0, 0, 32;
    %store/vec4 v0x55dd2ecbd4a0_0, 0, 32;
T_4.24 ;
    %load/vec4 v0x55dd2ecbd4a0_0;
    %load/vec4 v0x55dd2ed11a40_0;
    %pad/u 32;
    %cmp/u;
    %jmp/0xz T_4.25, 5;
    %pushi/vec4 1077149696, 0, 32;
    %load/vec4 v0x55dd2ed11be0_0;
    %parti/s 8, 0, 2;
    %load/vec4 v0x55dd2ecbd4a0_0;
    %parti/s 8, 0, 2;
    %concat/vec4; draw_concat_vec4
    %concati/vec4 0, 0, 2;
    %pad/u 32;
    %add;
    %store/vec4 v0x55dd2ed11960_0, 0, 32;
    %load/vec4 v0x55dd2ed11960_0;
    %store/vec4 v0x55dd2ecc13a0_0, 0, 32;
    %load/vec4 v0x55dd2ed11be0_0;
    %pad/s 41;
    %pad/s 49;
    %muli 256, 0, 49;
    %pad/s 50;
    %load/vec4 v0x55dd2ecbd4a0_0;
    %pad/s 50;
    %add;
    %ix/vec4/s 4;
    %load/vec4a v0x55dd2ed31e00, 4;
    %pad/s 32;
    %store/vec4 v0x55dd2ecbc430_0, 0, 32;
    %fork TD_mm_simtop.axi_write, S_0x55dd2ed11010;
    %join;
    %load/vec4 v0x55dd2ecbd4a0_0;
    %addi 1, 0, 32;
    %store/vec4 v0x55dd2ecbd4a0_0, 0, 32;
    %jmp T_4.24;
T_4.25 ;
    %load/vec4 v0x55dd2ed11a40_0;
    %pad/u 32;
    %store/vec4 v0x55dd2ecbd4a0_0, 0, 32;
T_4.26 ;
    %load/vec4 v0x55dd2ecbd4a0_0;
    %load/vec4 v0x55dd2ed11b00_0;
    %muli 32, 0, 32;
    %cmp/s;
    %jmp/0xz T_4.27, 5;
    %pushi/vec4 1077149696, 0, 32;
    %load/vec4 v0x55dd2ed11be0_0;
    %parti/s 8, 0, 2;
    %load/vec4 v0x55dd2ecbd4a0_0;
    %parti/s 8, 0, 2;
    %concat/vec4; draw_concat_vec4
    %concati/vec4 0, 0, 2;
    %pad/u 32;
    %add;
    %store/vec4 v0x55dd2ed11960_0, 0, 32;
    %load/vec4 v0x55dd2ed11960_0;
    %store/vec4 v0x55dd2ecc13a0_0, 0, 32;
    %pushi/vec4 0, 0, 32;
    %store/vec4 v0x55dd2ecbc430_0, 0, 32;
    %fork TD_mm_simtop.axi_write, S_0x55dd2ed11010;
    %join;
    %load/vec4 v0x55dd2ecbd4a0_0;
    %addi 1, 0, 32;
    %store/vec4 v0x55dd2ecbd4a0_0, 0, 32;
    %jmp T_4.26;
T_4.27 ;
    %load/vec4 v0x55dd2ed11be0_0;
    %addi 1, 0, 32;
    %store/vec4 v0x55dd2ed11be0_0, 0, 32;
    %jmp T_4.22;
T_4.23 ;
    %end;
S_0x55dd2ed11d10 .scope task, "load_x" "load_x" 2 265, 2 265 0, S_0x55dd2ecc1d70;
 .timescale -9 -9;
v0x55dd2ed11ef0_0 .var "n", 8 0;
v0x55dd2ed11ff0_0 .var/i "ra", 31 0;
v0x55dd2ed120d0_0 .var "xram_addr", 31 0;
TD_mm_simtop.load_x ;
    %pushi/vec4 0, 0, 32;
    %store/vec4 v0x55dd2ed11ff0_0, 0, 32;
T_5.28 ;
    %load/vec4 v0x55dd2ed11ff0_0;
    %load/vec4 v0x55dd2ed11ef0_0;
    %pad/u 32;
    %cmp/u;
    %jmp/0xz T_5.29, 5;
    %pushi/vec4 1077018624, 0, 32;
    %load/vec4 v0x55dd2ed11ff0_0;
    %parti/s 8, 0, 2;
    %concati/vec4 0, 0, 2;
    %pad/u 32;
    %add;
    %store/vec4 v0x55dd2ed120d0_0, 0, 32;
    %load/vec4 v0x55dd2ed120d0_0;
    %store/vec4 v0x55dd2ecc13a0_0, 0, 32;
    %pushi/vec4 0, 0, 16;
    %ix/getv/s 4, v0x55dd2ed11ff0_0;
    %load/vec4a v0x55dd2ed31f80, 4;
    %concat/vec4; draw_concat_vec4
    %store/vec4 v0x55dd2ecbc430_0, 0, 32;
    %fork TD_mm_simtop.axi_write, S_0x55dd2ed11010;
    %join;
    %load/vec4 v0x55dd2ed11ff0_0;
    %addi 1, 0, 32;
    %store/vec4 v0x55dd2ed11ff0_0, 0, 32;
    %jmp T_5.28;
T_5.29 ;
    %load/vec4 v0x55dd2ed11ef0_0;
    %pad/u 32;
    %store/vec4 v0x55dd2ed11ff0_0, 0, 32;
T_5.30 ;
    %load/vec4 v0x55dd2ed11ff0_0;
    %cmpi/s 256, 0, 32;
    %jmp/0xz T_5.31, 5;
    %pushi/vec4 1077018624, 0, 32;
    %load/vec4 v0x55dd2ed11ff0_0;
    %parti/s 8, 0, 2;
    %concati/vec4 0, 0, 2;
    %pad/u 32;
    %add;
    %store/vec4 v0x55dd2ed120d0_0, 0, 32;
    %load/vec4 v0x55dd2ed120d0_0;
    %store/vec4 v0x55dd2ecc13a0_0, 0, 32;
    %pushi/vec4 0, 0, 32;
    %store/vec4 v0x55dd2ecbc430_0, 0, 32;
    %fork TD_mm_simtop.axi_write, S_0x55dd2ed11010;
    %join;
    %load/vec4 v0x55dd2ed11ff0_0;
    %addi 1, 0, 32;
    %store/vec4 v0x55dd2ed11ff0_0, 0, 32;
    %jmp T_5.30;
T_5.31 ;
    %end;
S_0x55dd2ed12190 .scope module, "mm_core" "mm_core" 2 66, 3 1 0, S_0x55dd2ecc1d70;
 .timescale 0 0;
    .port_info 0 /INPUT 1 "clk";
    .port_info 1 /INPUT 1 "rst";
    .port_info 2 /INPUT 32 "sys_addr";
    .port_info 3 /INPUT 32 "sys_wdata";
    .port_info 4 /INPUT 1 "sys_wen";
    .port_info 5 /INPUT 1 "sys_ren";
    .port_info 6 /OUTPUT 32 "sys_rdata";
    .port_info 7 /OUTPUT 1 "sys_ack";
    .port_info 8 /OUTPUT 1 "sys_err";
    .port_info 9 /OUTPUT 8 "led_o";
v0x55dd2ed2dfa0_0 .net "acc_clr", 0 0, v0x55dd2ed14e80_0;  1 drivers
v0x55dd2ed2e060_0 .net "acc_en", 0 0, v0x55dd2ed14f40_0;  1 drivers
v0x55dd2ed2e170_0 .net "acc_out_addr", 7 0, L_0x55dd2ecfcc20;  1 drivers
v0x55dd2ed2e260_0 .net "acc_out_ce", 0 0, L_0x55dd2ed33ea0;  1 drivers
v0x55dd2ed2e350_0 .net/s "acc_out_wdata", 39 0, L_0x55dd2ecfcc90;  1 drivers
v0x55dd2ed2e490_0 .net "acc_out_we", 0 0, L_0x55dd2ed33f10;  1 drivers
v0x55dd2ed2e580_0 .net "ccnt", 31 0, v0x55dd2ed15000_0;  1 drivers
v0x55dd2ed2e690_0 .net "ccnt_clr", 0 0, v0x55dd2ed29ed0_0;  1 drivers
v0x55dd2ed2e780_0 .net "clk", 0 0, v0x55dd2ed32150_0;  1 drivers
v0x55dd2ed2e820_0 .net "col_addr", 2 0, L_0x55dd2ed33fd0;  1 drivers
v0x55dd2ed2e8e0_0 .net "col_ce", 0 0, v0x55dd2ed15330_0;  1 drivers
v0x55dd2ed2e9d0_0 .net "col_rdata", 511 0, v0x55dd2ed2b810_0;  1 drivers
v0x55dd2ed2eae0_0 .net "led_o", 7 0, L_0x55dd2ed32fb0;  alias, 1 drivers
v0x55dd2ed2eba0_0 .net "mm_done", 0 0, v0x55dd2ed154b0_0;  1 drivers
v0x55dd2ed2ec90_0 .net "mm_start", 0 0, v0x55dd2ed2a360_0;  1 drivers
v0x55dd2ed2ed80_0 .net "mram_addr", 15 0, v0x55dd2ed12f20_0;  1 drivers
v0x55dd2ed2ee70_0 .net "mram_ce", 0 0, v0x55dd2ed12fe0_0;  1 drivers
v0x55dd2ed2f070_0 .net "mram_rdata", 15 0, v0x55dd2ed290d0_0;  1 drivers
v0x55dd2ed2f180_0 .net "mram_wdata", 15 0, v0x55dd2ed131d0_0;  1 drivers
v0x55dd2ed2f290_0 .net "mram_we", 0 0, v0x55dd2ed132b0_0;  1 drivers
v0x55dd2ed2f380_0 .net "n", 8 0, v0x55dd2ed2a430_0;  1 drivers
v0x55dd2ed2f490_0 .net "reg_addr", 9 0, v0x55dd2ed13370_0;  1 drivers
v0x55dd2ed2f5a0_0 .net "reg_ce", 0 0, v0x55dd2ed13450_0;  1 drivers
v0x55dd2ed2f690_0 .net "reg_rdata", 31 0, v0x55dd2ed2a590_0;  1 drivers
v0x55dd2ed2f7a0_0 .net "reg_wdata", 31 0, v0x55dd2ed135f0_0;  1 drivers
v0x55dd2ed2f8b0_0 .net "reg_we", 0 0, v0x55dd2ed136d0_0;  1 drivers
v0x55dd2ed2f9a0_0 .net "row_addr", 10 0, L_0x55dd2ed34040;  1 drivers
v0x55dd2ed2fab0_0 .net "row_ce", 0 0, v0x55dd2ed15a90_0;  1 drivers
v0x55dd2ed2fba0_0 .net "row_rdata", 511 0, v0x55dd2ed29170_0;  1 drivers
v0x55dd2ed2fcb0_0 .net "rst", 0 0, v0x55dd2ed32300_0;  1 drivers
v0x55dd2ed2fd50_0 .net "sys_ack", 0 0, v0x55dd2ed13850_0;  alias, 1 drivers
v0x55dd2ed2fdf0_0 .net "sys_addr", 31 0, v0x55dd2ed32440_0;  1 drivers
v0x55dd2ed2fe90_0 .net "sys_err", 0 0, v0x55dd2ed139f0_0;  alias, 1 drivers
v0x55dd2ed30140_0 .net "sys_rdata", 31 0, v0x55dd2ed13ab0_0;  alias, 1 drivers
v0x55dd2ed301e0_0 .net "sys_ren", 0 0, v0x55dd2ed32750_0;  1 drivers
v0x55dd2ed30280_0 .net "sys_wdata", 31 0, v0x55dd2ed32840_0;  1 drivers
v0x55dd2ed30320_0 .net "sys_wen", 0 0, v0x55dd2ed32950_0;  1 drivers
v0x55dd2ed303c0_0 .net "xram_addr", 7 0, v0x55dd2ed13df0_0;  1 drivers
v0x55dd2ed30460_0 .net "xram_ce", 0 0, v0x55dd2ed13ed0_0;  1 drivers
v0x55dd2ed30550_0 .net "xram_rdata", 15 0, v0x55dd2ed2b770_0;  1 drivers
v0x55dd2ed30640_0 .net "xram_wdata", 15 0, v0x55dd2ed14070_0;  1 drivers
v0x55dd2ed30730_0 .net "xram_we", 0 0, v0x55dd2ed14150_0;  1 drivers
v0x55dd2ed30820_0 .net "yram_addr", 8 0, v0x55dd2ed14210_0;  1 drivers
v0x55dd2ed30910_0 .net "yram_ce", 0 0, v0x55dd2ed142f0_0;  1 drivers
v0x55dd2ed30a00_0 .net "yram_rdata", 31 0, L_0x55dd2ed33ae0;  1 drivers
v0x55dd2ed30b10_0 .net "yram_wdata", 31 0, v0x55dd2ed14490_0;  1 drivers
v0x55dd2ed30c20_0 .net "yram_we", 0 0, v0x55dd2ed14570_0;  1 drivers
S_0x55dd2ed12470 .scope module, "mm_axi_slave" "mm_axi_slave" 3 68, 4 1 0, S_0x55dd2ed12190;
 .timescale 0 0;
    .port_info 0 /INPUT 1 "clk";
    .port_info 1 /INPUT 1 "rst";
    .port_info 2 /INPUT 32 "sys_addr";
    .port_info 3 /INPUT 32 "sys_wdata";
    .port_info 4 /INPUT 1 "sys_wen";
    .port_info 5 /INPUT 1 "sys_ren";
    .port_info 6 /OUTPUT 32 "sys_rdata";
    .port_info 7 /OUTPUT 1 "sys_ack";
    .port_info 8 /OUTPUT 1 "sys_err";
    .port_info 9 /OUTPUT 10 "reg_addr";
    .port_info 10 /OUTPUT 32 "reg_wdata";
    .port_info 11 /OUTPUT 1 "reg_ce";
    .port_info 12 /OUTPUT 1 "reg_we";
    .port_info 13 /INPUT 32 "reg_rdata";
    .port_info 14 /OUTPUT 8 "xram_addr";
    .port_info 15 /OUTPUT 16 "xram_wdata";
    .port_info 16 /OUTPUT 1 "xram_we";
    .port_info 17 /OUTPUT 1 "xram_ce";
    .port_info 18 /INPUT 16 "xram_rdata";
    .port_info 19 /OUTPUT 16 "mram_addr";
    .port_info 20 /OUTPUT 16 "mram_wdata";
    .port_info 21 /OUTPUT 1 "mram_we";
    .port_info 22 /OUTPUT 1 "mram_ce";
    .port_info 23 /INPUT 16 "mram_rdata";
    .port_info 24 /OUTPUT 9 "yram_addr";
    .port_info 25 /OUTPUT 32 "yram_wdata";
    .port_info 26 /OUTPUT 1 "yram_we";
    .port_info 27 /OUTPUT 1 "yram_ce";
    .port_info 28 /INPUT 32 "yram_rdata";
P_0x55dd2ed12670 .param/l "ACK" 1 4 45, C4<011>;
P_0x55dd2ed126b0 .param/l "IDLE" 1 4 42, C4<000>;
P_0x55dd2ed126f0 .param/l "WAIT_1" 1 4 43, C4<001>;
P_0x55dd2ed12730 .param/l "WAIT_2" 1 4 44, C4<010>;
P_0x55dd2ed12770 .param/l "WBI1" 1 4 46, C4<100>;
P_0x55dd2ed127b0 .param/l "WBI2" 1 4 47, C4<101>;
v0x55dd2ed12d80_0 .var "axi_state", 2 0;
v0x55dd2ed12e60_0 .net "clk", 0 0, v0x55dd2ed32150_0;  alias, 1 drivers
v0x55dd2ed12f20_0 .var "mram_addr", 15 0;
v0x55dd2ed12fe0_0 .var "mram_ce", 0 0;
v0x55dd2ed130a0_0 .net "mram_rdata", 15 0, v0x55dd2ed290d0_0;  alias, 1 drivers
v0x55dd2ed131d0_0 .var "mram_wdata", 15 0;
v0x55dd2ed132b0_0 .var "mram_we", 0 0;
v0x55dd2ed13370_0 .var "reg_addr", 9 0;
v0x55dd2ed13450_0 .var "reg_ce", 0 0;
v0x55dd2ed13510_0 .net "reg_rdata", 31 0, v0x55dd2ed2a590_0;  alias, 1 drivers
v0x55dd2ed135f0_0 .var "reg_wdata", 31 0;
v0x55dd2ed136d0_0 .var "reg_we", 0 0;
v0x55dd2ed13790_0 .net "rst", 0 0, v0x55dd2ed32300_0;  alias, 1 drivers
v0x55dd2ed13850_0 .var "sys_ack", 0 0;
v0x55dd2ed13910_0 .net "sys_addr", 31 0, v0x55dd2ed32440_0;  alias, 1 drivers
v0x55dd2ed139f0_0 .var "sys_err", 0 0;
v0x55dd2ed13ab0_0 .var "sys_rdata", 31 0;
v0x55dd2ed13b90_0 .net "sys_ren", 0 0, v0x55dd2ed32750_0;  alias, 1 drivers
v0x55dd2ed13c50_0 .net "sys_wdata", 31 0, v0x55dd2ed32840_0;  alias, 1 drivers
v0x55dd2ed13d30_0 .net "sys_wen", 0 0, v0x55dd2ed32950_0;  alias, 1 drivers
v0x55dd2ed13df0_0 .var "xram_addr", 7 0;
v0x55dd2ed13ed0_0 .var "xram_ce", 0 0;
v0x55dd2ed13f90_0 .net "xram_rdata", 15 0, v0x55dd2ed2b770_0;  alias, 1 drivers
v0x55dd2ed14070_0 .var "xram_wdata", 15 0;
v0x55dd2ed14150_0 .var "xram_we", 0 0;
v0x55dd2ed14210_0 .var "yram_addr", 8 0;
v0x55dd2ed142f0_0 .var "yram_ce", 0 0;
v0x55dd2ed143b0_0 .net "yram_rdata", 31 0, L_0x55dd2ed33ae0;  alias, 1 drivers
v0x55dd2ed14490_0 .var "yram_wdata", 31 0;
v0x55dd2ed14570_0 .var "yram_we", 0 0;
S_0x55dd2ed149d0 .scope module, "mm_ctrl" "mm_ctrl" 3 192, 5 13 0, S_0x55dd2ed12190;
 .timescale 0 0;
    .port_info 0 /INPUT 1 "clk";
    .port_info 1 /INPUT 1 "rst";
    .port_info 2 /INPUT 1 "mm_start";
    .port_info 3 /INPUT 9 "n";
    .port_info 4 /OUTPUT 1 "mm_done";
    .port_info 5 /OUTPUT 3 "col_addr";
    .port_info 6 /OUTPUT 1 "col_ce";
    .port_info 7 /OUTPUT 11 "row_addr";
    .port_info 8 /OUTPUT 1 "row_ce";
    .port_info 9 /OUTPUT 1 "acc_en";
    .port_info 10 /OUTPUT 1 "acc_clr";
    .port_info 11 /OUTPUT 32 "ccnt";
    .port_info 12 /INPUT 1 "ccnt_clr";
P_0x55dd2ecf6b50 .param/l "DONE" 1 5 37, C4<100>;
P_0x55dd2ecf6b90 .param/l "IDLE" 1 5 34, C4<000>;
P_0x55dd2ecf6bd0 .param/l "OPER" 1 5 35, C4<010>;
P_0x55dd2ecf6c10 .param/l "WAIT" 1 5 36, C4<011>;
L_0x55dd2ed33fd0 .functor BUFZ 3, v0x55dd2ed158d0_0, C4<000>, C4<000>, C4<000>;
v0x55dd2ed14e80_0 .var "acc_clr", 0 0;
v0x55dd2ed14f40_0 .var "acc_en", 0 0;
v0x55dd2ed15000_0 .var "ccnt", 31 0;
v0x55dd2ed150c0_0 .net "ccnt_clr", 0 0, v0x55dd2ed29ed0_0;  alias, 1 drivers
v0x55dd2ed15180_0 .net "clk", 0 0, v0x55dd2ed32150_0;  alias, 1 drivers
v0x55dd2ed15270_0 .net "col_addr", 2 0, L_0x55dd2ed33fd0;  alias, 1 drivers
v0x55dd2ed15330_0 .var "col_ce", 0 0;
v0x55dd2ed153f0_0 .var "is_first", 0 0;
v0x55dd2ed154b0_0 .var "mm_done", 0 0;
v0x55dd2ed15570_0 .net "mm_start", 0 0, v0x55dd2ed2a360_0;  alias, 1 drivers
v0x55dd2ed15630_0 .var "mm_state", 2 0;
v0x55dd2ed15710_0 .net "n", 8 0, v0x55dd2ed2a430_0;  alias, 1 drivers
v0x55dd2ed157f0_0 .var "n_pages", 3 0;
v0x55dd2ed158d0_0 .var "page_cnt", 2 0;
v0x55dd2ed159b0_0 .net "row_addr", 10 0, L_0x55dd2ed34040;  alias, 1 drivers
v0x55dd2ed15a90_0 .var "row_ce", 0 0;
v0x55dd2ed15b50_0 .var "row_cnt", 7 0;
v0x55dd2ed15d40_0 .net "rst", 0 0, v0x55dd2ed32300_0;  alias, 1 drivers
v0x55dd2ed15de0_0 .var "wait_cnt", 2 0;
L_0x55dd2ed34040 .concat [ 3 8 0 0], v0x55dd2ed158d0_0, v0x55dd2ed15b50_0;
S_0x55dd2ed16040 .scope module, "mm_mac" "mm_mac" 3 176, 6 1 0, S_0x55dd2ed12190;
 .timescale 0 0;
    .port_info 0 /INPUT 1 "clk";
    .port_info 1 /INPUT 1 "rst";
    .port_info 2 /INPUT 512 "col_rdata";
    .port_info 3 /INPUT 512 "row_rdata";
    .port_info 4 /INPUT 1 "acc_en";
    .port_info 5 /INPUT 1 "acc_clr";
    .port_info 6 /OUTPUT 8 "yram_addr";
    .port_info 7 /OUTPUT 40 "yram_wdata";
    .port_info 8 /OUTPUT 1 "yram_ce";
    .port_info 9 /OUTPUT 1 "yram_we";
L_0x55dd2ecfcc20 .functor BUFZ 8, v0x55dd2ed178e0_0, C4<00000000>, C4<00000000>, C4<00000000>;
L_0x55dd2ecfcc90 .functor BUFZ 40, v0x55dd2ed16690_0, C4<0000000000000000000000000000000000000000>, C4<0000000000000000000000000000000000000000>, C4<0000000000000000000000000000000000000000>;
L_0x55dd2ed33ea0 .functor BUFZ 1, v0x55dd2ed16780_0, C4<0>, C4<0>, C4<0>;
L_0x55dd2ed33f10 .functor BUFZ 1, v0x55dd2ed16780_0, C4<0>, C4<0>, C4<0>;
v0x55dd2ed16300_0 .net *"_ivl_3", 0 0, L_0x55dd2ed33c20;  1 drivers
v0x55dd2ed163e0_0 .net *"_ivl_4", 2 0, L_0x55dd2ed33cc0;  1 drivers
v0x55dd2ed164c0_0 .net "acc_clr", 0 0, v0x55dd2ed14e80_0;  alias, 1 drivers
v0x55dd2ed165c0_0 .net "acc_en", 0 0, v0x55dd2ed14f40_0;  alias, 1 drivers
v0x55dd2ed16690_0 .var/s "acc_out", 39 0;
v0x55dd2ed16780_0 .var "acc_valid", 0 0;
v0x55dd2ed16820_0 .net "clk", 0 0, v0x55dd2ed32150_0;  alias, 1 drivers
v0x55dd2ed16910_0 .var "clr_r1", 0 0;
v0x55dd2ed169d0_0 .var "clr_r2", 0 0;
v0x55dd2ed16a90_0 .var "clr_s1", 0 0;
v0x55dd2ed16b50_0 .var "clr_s2", 0 0;
v0x55dd2ed16c10_0 .var "clr_s3", 0 0;
v0x55dd2ed16cd0_0 .var "clr_s4", 0 0;
v0x55dd2ed16d90_0 .var "clr_s5", 0 0;
v0x55dd2ed16e50_0 .net "col_rdata", 511 0, v0x55dd2ed2b810_0;  alias, 1 drivers
v0x55dd2ed16f30_0 .var/s "col_reg", 511 0;
v0x55dd2ed17010_0 .var "en_r1", 0 0;
v0x55dd2ed171e0_0 .var "en_r2", 0 0;
v0x55dd2ed172a0_0 .var "en_s1", 0 0;
v0x55dd2ed17360_0 .var "en_s2", 0 0;
v0x55dd2ed17420_0 .var "en_s3", 0 0;
v0x55dd2ed174e0_0 .var "en_s4", 0 0;
v0x55dd2ed175a0_0 .var "en_s5", 0 0;
v0x55dd2ed17660_0 .var/i "i", 31 0;
v0x55dd2ed17740 .array/s "prod_r", 31 0, 31 0;
v0x55dd2ed17800_0 .net/s "psum", 39 0, L_0x55dd2ed33db0;  1 drivers
v0x55dd2ed178e0_0 .var "res_addr", 7 0;
v0x55dd2ed179c0_0 .net "row_rdata", 511 0, v0x55dd2ed29170_0;  alias, 1 drivers
v0x55dd2ed17aa0_0 .var/s "row_reg", 511 0;
v0x55dd2ed17b80_0 .net "rst", 0 0, v0x55dd2ed32300_0;  alias, 1 drivers
v0x55dd2ed17c20 .array/s "sum_1", 15 0, 32 0;
v0x55dd2ed17ce0 .array/s "sum_2", 7 0, 33 0;
v0x55dd2ed17da0 .array/s "sum_3", 3 0, 34 0;
v0x55dd2ed17e60 .array/s "sum_4", 1 0, 35 0;
v0x55dd2ed17f20_0 .var/s "sum_5", 36 0;
v0x55dd2ed18000_0 .net "yram_addr", 7 0, L_0x55dd2ecfcc20;  alias, 1 drivers
v0x55dd2ed180e0_0 .net "yram_ce", 0 0, L_0x55dd2ed33ea0;  alias, 1 drivers
v0x55dd2ed181a0_0 .net/s "yram_wdata", 39 0, L_0x55dd2ecfcc90;  alias, 1 drivers
v0x55dd2ed18280_0 .net "yram_we", 0 0, L_0x55dd2ed33f10;  alias, 1 drivers
L_0x55dd2ed33c20 .part v0x55dd2ed17f20_0, 36, 1;
L_0x55dd2ed33cc0 .concat [ 1 1 1 0], L_0x55dd2ed33c20, L_0x55dd2ed33c20, L_0x55dd2ed33c20;
L_0x55dd2ed33db0 .concat [ 37 3 0 0], v0x55dd2ed17f20_0, L_0x55dd2ed33cc0;
S_0x55dd2ed18480 .scope module, "mm_mram" "mm_dpram" 3 143, 7 1 0, S_0x55dd2ed12190;
 .timescale 0 0;
    .port_info 0 /INPUT 1 "clk";
    .port_info 1 /INPUT 16 "addr_a";
    .port_info 2 /INPUT 16 "wdata_a";
    .port_info 3 /INPUT 1 "we_a";
    .port_info 4 /INPUT 1 "ce_a";
    .port_info 5 /OUTPUT 16 "rdata_a";
    .port_info 6 /INPUT 11 "addr_b";
    .port_info 7 /INPUT 512 "wdata_b";
    .port_info 8 /INPUT 1 "ce_b";
    .port_info 9 /INPUT 1 "we_b";
    .port_info 10 /OUTPUT 512 "rdata_b";
P_0x55dd2ed18660 .param/l "MEM_SZ" 0 7 2, +C4<00000000000000010000000000000000>;
v0x55dd2ed18be0_0 .net "addr_a", 15 0, v0x55dd2ed12f20_0;  alias, 1 drivers
v0x55dd2ed18cc0_0 .net "addr_b", 10 0, L_0x55dd2ed34040;  alias, 1 drivers
v0x55dd2ed18d60_0 .net "ce_a", 0 0, v0x55dd2ed12fe0_0;  alias, 1 drivers
v0x55dd2ed18e60_0 .net "ce_b", 0 0, v0x55dd2ed15a90_0;  alias, 1 drivers
v0x55dd2ed18f30_0 .net "clk", 0 0, v0x55dd2ed32150_0;  alias, 1 drivers
v0x55dd2ed19020 .array "ram", 65535 0, 15 0;
v0x55dd2ed290d0_0 .var "rdata_a", 15 0;
v0x55dd2ed29170_0 .var "rdata_b", 511 0;
v0x55dd2ed29240_0 .net "wdata_a", 15 0, v0x55dd2ed131d0_0;  alias, 1 drivers
o0x7f0833fdbb18 .functor BUFZ 512, C4<zzzzzzzzzzzzzzzzzzzzzzzzzzzzzzzzzzzzzzzzzzzzzzzzzzzzzzzzzzzzzzzzzzzzzzzzzzzzzzzzzzzzzzzzzzzzzzzzzzzzzzzzzzzzzzzzzzzzzzzzzzzzzzzzzzzzzzzzzzzzzzzzzzzzzzzzzzzzzzzzzzzzzzzzzzzzzzzzzzzzzzzzzzzzzzzzzzzzzzzzzzzzzzzzzzzzzzzzzzzzzzzzzzzzzzzzzzzzzzzzzzzzzzzzzzzzzzzzzzzzzzzzzzzzzzzzzzzzzzzzzzzzzzzzzzzzzzzzzzzzzzzzzzzzzzzzzzzzzzzzzzzzzzzzzzzzzzzzzzzzzzzzzzzzzzzzzzzzzzzzzzzzzzzzzzzzzzzzzzzzzzzzzzzzzzzzzzzzzzzzzzzzzzzzzzzzzzzzzzzzzzzzzzzzzzzzzzzzzzzzzzzzzzzzzzzzzzzzzzzzzzzzzzzzzzzzzzzzzzzzzzzzzzzzzzzzzzzzzzzzzzzzzzzzzzzz>; HiZ drive
v0x55dd2ed29310_0 .net "wdata_b", 511 0, o0x7f0833fdbb18;  0 drivers
v0x55dd2ed293b0_0 .net "we_a", 0 0, v0x55dd2ed132b0_0;  alias, 1 drivers
L_0x7f0833f91060 .functor BUFT 1, C4<0>, C4<0>, C4<0>, C4<0>;
v0x55dd2ed29480_0 .net "we_b", 0 0, L_0x7f0833f91060;  1 drivers
S_0x55dd2ed18700 .scope begin, "port_a" "port_a" 7 27, 7 27 0, S_0x55dd2ed18480;
 .timescale 0 0;
S_0x55dd2ed18900 .scope begin, "port_b" "port_b" 7 44, 7 44 0, S_0x55dd2ed18480;
 .timescale 0 0;
v0x55dd2ed18b00_0 .var/i "i", 31 0;
S_0x55dd2ed29680 .scope module, "mm_reg" "mm_reg" 3 103, 8 1 0, S_0x55dd2ed12190;
 .timescale 0 0;
    .port_info 0 /INPUT 1 "clk";
    .port_info 1 /INPUT 1 "rst";
    .port_info 2 /INPUT 10 "addr";
    .port_info 3 /INPUT 32 "wdata";
    .port_info 4 /INPUT 1 "ce";
    .port_info 5 /INPUT 1 "we";
    .port_info 6 /OUTPUT 32 "rdata";
    .port_info 7 /OUTPUT 1 "mm_start";
    .port_info 8 /INPUT 1 "mm_done";
    .port_info 9 /OUTPUT 9 "n";
    .port_info 10 /INPUT 32 "ccnt";
    .port_info 11 /OUTPUT 1 "ccnt_clr";
    .port_info 12 /OUTPUT 8 "led_o";
P_0x55dd2ed29860 .param/l "CCNT_OFFSET" 1 8 23, C4<0000010000>;
P_0x55dd2ed298a0 .param/l "CTL_OFFSET" 1 8 20, C4<0000000100>;
P_0x55dd2ed298e0 .param/l "ID_OFFSET" 1 8 19, C4<0000000000>;
P_0x55dd2ed29920 .param/l "N_OFFSET" 1 8 22, C4<0000001100>;
P_0x55dd2ed29960 .param/l "STS_OFFSET" 1 8 21, C4<0000001000>;
v0x55dd2ed29d20_0 .net "addr", 9 0, v0x55dd2ed13370_0;  alias, 1 drivers
v0x55dd2ed29e00_0 .net "ccnt", 31 0, v0x55dd2ed15000_0;  alias, 1 drivers
v0x55dd2ed29ed0_0 .var "ccnt_clr", 0 0;
v0x55dd2ed29fd0_0 .net "ce", 0 0, v0x55dd2ed13450_0;  alias, 1 drivers
v0x55dd2ed2a0a0_0 .net "clk", 0 0, v0x55dd2ed32150_0;  alias, 1 drivers
v0x55dd2ed2a220_0 .net "led_o", 7 0, L_0x55dd2ed32fb0;  alias, 1 drivers
v0x55dd2ed2a2c0_0 .net "mm_done", 0 0, v0x55dd2ed154b0_0;  alias, 1 drivers
v0x55dd2ed2a360_0 .var "mm_start", 0 0;
v0x55dd2ed2a430_0 .var "n", 8 0;
v0x55dd2ed2a590_0 .var "rdata", 31 0;
v0x55dd2ed2a660_0 .net "rst", 0 0, v0x55dd2ed32300_0;  alias, 1 drivers
v0x55dd2ed2a700_0 .net "wdata", 31 0, v0x55dd2ed135f0_0;  alias, 1 drivers
v0x55dd2ed2a7d0_0 .net "we", 0 0, v0x55dd2ed136d0_0;  alias, 1 drivers
L_0x55dd2ed32fb0 .part v0x55dd2ed2a430_0, 0, 8;
S_0x55dd2ed2a9a0 .scope module, "mm_xram" "mm_dpram" 3 124, 7 1 0, S_0x55dd2ed12190;
 .timescale 0 0;
    .port_info 0 /INPUT 1 "clk";
    .port_info 1 /INPUT 8 "addr_a";
    .port_info 2 /INPUT 16 "wdata_a";
    .port_info 3 /INPUT 1 "we_a";
    .port_info 4 /INPUT 1 "ce_a";
    .port_info 5 /OUTPUT 16 "rdata_a";
    .port_info 6 /INPUT 3 "addr_b";
    .port_info 7 /INPUT 512 "wdata_b";
    .port_info 8 /INPUT 1 "ce_b";
    .port_info 9 /INPUT 1 "we_b";
    .port_info 10 /OUTPUT 512 "rdata_b";
P_0x55dd2ed168c0 .param/l "MEM_SZ" 0 7 2, +C4<00000000000000000000000100000000>;
v0x55dd2ed2b230_0 .net "addr_a", 7 0, v0x55dd2ed13df0_0;  alias, 1 drivers
v0x55dd2ed2b340_0 .net "addr_b", 2 0, L_0x55dd2ed33fd0;  alias, 1 drivers
v0x55dd2ed2b410_0 .net "ce_a", 0 0, v0x55dd2ed13ed0_0;  alias, 1 drivers
v0x55dd2ed2b510_0 .net "ce_b", 0 0, v0x55dd2ed15330_0;  alias, 1 drivers
v0x55dd2ed2b5e0_0 .net "clk", 0 0, v0x55dd2ed32150_0;  alias, 1 drivers
v0x55dd2ed2b6d0 .array "ram", 255 0, 15 0;
v0x55dd2ed2b770_0 .var "rdata_a", 15 0;
v0x55dd2ed2b810_0 .var "rdata_b", 511 0;
v0x55dd2ed2b8e0_0 .net "wdata_a", 15 0, v0x55dd2ed14070_0;  alias, 1 drivers
o0x7f0833fdc058 .functor BUFZ 512, C4<zzzzzzzzzzzzzzzzzzzzzzzzzzzzzzzzzzzzzzzzzzzzzzzzzzzzzzzzzzzzzzzzzzzzzzzzzzzzzzzzzzzzzzzzzzzzzzzzzzzzzzzzzzzzzzzzzzzzzzzzzzzzzzzzzzzzzzzzzzzzzzzzzzzzzzzzzzzzzzzzzzzzzzzzzzzzzzzzzzzzzzzzzzzzzzzzzzzzzzzzzzzzzzzzzzzzzzzzzzzzzzzzzzzzzzzzzzzzzzzzzzzzzzzzzzzzzzzzzzzzzzzzzzzzzzzzzzzzzzzzzzzzzzzzzzzzzzzzzzzzzzzzzzzzzzzzzzzzzzzzzzzzzzzzzzzzzzzzzzzzzzzzzzzzzzzzzzzzzzzzzzzzzzzzzzzzzzzzzzzzzzzzzzzzzzzzzzzzzzzzzzzzzzzzzzzzzzzzzzzzzzzzzzzzzzzzzzzzzzzzzzzzzzzzzzzzzzzzzzzzzzzzzzzzzzzzzzzzzzzzzzzzzzzzzzzzzzzzzzzzzzzzzzzzzzzz>; HiZ drive
v0x55dd2ed2b9b0_0 .net "wdata_b", 511 0, o0x7f0833fdc058;  0 drivers
v0x55dd2ed2ba50_0 .net "we_a", 0 0, v0x55dd2ed14150_0;  alias, 1 drivers
L_0x7f0833f91018 .functor BUFT 1, C4<0>, C4<0>, C4<0>, C4<0>;
v0x55dd2ed2bb20_0 .net "we_b", 0 0, L_0x7f0833f91018;  1 drivers
S_0x55dd2ed2ad50 .scope begin, "port_a" "port_a" 7 27, 7 27 0, S_0x55dd2ed2a9a0;
 .timescale 0 0;
S_0x55dd2ed2af50 .scope begin, "port_b" "port_b" 7 44, 7 44 0, S_0x55dd2ed2a9a0;
 .timescale 0 0;
v0x55dd2ed2b150_0 .var/i "i", 31 0;
S_0x55dd2ed2bd80 .scope module, "mm_yram" "mm_yram" 3 160, 9 1 0, S_0x55dd2ed12190;
 .timescale 0 0;
    .port_info 0 /INPUT 1 "clk";
    .port_info 1 /INPUT 9 "addr_a";
    .port_info 2 /INPUT 32 "wdata_a";
    .port_info 3 /INPUT 1 "we_a";
    .port_info 4 /INPUT 1 "ce_a";
    .port_info 5 /OUTPUT 32 "rdata_a";
    .port_info 6 /INPUT 8 "addr_b";
    .port_info 7 /INPUT 1 "ce_b";
    .port_info 8 /INPUT 1 "we_b";
    .port_info 9 /INPUT 40 "wdata_b";
L_0x55dd2ecbca90 .functor AND 1, v0x55dd2ed142f0_0, L_0x55dd2ed33240, C4<1>, C4<1>;
L_0x55dd2ec6bbb0 .functor NOT 1, L_0x55dd2ed332e0, C4<0>, C4<0>, C4<0>;
L_0x55dd2ec39660 .functor AND 1, v0x55dd2ed142f0_0, L_0x55dd2ec6bbb0, C4<1>, C4<1>;
v0x55dd2ed2c800_0 .net *"_ivl_10", 0 0, L_0x55dd2ec6bbb0;  1 drivers
v0x55dd2ed2c8c0_0 .net *"_ivl_15", 0 0, L_0x55dd2ed33410;  1 drivers
v0x55dd2ed2c9a0_0 .net *"_ivl_17", 0 0, L_0x55dd2ed334b0;  1 drivers
v0x55dd2ed2ca90_0 .net *"_ivl_18", 23 0, L_0x55dd2ed33550;  1 drivers
v0x55dd2ed2cb70_0 .net *"_ivl_20", 31 0, L_0x55dd2ed339a0;  1 drivers
v0x55dd2ed2cca0_0 .net *"_ivl_5", 0 0, L_0x55dd2ed33240;  1 drivers
v0x55dd2ed2cd80_0 .net *"_ivl_9", 0 0, L_0x55dd2ed332e0;  1 drivers
v0x55dd2ed2ce60_0 .net "addr_a", 8 0, v0x55dd2ed14210_0;  alias, 1 drivers
v0x55dd2ed2cf20_0 .net "addr_a_l", 7 0, L_0x55dd2ed33110;  1 drivers
v0x55dd2ed2d070_0 .net "addr_a_u", 7 0, L_0x55dd2ed33070;  1 drivers
v0x55dd2ed2d150_0 .net "addr_b", 7 0, L_0x55dd2ecfcc20;  alias, 1 drivers
v0x55dd2ed2d240_0 .net "ce_a", 0 0, v0x55dd2ed142f0_0;  alias, 1 drivers
v0x55dd2ed2d310_0 .net "ce_a_l", 0 0, L_0x55dd2ec39660;  1 drivers
v0x55dd2ed2d3b0_0 .net "ce_a_u", 0 0, L_0x55dd2ecbca90;  1 drivers
v0x55dd2ed2d450_0 .net "ce_b", 0 0, L_0x55dd2ed33ea0;  alias, 1 drivers
v0x55dd2ed2d520_0 .net "clk", 0 0, v0x55dd2ed32150_0;  alias, 1 drivers
v0x55dd2ed2d5c0 .array "ram_l", 255 0, 31 0;
v0x55dd2ed2d790 .array "ram_u", 255 0, 7 0;
v0x55dd2ed2d870_0 .net "rdata_a", 31 0, L_0x55dd2ed33ae0;  alias, 1 drivers
v0x55dd2ed2d960_0 .var "rdata_a_l", 31 0;
v0x55dd2ed2da20_0 .var "rdata_a_u", 7 0;
v0x55dd2ed2db00_0 .net "wdata_a", 31 0, v0x55dd2ed14490_0;  alias, 1 drivers
v0x55dd2ed2dbf0_0 .net "wdata_b", 39 0, L_0x55dd2ecfcc90;  alias, 1 drivers
v0x55dd2ed2dcc0_0 .net "we_a", 0 0, v0x55dd2ed14570_0;  alias, 1 drivers
v0x55dd2ed2dd90_0 .net "we_b", 0 0, L_0x55dd2ed33f10;  alias, 1 drivers
L_0x55dd2ed33070 .part v0x55dd2ed14210_0, 1, 8;
L_0x55dd2ed33110 .part v0x55dd2ed14210_0, 1, 8;
L_0x55dd2ed33240 .part v0x55dd2ed14210_0, 0, 1;
L_0x55dd2ed332e0 .part v0x55dd2ed14210_0, 0, 1;
L_0x55dd2ed33410 .part v0x55dd2ed14210_0, 0, 1;
L_0x55dd2ed334b0 .part v0x55dd2ed2da20_0, 7, 1;
LS_0x55dd2ed33550_0_0 .concat [ 1 1 1 1], L_0x55dd2ed334b0, L_0x55dd2ed334b0, L_0x55dd2ed334b0, L_0x55dd2ed334b0;
LS_0x55dd2ed33550_0_4 .concat [ 1 1 1 1], L_0x55dd2ed334b0, L_0x55dd2ed334b0, L_0x55dd2ed334b0, L_0x55dd2ed334b0;
LS_0x55dd2ed33550_0_8 .concat [ 1 1 1 1], L_0x55dd2ed334b0, L_0x55dd2ed334b0, L_0x55dd2ed334b0, L_0x55dd2ed334b0;
LS_0x55dd2ed33550_0_12 .concat [ 1 1 1 1], L_0x55dd2ed334b0, L_0x55dd2ed334b0, L_0x55dd2ed334b0, L_0x55dd2ed334b0;
LS_0x55dd2ed33550_0_16 .concat [ 1 1 1 1], L_0x55dd2ed334b0, L_0x55dd2ed334b0, L_0x55dd2ed334b0, L_0x55dd2ed334b0;
LS_0x55dd2ed33550_0_20 .concat [ 1 1 1 1], L_0x55dd2ed334b0, L_0x55dd2ed334b0, L_0x55dd2ed334b0, L_0x55dd2ed334b0;
LS_0x55dd2ed33550_1_0 .concat [ 4 4 4 4], LS_0x55dd2ed33550_0_0, LS_0x55dd2ed33550_0_4, LS_0x55dd2ed33550_0_8, LS_0x55dd2ed33550_0_12;
LS_0x55dd2ed33550_1_4 .concat [ 4 4 0 0], LS_0x55dd2ed33550_0_16, LS_0x55dd2ed33550_0_20;
L_0x55dd2ed33550 .concat [ 16 8 0 0], LS_0x55dd2ed33550_1_0, LS_0x55dd2ed33550_1_4;
L_0x55dd2ed339a0 .concat [ 8 24 0 0], v0x55dd2ed2da20_0, L_0x55dd2ed33550;
L_0x55dd2ed33ae0 .functor MUXZ 32, v0x55dd2ed2d960_0, L_0x55dd2ed339a0, L_0x55dd2ed33410, C4<>;
S_0x55dd2ed2c010 .scope begin, "port_a_lower" "port_a_lower" 9 39, 9 39 0, S_0x55dd2ed2bd80;
 .timescale 0 0;
S_0x55dd2ed2c210 .scope begin, "port_a_upper" "port_a_upper" 9 74, 9 74 0, S_0x55dd2ed2bd80;
 .timescale 0 0;
S_0x55dd2ed2c410 .scope begin, "port_b_lower" "port_b_lower" 9 59, 9 59 0, S_0x55dd2ed2bd80;
 .timescale 0 0;
S_0x55dd2ed2c620 .scope begin, "port_b_upper" "port_b_upper" 9 94, 9 94 0, S_0x55dd2ed2bd80;
 .timescale 0 0;
S_0x55dd2ed30e50 .scope task, "poll_for_done" "poll_for_done" 2 318, 2 318 0, S_0x55dd2ecc1d70;
 .timescale -9 -9;
v0x55dd2ed31030_0 .var/i "gap", 31 0;
v0x55dd2ed31130_0 .var "mm_done", 0 0;
v0x55dd2ed311f0_0 .var "n", 8 0;
v0x55dd2ed312b0_0 .var "rdata", 31 0;
TD_mm_simtop.poll_for_done ;
    %load/vec4 v0x55dd2ed311f0_0;
    %parti/s 4, 5, 4;
    %pad/u 32;
    %addi 1, 0, 32;
    %load/vec4 v0x55dd2ed311f0_0;
    %pad/u 32;
    %mul;
    %addi 10, 0, 32;
    %store/vec4 v0x55dd2ed31030_0, 0, 32;
    %pushi/vec4 0, 0, 1;
    %store/vec4 v0x55dd2ed31130_0, 0, 1;
T_6.32 ;
    %load/vec4 v0x55dd2ed31130_0;
    %cmpi/e 0, 0, 1;
    %jmp/0xz T_6.33, 4;
    %load/vec4 v0x55dd2ed31030_0;
    %store/vec4 v0x55dd2ecbcbf0_0, 0, 32;
    %fork TD_mm_simtop.delay, S_0x55dd2ed11290;
    %join;
    %pushi/vec4 1076887554, 0, 32;
    %store/vec4 v0x55dd2ecbf8a0_0, 0, 32;
    %fork TD_mm_simtop.axi_read, S_0x55dd2ece1d30;
    %join;
    %load/vec4 v0x55dd2ecbfc10_0;
    %store/vec4 v0x55dd2ed312b0_0, 0, 32;
    %load/vec4 v0x55dd2ed312b0_0;
    %parti/s 1, 0, 2;
    %store/vec4 v0x55dd2ed31130_0, 0, 1;
    %load/vec4 v0x55dd2ed31d20_0;
    %flag_set/vec4 8;
    %jmp/0xz  T_6.34, 8;
    %load/vec4 v0x55dd2ed31130_0;
    %cmpi/e 1, 0, 1;
    %jmp/0xz  T_6.36, 4;
    %vpi_call 2 339 "$display", "\012Matrix multiplication FINISHED - mm_done = %b", v0x55dd2ed31130_0 {0 0 0};
    %jmp T_6.37;
T_6.36 ;
    %vpi_call 2 343 "$display", "\012Matrix multiplication RUNNING  - mm_done = %b\012", v0x55dd2ed31130_0 {0 0 0};
T_6.37 ;
T_6.34 ;
    %jmp T_6.32;
T_6.33 ;
    %end;
S_0x55dd2ed31390 .scope task, "read_y" "read_y" 2 289, 2 289 0, S_0x55dd2ecc1d70;
 .timescale -9 -9;
v0x55dd2ed31600_0 .var/i "i", 31 0;
v0x55dd2ed31700_0 .var "n", 8 0;
v0x55dd2ed317e0_0 .var/i "ra", 31 0;
v0x55dd2ed318a0_0 .var "rdata", 31 0;
v0x55dd2ed31980_0 .var "y", 39 0;
v0x55dd2ed31a60_0 .var "yram_addr", 31 0;
TD_mm_simtop.read_y ;
    %pushi/vec4 0, 0, 32;
    %store/vec4 v0x55dd2ed31600_0, 0, 32;
    %pushi/vec4 0, 0, 32;
    %store/vec4 v0x55dd2ed317e0_0, 0, 32;
T_7.38 ;
    %load/vec4 v0x55dd2ed317e0_0;
    %load/vec4 v0x55dd2ed31700_0;
    %pad/u 32;
    %muli 2, 0, 32;
    %cmp/u;
    %jmp/0xz T_7.39, 5;
    %pushi/vec4 1077084160, 0, 32;
    %load/vec4 v0x55dd2ed317e0_0;
    %parti/s 9, 0, 2;
    %concati/vec4 0, 0, 2;
    %pad/u 32;
    %add;
    %store/vec4 v0x55dd2ed31a60_0, 0, 32;
    %load/vec4 v0x55dd2ed31a60_0;
    %store/vec4 v0x55dd2ecbf8a0_0, 0, 32;
    %fork TD_mm_simtop.axi_read, S_0x55dd2ece1d30;
    %join;
    %load/vec4 v0x55dd2ecbfc10_0;
    %store/vec4 v0x55dd2ed318a0_0, 0, 32;
    %load/vec4 v0x55dd2ed318a0_0;
    %ix/load 4, 0, 0;
    %flag_set/imm 4, 0;
    %store/vec4 v0x55dd2ed31980_0, 4, 32;
    %pushi/vec4 1077084160, 0, 32;
    %load/vec4 v0x55dd2ed317e0_0;
    %parti/s 9, 0, 2;
    %addi 1, 0, 9;
    %concati/vec4 0, 0, 2;
    %pad/u 32;
    %add;
    %store/vec4 v0x55dd2ed31a60_0, 0, 32;
    %load/vec4 v0x55dd2ed31a60_0;
    %store/vec4 v0x55dd2ecbf8a0_0, 0, 32;
    %fork TD_mm_simtop.axi_read, S_0x55dd2ece1d30;
    %join;
    %load/vec4 v0x55dd2ecbfc10_0;
    %store/vec4 v0x55dd2ed318a0_0, 0, 32;
    %load/vec4 v0x55dd2ed318a0_0;
    %parti/s 8, 0, 2;
    %ix/load 4, 32, 0;
    %flag_set/imm 4, 0;
    %store/vec4 v0x55dd2ed31980_0, 4, 8;
    %load/vec4 v0x55dd2ed31980_0;
    %ix/getv/s 4, v0x55dd2ed31600_0;
    %store/vec4a v0x55dd2ed32040, 4, 0;
    %load/vec4 v0x55dd2ed31600_0;
    %addi 1, 0, 32;
    %store/vec4 v0x55dd2ed31600_0, 0, 32;
    %load/vec4 v0x55dd2ed317e0_0;
    %addi 2, 0, 32;
    %store/vec4 v0x55dd2ed317e0_0, 0, 32;
    %jmp T_7.38;
T_7.39 ;
    %end;
S_0x55dd2ed31b40 .scope task, "sys_reset" "sys_reset" 2 120, 2 120 0, S_0x55dd2ecc1d70;
 .timescale -9 -9;
TD_mm_simtop.sys_reset ;
    %pushi/vec4 0, 0, 1;
    %store/vec4 v0x55dd2ed32950_0, 0, 1;
    %pushi/vec4 0, 0, 1;
    %store/vec4 v0x55dd2ed32750_0, 0, 1;
    %pushi/vec4 1, 0, 1;
    %store/vec4 v0x55dd2ed32300_0, 0, 1;
    %pushi/vec4 2, 0, 32;
T_8.40 %dup/vec4;
    %pushi/vec4 0, 0, 32;
    %cmp/s;
    %jmp/1xz T_8.41, 5;
    %jmp/1 T_8.41, 4;
    %pushi/vec4 1, 0, 32;
    %sub;
    %wait E_0x55dd2ecfcd80;
    %jmp T_8.40;
T_8.41 ;
    %pop/vec4 1;
    %delay 1, 0;
    %pushi/vec4 0, 0, 1;
    %store/vec4 v0x55dd2ed32300_0, 0, 1;
    %end;
S_0x55dd2ecdf950 .scope module, "mult_test" "mult_test" 10 1;
 .timescale -9 -9;
v0x55dd2ed32a40_0 .var "cycle_count", 31 0;
v0x55dd2ed32b40_0 .var "err_flag", 0 0;
v0x55dd2ed32c00_0 .var/i "i", 31 0;
v0x55dd2ed32cc0_0 .var "id", 31 0;
v0x55dd2ed32da0_0 .var/i "j", 31 0;
v0x55dd2ed32ed0_0 .var/i "n", 31 0;
    .scope S_0x55dd2ed12470;
T_9 ;
    %wait E_0x55dd2ecfcd80;
    %load/vec4 v0x55dd2ed13790_0;
    %cmpi/e 1, 0, 1;
    %jmp/0xz  T_9.0, 4;
    %pushi/vec4 0, 0, 1;
    %assign/vec4 v0x55dd2ed13850_0, 0;
    %pushi/vec4 0, 0, 1;
    %assign/vec4 v0x55dd2ed139f0_0, 0;
    %pushi/vec4 0, 0, 1;
    %assign/vec4 v0x55dd2ed13450_0, 0;
    %pushi/vec4 0, 0, 1;
    %assign/vec4 v0x55dd2ed136d0_0, 0;
    %pushi/vec4 0, 0, 1;
    %assign/vec4 v0x55dd2ed13ed0_0, 0;
    %pushi/vec4 0, 0, 1;
    %assign/vec4 v0x55dd2ed14150_0, 0;
    %pushi/vec4 0, 0, 1;
    %assign/vec4 v0x55dd2ed12fe0_0, 0;
    %pushi/vec4 0, 0, 1;
    %assign/vec4 v0x55dd2ed132b0_0, 0;
    %pushi/vec4 0, 0, 1;
    %assign/vec4 v0x55dd2ed142f0_0, 0;
    %pushi/vec4 0, 0, 1;
    %assign/vec4 v0x55dd2ed14570_0, 0;
    %pushi/vec4 4008636142, 0, 32;
    %assign/vec4 v0x55dd2ed13ab0_0, 0;
    %pushi/vec4 0, 0, 3;
    %assign/vec4 v0x55dd2ed12d80_0, 0;
    %jmp T_9.1;
T_9.0 ;
    %pushi/vec4 0, 0, 1;
    %assign/vec4 v0x55dd2ed13850_0, 0;
    %load/vec4 v0x55dd2ed12d80_0;
    %dup/vec4;
    %pushi/vec4 0, 0, 3;
    %cmp/u;
    %jmp/1 T_9.2, 6;
    %dup/vec4;
    %pushi/vec4 1, 0, 3;
    %cmp/u;
    %jmp/1 T_9.3, 6;
    %dup/vec4;
    %pushi/vec4 2, 0, 3;
    %cmp/u;
    %jmp/1 T_9.4, 6;
    %dup/vec4;
    %pushi/vec4 3, 0, 3;
    %cmp/u;
    %jmp/1 T_9.5, 6;
    %dup/vec4;
    %pushi/vec4 4, 0, 3;
    %cmp/u;
    %jmp/1 T_9.6, 6;
    %dup/vec4;
    %pushi/vec4 5, 0, 3;
    %cmp/u;
    %jmp/1 T_9.7, 6;
    %pushi/vec4 1, 0, 1;
    %assign/vec4 v0x55dd2ed13850_0, 0;
    %pushi/vec4 1, 0, 1;
    %assign/vec4 v0x55dd2ed139f0_0, 0;
    %pushi/vec4 0, 0, 1;
    %assign/vec4 v0x55dd2ed13450_0, 0;
    %pushi/vec4 0, 0, 1;
    %assign/vec4 v0x55dd2ed136d0_0, 0;
    %pushi/vec4 0, 0, 1;
    %assign/vec4 v0x55dd2ed13ed0_0, 0;
    %pushi/vec4 0, 0, 1;
    %assign/vec4 v0x55dd2ed14150_0, 0;
    %pushi/vec4 0, 0, 1;
    %assign/vec4 v0x55dd2ed12fe0_0, 0;
    %pushi/vec4 0, 0, 1;
    %assign/vec4 v0x55dd2ed132b0_0, 0;
    %pushi/vec4 0, 0, 1;
    %assign/vec4 v0x55dd2ed142f0_0, 0;
    %pushi/vec4 0, 0, 1;
    %assign/vec4 v0x55dd2ed14570_0, 0;
    %pushi/vec4 0, 0, 3;
    %assign/vec4 v0x55dd2ed12d80_0, 0;
    %jmp T_9.9;
T_9.2 ;
    %load/vec4 v0x55dd2ed13d30_0;
    %pushi/vec4 1, 0, 1;
    %cmp/e;
    %flag_get/vec4 4;
    %load/vec4 v0x55dd2ed13910_0;
    %parti/s 12, 20, 6;
    %pushi/vec4 1027, 0, 12;
    %cmp/e;
    %flag_get/vec4 4;
    %and;
    %flag_set/vec4 8;
    %jmp/0xz  T_9.10, 8;
    %load/vec4 v0x55dd2ed13910_0;
    %parti/s 1, 18, 6;
    %cmpi/e 1, 0, 1;
    %jmp/0xz  T_9.12, 4;
    %pushi/vec4 1, 0, 1;
    %assign/vec4 v0x55dd2ed12fe0_0, 0;
    %pushi/vec4 1, 0, 1;
    %assign/vec4 v0x55dd2ed132b0_0, 0;
    %load/vec4 v0x55dd2ed13910_0;
    %parti/s 16, 2, 3;
    %assign/vec4 v0x55dd2ed12f20_0, 0;
    %load/vec4 v0x55dd2ed13c50_0;
    %parti/s 16, 0, 2;
    %assign/vec4 v0x55dd2ed131d0_0, 0;
    %jmp T_9.13;
T_9.12 ;
    %load/vec4 v0x55dd2ed13910_0;
    %parti/s 1, 17, 6;
    %cmpi/e 1, 0, 1;
    %jmp/0xz  T_9.14, 4;
    %load/vec4 v0x55dd2ed13910_0;
    %parti/s 1, 16, 6;
    %cmpi/e 1, 0, 1;
    %jmp/0xz  T_9.16, 4;
    %pushi/vec4 1, 0, 1;
    %assign/vec4 v0x55dd2ed142f0_0, 0;
    %pushi/vec4 1, 0, 1;
    %assign/vec4 v0x55dd2ed14570_0, 0;
    %load/vec4 v0x55dd2ed13910_0;
    %parti/s 9, 2, 3;
    %assign/vec4 v0x55dd2ed14210_0, 0;
    %load/vec4 v0x55dd2ed13c50_0;
    %assign/vec4 v0x55dd2ed14490_0, 0;
    %jmp T_9.17;
T_9.16 ;
    %pushi/vec4 1, 0, 1;
    %assign/vec4 v0x55dd2ed13ed0_0, 0;
    %pushi/vec4 1, 0, 1;
    %assign/vec4 v0x55dd2ed14150_0, 0;
    %load/vec4 v0x55dd2ed13910_0;
    %parti/s 8, 2, 3;
    %assign/vec4 v0x55dd2ed13df0_0, 0;
    %load/vec4 v0x55dd2ed13c50_0;
    %parti/s 16, 0, 2;
    %assign/vec4 v0x55dd2ed14070_0, 0;
T_9.17 ;
    %jmp T_9.15;
T_9.14 ;
    %pushi/vec4 1, 0, 1;
    %assign/vec4 v0x55dd2ed13450_0, 0;
    %pushi/vec4 1, 0, 1;
    %assign/vec4 v0x55dd2ed136d0_0, 0;
    %load/vec4 v0x55dd2ed13910_0;
    %parti/s 10, 0, 2;
    %assign/vec4 v0x55dd2ed13370_0, 0;
    %load/vec4 v0x55dd2ed13c50_0;
    %assign/vec4 v0x55dd2ed135f0_0, 0;
T_9.15 ;
T_9.13 ;
    %pushi/vec4 1, 0, 1;
    %assign/vec4 v0x55dd2ed13850_0, 0;
    %pushi/vec4 3, 0, 3;
    %assign/vec4 v0x55dd2ed12d80_0, 0;
    %jmp T_9.11;
T_9.10 ;
    %load/vec4 v0x55dd2ed13b90_0;
    %pushi/vec4 1, 0, 1;
    %cmp/e;
    %flag_get/vec4 4;
    %load/vec4 v0x55dd2ed13910_0;
    %parti/s 12, 20, 6;
    %pushi/vec4 1027, 0, 12;
    %cmp/e;
    %flag_get/vec4 4;
    %and;
    %flag_set/vec4 8;
    %jmp/0xz  T_9.18, 8;
    %load/vec4 v0x55dd2ed13910_0;
    %parti/s 1, 18, 6;
    %cmpi/e 1, 0, 1;
    %jmp/0xz  T_9.20, 4;
    %pushi/vec4 1, 0, 1;
    %assign/vec4 v0x55dd2ed12fe0_0, 0;
    %load/vec4 v0x55dd2ed13910_0;
    %parti/s 16, 2, 3;
    %assign/vec4 v0x55dd2ed12f20_0, 0;
    %jmp T_9.21;
T_9.20 ;
    %load/vec4 v0x55dd2ed13910_0;
    %parti/s 1, 17, 6;
    %cmpi/e 1, 0, 1;
    %jmp/0xz  T_9.22, 4;
    %load/vec4 v0x55dd2ed13910_0;
    %parti/s 1, 16, 6;
    %cmpi/e 1, 0, 1;
    %jmp/0xz  T_9.24, 4;
    %pushi/vec4 1, 0, 1;
    %assign/vec4 v0x55dd2ed142f0_0, 0;
    %load/vec4 v0x55dd2ed13910_0;
    %parti/s 9, 2, 3;
    %assign/vec4 v0x55dd2ed14210_0, 0;
    %jmp T_9.25;
T_9.24 ;
    %pushi/vec4 1, 0, 1;
    %assign/vec4 v0x55dd2ed13ed0_0, 0;
    %load/vec4 v0x55dd2ed13910_0;
    %parti/s 8, 2, 3;
    %assign/vec4 v0x55dd2ed13df0_0, 0;
T_9.25 ;
    %jmp T_9.23;
T_9.22 ;
    %pushi/vec4 1, 0, 1;
    %assign/vec4 v0x55dd2ed13450_0, 0;
    %load/vec4 v0x55dd2ed13910_0;
    %parti/s 10, 0, 2;
    %assign/vec4 v0x55dd2ed13370_0, 0;
T_9.23 ;
T_9.21 ;
    %pushi/vec4 1, 0, 3;
    %assign/vec4 v0x55dd2ed12d80_0, 0;
T_9.18 ;
T_9.11 ;
    %jmp T_9.9;
T_9.3 ;
    %pushi/vec4 2, 0, 3;
    %assign/vec4 v0x55dd2ed12d80_0, 0;
    %jmp T_9.9;
T_9.4 ;
    %load/vec4 v0x55dd2ed13450_0;
    %load/vec4 v0x55dd2ed13ed0_0;
    %concat/vec4; draw_concat_vec4
    %load/vec4 v0x55dd2ed12fe0_0;
    %concat/vec4; draw_concat_vec4
    %load/vec4 v0x55dd2ed142f0_0;
    %concat/vec4; draw_concat_vec4
    %dup/vec4;
    %pushi/vec4 8, 0, 4;
    %cmp/u;
    %jmp/1 T_9.26, 6;
    %dup/vec4;
    %pushi/vec4 4, 0, 4;
    %cmp/u;
    %jmp/1 T_9.27, 6;
    %dup/vec4;
    %pushi/vec4 2, 0, 4;
    %cmp/u;
    %jmp/1 T_9.28, 6;
    %dup/vec4;
    %pushi/vec4 1, 0, 4;
    %cmp/u;
    %jmp/1 T_9.29, 6;
    %pushi/vec4 3735935610, 0, 32;
    %assign/vec4 v0x55dd2ed13ab0_0, 0;
    %pushi/vec4 1, 0, 1;
    %assign/vec4 v0x55dd2ed13850_0, 0;
    %pushi/vec4 1, 0, 1;
    %assign/vec4 v0x55dd2ed139f0_0, 0;
    %pushi/vec4 3, 0, 3;
    %assign/vec4 v0x55dd2ed12d80_0, 0;
    %jmp T_9.31;
T_9.26 ;
    %load/vec4 v0x55dd2ed13510_0;
    %assign/vec4 v0x55dd2ed13ab0_0, 0;
    %pushi/vec4 1, 0, 1;
    %assign/vec4 v0x55dd2ed13850_0, 0;
    %pushi/vec4 3, 0, 3;
    %assign/vec4 v0x55dd2ed12d80_0, 0;
    %jmp T_9.31;
T_9.27 ;
    %pushi/vec4 0, 0, 16;
    %load/vec4 v0x55dd2ed13f90_0;
    %concat/vec4; draw_concat_vec4
    %assign/vec4 v0x55dd2ed13ab0_0, 0;
    %pushi/vec4 1, 0, 1;
    %assign/vec4 v0x55dd2ed13850_0, 0;
    %pushi/vec4 3, 0, 3;
    %assign/vec4 v0x55dd2ed12d80_0, 0;
    %jmp T_9.31;
T_9.28 ;
    %pushi/vec4 0, 0, 16;
    %load/vec4 v0x55dd2ed130a0_0;
    %concat/vec4; draw_concat_vec4
    %assign/vec4 v0x55dd2ed13ab0_0, 0;
    %pushi/vec4 1, 0, 1;
    %assign/vec4 v0x55dd2ed13850_0, 0;
    %pushi/vec4 3, 0, 3;
    %assign/vec4 v0x55dd2ed12d80_0, 0;
    %jmp T_9.31;
T_9.29 ;
    %load/vec4 v0x55dd2ed143b0_0;
    %assign/vec4 v0x55dd2ed13ab0_0, 0;
    %pushi/vec4 1, 0, 1;
    %assign/vec4 v0x55dd2ed13850_0, 0;
    %pushi/vec4 3, 0, 3;
    %assign/vec4 v0x55dd2ed12d80_0, 0;
    %jmp T_9.31;
T_9.31 ;
    %pop/vec4 1;
    %jmp T_9.9;
T_9.5 ;
    %pushi/vec4 0, 0, 1;
    %assign/vec4 v0x55dd2ed13850_0, 0;
    %pushi/vec4 0, 0, 1;
    %assign/vec4 v0x55dd2ed13450_0, 0;
    %pushi/vec4 0, 0, 1;
    %assign/vec4 v0x55dd2ed136d0_0, 0;
    %pushi/vec4 0, 0, 1;
    %assign/vec4 v0x55dd2ed13ed0_0, 0;
    %pushi/vec4 0, 0, 1;
    %assign/vec4 v0x55dd2ed14150_0, 0;
    %pushi/vec4 0, 0, 1;
    %assign/vec4 v0x55dd2ed12fe0_0, 0;
    %pushi/vec4 0, 0, 1;
    %assign/vec4 v0x55dd2ed132b0_0, 0;
    %pushi/vec4 0, 0, 1;
    %assign/vec4 v0x55dd2ed142f0_0, 0;
    %pushi/vec4 0, 0, 1;
    %assign/vec4 v0x55dd2ed14570_0, 0;
    %pushi/vec4 4, 0, 3;
    %assign/vec4 v0x55dd2ed12d80_0, 0;
    %jmp T_9.9;
T_9.6 ;
    %load/vec4 v0x55dd2ed13d30_0;
    %pushi/vec4 0, 0, 1;
    %cmp/e;
    %flag_get/vec4 4;
    %load/vec4 v0x55dd2ed13b90_0;
    %pushi/vec4 0, 0, 1;
    %cmp/e;
    %flag_get/vec4 4;
    %and;
    %flag_set/vec4 8;
    %jmp/0xz  T_9.32, 8;
    %pushi/vec4 0, 0, 1;
    %assign/vec4 v0x55dd2ed13850_0, 0;
    %pushi/vec4 0, 0, 3;
    %assign/vec4 v0x55dd2ed12d80_0, 0;
T_9.32 ;
    %pushi/vec4 5, 0, 3;
    %assign/vec4 v0x55dd2ed12d80_0, 0;
    %jmp T_9.9;
T_9.7 ;
    %pushi/vec4 0, 0, 1;
    %assign/vec4 v0x55dd2ed13450_0, 0;
    %pushi/vec4 0, 0, 1;
    %assign/vec4 v0x55dd2ed136d0_0, 0;
    %pushi/vec4 0, 0, 1;
    %assign/vec4 v0x55dd2ed13ed0_0, 0;
    %pushi/vec4 0, 0, 1;
    %assign/vec4 v0x55dd2ed14150_0, 0;
    %pushi/vec4 0, 0, 1;
    %assign/vec4 v0x55dd2ed12fe0_0, 0;
    %pushi/vec4 0, 0, 1;
    %assign/vec4 v0x55dd2ed132b0_0, 0;
    %pushi/vec4 0, 0, 1;
    %assign/vec4 v0x55dd2ed142f0_0, 0;
    %pushi/vec4 0, 0, 1;
    %assign/vec4 v0x55dd2ed14570_0, 0;
    %pushi/vec4 0, 0, 3;
    %assign/vec4 v0x55dd2ed12d80_0, 0;
    %jmp T_9.9;
T_9.9 ;
    %pop/vec4 1;
T_9.1 ;
    %jmp T_9;
    .thread T_9;
    .scope S_0x55dd2ed29680;
T_10 ;
    %wait E_0x55dd2ecfcd80;
    %load/vec4 v0x55dd2ed2a660_0;
    %cmpi/e 1, 0, 1;
    %jmp/0xz  T_10.0, 4;
    %pushi/vec4 0, 0, 9;
    %assign/vec4 v0x55dd2ed2a430_0, 0;
    %pushi/vec4 0, 0, 1;
    %assign/vec4 v0x55dd2ed2a360_0, 0;
    %pushi/vec4 0, 0, 1;
    %assign/vec4 v0x55dd2ed29ed0_0, 0;
    %jmp T_10.1;
T_10.0 ;
    %pushi/vec4 0, 0, 1;
    %assign/vec4 v0x55dd2ed2a360_0, 0;
    %pushi/vec4 0, 0, 1;
    %assign/vec4 v0x55dd2ed29ed0_0, 0;
    %load/vec4 v0x55dd2ed29fd0_0;
    %cmpi/e 1, 0, 1;
    %jmp/0xz  T_10.2, 4;
    %load/vec4 v0x55dd2ed2a7d0_0;
    %cmpi/e 1, 0, 1;
    %jmp/0xz  T_10.4, 4;
    %load/vec4 v0x55dd2ed29d20_0;
    %dup/vec4;
    %pushi/vec4 4, 0, 10;
    %cmp/u;
    %jmp/1 T_10.6, 6;
    %dup/vec4;
    %pushi/vec4 12, 0, 10;
    %cmp/u;
    %jmp/1 T_10.7, 6;
    %jmp T_10.9;
T_10.6 ;
    %load/vec4 v0x55dd2ed2a700_0;
    %parti/s 1, 0, 2;
    %assign/vec4 v0x55dd2ed2a360_0, 0;
    %jmp T_10.9;
T_10.7 ;
    %load/vec4 v0x55dd2ed2a700_0;
    %parti/s 9, 0, 2;
    %assign/vec4 v0x55dd2ed2a430_0, 0;
    %jmp T_10.9;
T_10.9 ;
    %pop/vec4 1;
    %jmp T_10.5;
T_10.4 ;
    %load/vec4 v0x55dd2ed29d20_0;
    %dup/vec4;
    %pushi/vec4 0, 0, 10;
    %cmp/u;
    %jmp/1 T_10.10, 6;
    %dup/vec4;
    %pushi/vec4 4, 0, 10;
    %cmp/u;
    %jmp/1 T_10.11, 6;
    %dup/vec4;
    %pushi/vec4 8, 0, 10;
    %cmp/u;
    %jmp/1 T_10.12, 6;
    %dup/vec4;
    %pushi/vec4 12, 0, 10;
    %cmp/u;
    %jmp/1 T_10.13, 6;
    %dup/vec4;
    %pushi/vec4 16, 0, 10;
    %cmp/u;
    %jmp/1 T_10.14, 6;
    %pushi/vec4 3735928559, 0, 32;
    %assign/vec4 v0x55dd2ed2a590_0, 0;
    %jmp T_10.16;
T_10.10 ;
    %pushi/vec4 2206113793, 0, 32;
    %assign/vec4 v0x55dd2ed2a590_0, 0;
    %jmp T_10.16;
T_10.11 ;
    %pushi/vec4 0, 0, 31;
    %load/vec4 v0x55dd2ed2a360_0;
    %concat/vec4; draw_concat_vec4
    %assign/vec4 v0x55dd2ed2a590_0, 0;
    %jmp T_10.16;
T_10.12 ;
    %pushi/vec4 0, 0, 31;
    %load/vec4 v0x55dd2ed2a2c0_0;
    %concat/vec4; draw_concat_vec4
    %assign/vec4 v0x55dd2ed2a590_0, 0;
    %jmp T_10.16;
T_10.13 ;
    %pushi/vec4 0, 0, 23;
    %load/vec4 v0x55dd2ed2a430_0;
    %concat/vec4; draw_concat_vec4
    %assign/vec4 v0x55dd2ed2a590_0, 0;
    %jmp T_10.16;
T_10.14 ;
    %load/vec4 v0x55dd2ed29e00_0;
    %assign/vec4 v0x55dd2ed2a590_0, 0;
    %pushi/vec4 1, 0, 1;
    %assign/vec4 v0x55dd2ed29ed0_0, 0;
    %jmp T_10.16;
T_10.16 ;
    %pop/vec4 1;
T_10.5 ;
T_10.2 ;
T_10.1 ;
    %jmp T_10;
    .thread T_10;
    .scope S_0x55dd2ed2a9a0;
T_11 ;
    %wait E_0x55dd2ecfcd80;
    %fork t_1, S_0x55dd2ed2ad50;
    %jmp t_0;
    .scope S_0x55dd2ed2ad50;
t_1 ;
    %load/vec4 v0x55dd2ed2b410_0;
    %cmpi/e 1, 0, 1;
    %jmp/0xz  T_11.0, 4;
    %load/vec4 v0x55dd2ed2ba50_0;
    %cmpi/e 1, 0, 1;
    %jmp/0xz  T_11.2, 4;
    %load/vec4 v0x55dd2ed2b8e0_0;
    %load/vec4 v0x55dd2ed2b230_0;
    %pad/u 10;
    %ix/vec4 3;
    %ix/load 4, 0, 0; Constant delay
    %assign/vec4/a/d v0x55dd2ed2b6d0, 0, 4;
T_11.2 ;
T_11.0 ;
    %load/vec4 v0x55dd2ed2b230_0;
    %pad/u 10;
    %ix/vec4 4;
    %load/vec4a v0x55dd2ed2b6d0, 4;
    %assign/vec4 v0x55dd2ed2b770_0, 0;
    %end;
    .scope S_0x55dd2ed2a9a0;
t_0 %join;
    %jmp T_11;
    .thread T_11;
    .scope S_0x55dd2ed2a9a0;
T_12 ;
    %wait E_0x55dd2ecfcd80;
    %fork t_3, S_0x55dd2ed2af50;
    %jmp t_2;
    .scope S_0x55dd2ed2af50;
t_3 ;
    %load/vec4 v0x55dd2ed2b510_0;
    %cmpi/e 1, 0, 1;
    %jmp/0xz  T_12.0, 4;
    %load/vec4 v0x55dd2ed2bb20_0;
    %cmpi/e 1, 0, 1;
    %jmp/0xz  T_12.2, 4;
    %pushi/vec4 0, 0, 32;
    %store/vec4 v0x55dd2ed2b150_0, 0, 32;
T_12.4 ;
    %load/vec4 v0x55dd2ed2b150_0;
    %cmpi/s 32, 0, 32;
    %jmp/0xz T_12.5, 5;
    %load/vec4 v0x55dd2ed2b9b0_0;
    %load/vec4 v0x55dd2ed2b150_0;
    %addi 1, 0, 32;
    %muli 16, 0, 32;
    %subi 1, 0, 32;
    %pad/s 34;
    %subi 15, 0, 34;
    %part/s 16;
    %load/vec4 v0x55dd2ed2b340_0;
    %load/vec4 v0x55dd2ed2b150_0;
    %parti/s 5, 0, 2;
    %concat/vec4; draw_concat_vec4
    %pad/u 10;
    %ix/vec4 3;
    %ix/load 4, 0, 0; Constant delay
    %assign/vec4/a/d v0x55dd2ed2b6d0, 0, 4;
    %load/vec4 v0x55dd2ed2b150_0;
    %addi 1, 0, 32;
    %store/vec4 v0x55dd2ed2b150_0, 0, 32;
    %jmp T_12.4;
T_12.5 ;
T_12.2 ;
T_12.0 ;
    %pushi/vec4 0, 0, 32;
    %store/vec4 v0x55dd2ed2b150_0, 0, 32;
T_12.6 ;
    %load/vec4 v0x55dd2ed2b150_0;
    %cmpi/s 32, 0, 32;
    %jmp/0xz T_12.7, 5;
    %load/vec4 v0x55dd2ed2b340_0;
    %load/vec4 v0x55dd2ed2b150_0;
    %parti/s 5, 0, 2;
    %concat/vec4; draw_concat_vec4
    %pad/u 10;
    %ix/vec4 4;
    %load/vec4a v0x55dd2ed2b6d0, 4;
    %ix/load 5, 0, 0;
    %load/vec4 v0x55dd2ed2b150_0;
    %addi 1, 0, 32;
    %muli 16, 0, 32;
    %subi 1, 0, 32;
    %pad/s 34;
    %subi 15, 0, 34;
    %ix/vec4/s 4;
    %assign/vec4/off/d v0x55dd2ed2b810_0, 4, 5;
    %load/vec4 v0x55dd2ed2b150_0;
    %addi 1, 0, 32;
    %store/vec4 v0x55dd2ed2b150_0, 0, 32;
    %jmp T_12.6;
T_12.7 ;
    %end;
    .scope S_0x55dd2ed2a9a0;
t_2 %join;
    %jmp T_12;
    .thread T_12;
    .scope S_0x55dd2ed18480;
T_13 ;
    %wait E_0x55dd2ecfcd80;
    %fork t_5, S_0x55dd2ed18700;
    %jmp t_4;
    .scope S_0x55dd2ed18700;
t_5 ;
    %load/vec4 v0x55dd2ed18d60_0;
    %cmpi/e 1, 0, 1;
    %jmp/0xz  T_13.0, 4;
    %load/vec4 v0x55dd2ed293b0_0;
    %cmpi/e 1, 0, 1;
    %jmp/0xz  T_13.2, 4;
    %load/vec4 v0x55dd2ed29240_0;
    %load/vec4 v0x55dd2ed18be0_0;
    %pad/u 18;
    %ix/vec4 3;
    %ix/load 4, 0, 0; Constant delay
    %assign/vec4/a/d v0x55dd2ed19020, 0, 4;
T_13.2 ;
T_13.0 ;
    %load/vec4 v0x55dd2ed18be0_0;
    %pad/u 18;
    %ix/vec4 4;
    %load/vec4a v0x55dd2ed19020, 4;
    %assign/vec4 v0x55dd2ed290d0_0, 0;
    %end;
    .scope S_0x55dd2ed18480;
t_4 %join;
    %jmp T_13;
    .thread T_13;
    .scope S_0x55dd2ed18480;
T_14 ;
    %wait E_0x55dd2ecfcd80;
    %fork t_7, S_0x55dd2ed18900;
    %jmp t_6;
    .scope S_0x55dd2ed18900;
t_7 ;
    %load/vec4 v0x55dd2ed18e60_0;
    %cmpi/e 1, 0, 1;
    %jmp/0xz  T_14.0, 4;
    %load/vec4 v0x55dd2ed29480_0;
    %cmpi/e 1, 0, 1;
    %jmp/0xz  T_14.2, 4;
    %pushi/vec4 0, 0, 32;
    %store/vec4 v0x55dd2ed18b00_0, 0, 32;
T_14.4 ;
    %load/vec4 v0x55dd2ed18b00_0;
    %cmpi/s 32, 0, 32;
    %jmp/0xz T_14.5, 5;
    %load/vec4 v0x55dd2ed29310_0;
    %load/vec4 v0x55dd2ed18b00_0;
    %addi 1, 0, 32;
    %muli 16, 0, 32;
    %subi 1, 0, 32;
    %pad/s 34;
    %subi 15, 0, 34;
    %part/s 16;
    %load/vec4 v0x55dd2ed18cc0_0;
    %load/vec4 v0x55dd2ed18b00_0;
    %parti/s 5, 0, 2;
    %concat/vec4; draw_concat_vec4
    %pad/u 18;
    %ix/vec4 3;
    %ix/load 4, 0, 0; Constant delay
    %assign/vec4/a/d v0x55dd2ed19020, 0, 4;
    %load/vec4 v0x55dd2ed18b00_0;
    %addi 1, 0, 32;
    %store/vec4 v0x55dd2ed18b00_0, 0, 32;
    %jmp T_14.4;
T_14.5 ;
T_14.2 ;
T_14.0 ;
    %pushi/vec4 0, 0, 32;
    %store/vec4 v0x55dd2ed18b00_0, 0, 32;
T_14.6 ;
    %load/vec4 v0x55dd2ed18b00_0;
    %cmpi/s 32, 0, 32;
    %jmp/0xz T_14.7, 5;
    %load/vec4 v0x55dd2ed18cc0_0;
    %load/vec4 v0x55dd2ed18b00_0;
    %parti/s 5, 0, 2;
    %concat/vec4; draw_concat_vec4
    %pad/u 18;
    %ix/vec4 4;
    %load/vec4a v0x55dd2ed19020, 4;
    %ix/load 5, 0, 0;
    %load/vec4 v0x55dd2ed18b00_0;
    %addi 1, 0, 32;
    %muli 16, 0, 32;
    %subi 1, 0, 32;
    %pad/s 34;
    %subi 15, 0, 34;
    %ix/vec4/s 4;
    %assign/vec4/off/d v0x55dd2ed29170_0, 4, 5;
    %load/vec4 v0x55dd2ed18b00_0;
    %addi 1, 0, 32;
    %store/vec4 v0x55dd2ed18b00_0, 0, 32;
    %jmp T_14.6;
T_14.7 ;
    %end;
    .scope S_0x55dd2ed18480;
t_6 %join;
    %jmp T_14;
    .thread T_14;
    .scope S_0x55dd2ed2bd80;
T_15 ;
    %wait E_0x55dd2ecfcd80;
    %fork t_9, S_0x55dd2ed2c010;
    %jmp t_8;
    .scope S_0x55dd2ed2c010;
t_9 ;
    %load/vec4 v0x55dd2ed2d310_0;
    %cmpi/e 1, 0, 1;
    %jmp/0xz  T_15.0, 4;
    %load/vec4 v0x55dd2ed2dcc0_0;
    %cmpi/e 1, 0, 1;
    %jmp/0xz  T_15.2, 4;
    %load/vec4 v0x55dd2ed2db00_0;
    %load/vec4 v0x55dd2ed2cf20_0;
    %pad/u 10;
    %ix/vec4 3;
    %ix/load 4, 0, 0; Constant delay
    %assign/vec4/a/d v0x55dd2ed2d5c0, 0, 4;
T_15.2 ;
T_15.0 ;
    %load/vec4 v0x55dd2ed2cf20_0;
    %pad/u 10;
    %ix/vec4 4;
    %load/vec4a v0x55dd2ed2d5c0, 4;
    %assign/vec4 v0x55dd2ed2d960_0, 0;
    %end;
    .scope S_0x55dd2ed2bd80;
t_8 %join;
    %jmp T_15;
    .thread T_15;
    .scope S_0x55dd2ed2bd80;
T_16 ;
    %wait E_0x55dd2ecfcd80;
    %fork t_11, S_0x55dd2ed2c410;
    %jmp t_10;
    .scope S_0x55dd2ed2c410;
t_11 ;
    %load/vec4 v0x55dd2ed2d450_0;
    %cmpi/e 1, 0, 1;
    %jmp/0xz  T_16.0, 4;
    %load/vec4 v0x55dd2ed2dd90_0;
    %cmpi/e 1, 0, 1;
    %jmp/0xz  T_16.2, 4;
    %load/vec4 v0x55dd2ed2dbf0_0;
    %parti/s 32, 0, 2;
    %load/vec4 v0x55dd2ed2d150_0;
    %pad/u 10;
    %ix/vec4 3;
    %ix/load 4, 0, 0; Constant delay
    %assign/vec4/a/d v0x55dd2ed2d5c0, 0, 4;
T_16.2 ;
T_16.0 ;
    %end;
    .scope S_0x55dd2ed2bd80;
t_10 %join;
    %jmp T_16;
    .thread T_16;
    .scope S_0x55dd2ed2bd80;
T_17 ;
    %wait E_0x55dd2ecfcd80;
    %fork t_13, S_0x55dd2ed2c210;
    %jmp t_12;
    .scope S_0x55dd2ed2c210;
t_13 ;
    %load/vec4 v0x55dd2ed2d3b0_0;
    %cmpi/e 1, 0, 1;
    %jmp/0xz  T_17.0, 4;
    %load/vec4 v0x55dd2ed2dcc0_0;
    %cmpi/e 1, 0, 1;
    %jmp/0xz  T_17.2, 4;
    %load/vec4 v0x55dd2ed2db00_0;
    %parti/s 8, 0, 2;
    %load/vec4 v0x55dd2ed2d070_0;
    %pad/u 10;
    %ix/vec4 3;
    %ix/load 4, 0, 0; Constant delay
    %assign/vec4/a/d v0x55dd2ed2d790, 0, 4;
T_17.2 ;
T_17.0 ;
    %load/vec4 v0x55dd2ed2d070_0;
    %pad/u 10;
    %ix/vec4 4;
    %load/vec4a v0x55dd2ed2d790, 4;
    %assign/vec4 v0x55dd2ed2da20_0, 0;
    %end;
    .scope S_0x55dd2ed2bd80;
t_12 %join;
    %jmp T_17;
    .thread T_17;
    .scope S_0x55dd2ed2bd80;
T_18 ;
    %wait E_0x55dd2ecfcd80;
    %fork t_15, S_0x55dd2ed2c620;
    %jmp t_14;
    .scope S_0x55dd2ed2c620;
t_15 ;
    %load/vec4 v0x55dd2ed2d450_0;
    %cmpi/e 1, 0, 1;
    %jmp/0xz  T_18.0, 4;
    %load/vec4 v0x55dd2ed2dd90_0;
    %cmpi/e 1, 0, 1;
    %jmp/0xz  T_18.2, 4;
    %load/vec4 v0x55dd2ed2dbf0_0;
    %parti/s 8, 32, 7;
    %load/vec4 v0x55dd2ed2d150_0;
    %pad/u 10;
    %ix/vec4 3;
    %ix/load 4, 0, 0; Constant delay
    %assign/vec4/a/d v0x55dd2ed2d790, 0, 4;
T_18.2 ;
T_18.0 ;
    %end;
    .scope S_0x55dd2ed2bd80;
t_14 %join;
    %jmp T_18;
    .thread T_18;
    .scope S_0x55dd2ed16040;
T_19 ;
    %wait E_0x55dd2ecfcd80;
    %load/vec4 v0x55dd2ed165c0_0;
    %assign/vec4 v0x55dd2ed17010_0, 0;
    %load/vec4 v0x55dd2ed164c0_0;
    %assign/vec4 v0x55dd2ed16910_0, 0;
    %load/vec4 v0x55dd2ed179c0_0;
    %assign/vec4 v0x55dd2ed17aa0_0, 0;
    %load/vec4 v0x55dd2ed16e50_0;
    %assign/vec4 v0x55dd2ed16f30_0, 0;
    %jmp T_19;
    .thread T_19;
    .scope S_0x55dd2ed16040;
T_20 ;
    %wait E_0x55dd2ecfcd80;
    %load/vec4 v0x55dd2ed17b80_0;
    %cmpi/e 1, 0, 1;
    %jmp/0xz  T_20.0, 4;
    %pushi/vec4 0, 0, 1;
    %assign/vec4 v0x55dd2ed171e0_0, 0;
    %pushi/vec4 0, 0, 1;
    %assign/vec4 v0x55dd2ed169d0_0, 0;
    %jmp T_20.1;
T_20.0 ;
    %load/vec4 v0x55dd2ed17010_0;
    %assign/vec4 v0x55dd2ed171e0_0, 0;
    %load/vec4 v0x55dd2ed16910_0;
    %assign/vec4 v0x55dd2ed169d0_0, 0;
    %pushi/vec4 0, 0, 32;
    %store/vec4 v0x55dd2ed17660_0, 0, 32;
T_20.2 ;
    %load/vec4 v0x55dd2ed17660_0;
    %cmpi/s 32, 0, 32;
    %jmp/0xz T_20.3, 5;
    %load/vec4 v0x55dd2ed17aa0_0;
    %load/vec4 v0x55dd2ed17660_0;
    %muli 16, 0, 32;
    %addi 15, 0, 32;
    %pad/s 34;
    %subi 15, 0, 34;
    %part/s 16;
    %pad/s 32;
    %load/vec4 v0x55dd2ed16f30_0;
    %load/vec4 v0x55dd2ed17660_0;
    %muli 16, 0, 32;
    %addi 15, 0, 32;
    %pad/s 34;
    %subi 15, 0, 34;
    %part/s 16;
    %pad/s 32;
    %mul;
    %ix/getv/s 3, v0x55dd2ed17660_0;
    %ix/load 4, 0, 0; Constant delay
    %assign/vec4/a/d v0x55dd2ed17740, 0, 4;
    %load/vec4 v0x55dd2ed17660_0;
    %addi 1, 0, 32;
    %store/vec4 v0x55dd2ed17660_0, 0, 32;
    %jmp T_20.2;
T_20.3 ;
T_20.1 ;
    %jmp T_20;
    .thread T_20;
    .scope S_0x55dd2ed16040;
T_21 ;
    %wait E_0x55dd2ecfcd80;
    %load/vec4 v0x55dd2ed17b80_0;
    %cmpi/e 1, 0, 1;
    %jmp/0xz  T_21.0, 4;
    %pushi/vec4 0, 0, 1;
    %assign/vec4 v0x55dd2ed172a0_0, 0;
    %pushi/vec4 0, 0, 1;
    %assign/vec4 v0x55dd2ed16a90_0, 0;
    %jmp T_21.1;
T_21.0 ;
    %load/vec4 v0x55dd2ed171e0_0;
    %assign/vec4 v0x55dd2ed172a0_0, 0;
    %load/vec4 v0x55dd2ed169d0_0;
    %assign/vec4 v0x55dd2ed16a90_0, 0;
    %pushi/vec4 0, 0, 32;
    %store/vec4 v0x55dd2ed17660_0, 0, 32;
T_21.2 ;
    %load/vec4 v0x55dd2ed17660_0;
    %cmpi/s 16, 0, 32;
    %jmp/0xz T_21.3, 5;
    %load/vec4 v0x55dd2ed17660_0;
    %pad/s 64;
    %muli 2, 0, 64;
    %ix/vec4/s 4;
    %load/vec4a v0x55dd2ed17740, 4;
    %pad/s 33;
    %load/vec4 v0x55dd2ed17660_0;
    %pad/s 65;
    %muli 2, 0, 65;
    %addi 1, 0, 65;
    %ix/vec4/s 4;
    %load/vec4a v0x55dd2ed17740, 4;
    %pad/s 33;
    %add;
    %ix/getv/s 3, v0x55dd2ed17660_0;
    %ix/load 4, 0, 0; Constant delay
    %assign/vec4/a/d v0x55dd2ed17c20, 0, 4;
    %load/vec4 v0x55dd2ed17660_0;
    %addi 1, 0, 32;
    %store/vec4 v0x55dd2ed17660_0, 0, 32;
    %jmp T_21.2;
T_21.3 ;
T_21.1 ;
    %jmp T_21;
    .thread T_21;
    .scope S_0x55dd2ed16040;
T_22 ;
    %wait E_0x55dd2ecfcd80;
    %load/vec4 v0x55dd2ed17b80_0;
    %cmpi/e 1, 0, 1;
    %jmp/0xz  T_22.0, 4;
    %pushi/vec4 0, 0, 1;
    %assign/vec4 v0x55dd2ed17360_0, 0;
    %pushi/vec4 0, 0, 1;
    %assign/vec4 v0x55dd2ed16b50_0, 0;
    %jmp T_22.1;
T_22.0 ;
    %load/vec4 v0x55dd2ed172a0_0;
    %assign/vec4 v0x55dd2ed17360_0, 0;
    %load/vec4 v0x55dd2ed16a90_0;
    %assign/vec4 v0x55dd2ed16b50_0, 0;
    %pushi/vec4 0, 0, 32;
    %store/vec4 v0x55dd2ed17660_0, 0, 32;
T_22.2 ;
    %load/vec4 v0x55dd2ed17660_0;
    %cmpi/s 8, 0, 32;
    %jmp/0xz T_22.3, 5;
    %load/vec4 v0x55dd2ed17660_0;
    %pad/s 64;
    %muli 2, 0, 64;
    %ix/vec4/s 4;
    %load/vec4a v0x55dd2ed17c20, 4;
    %pad/s 34;
    %load/vec4 v0x55dd2ed17660_0;
    %pad/s 65;
    %muli 2, 0, 65;
    %addi 1, 0, 65;
    %ix/vec4/s 4;
    %load/vec4a v0x55dd2ed17c20, 4;
    %pad/s 34;
    %add;
    %ix/getv/s 3, v0x55dd2ed17660_0;
    %ix/load 4, 0, 0; Constant delay
    %assign/vec4/a/d v0x55dd2ed17ce0, 0, 4;
    %load/vec4 v0x55dd2ed17660_0;
    %addi 1, 0, 32;
    %store/vec4 v0x55dd2ed17660_0, 0, 32;
    %jmp T_22.2;
T_22.3 ;
T_22.1 ;
    %jmp T_22;
    .thread T_22;
    .scope S_0x55dd2ed16040;
T_23 ;
    %wait E_0x55dd2ecfcd80;
    %load/vec4 v0x55dd2ed17b80_0;
    %cmpi/e 1, 0, 1;
    %jmp/0xz  T_23.0, 4;
    %pushi/vec4 0, 0, 1;
    %assign/vec4 v0x55dd2ed17420_0, 0;
    %pushi/vec4 0, 0, 1;
    %assign/vec4 v0x55dd2ed16c10_0, 0;
    %jmp T_23.1;
T_23.0 ;
    %load/vec4 v0x55dd2ed17360_0;
    %assign/vec4 v0x55dd2ed17420_0, 0;
    %load/vec4 v0x55dd2ed16b50_0;
    %assign/vec4 v0x55dd2ed16c10_0, 0;
    %pushi/vec4 0, 0, 32;
    %store/vec4 v0x55dd2ed17660_0, 0, 32;
T_23.2 ;
    %load/vec4 v0x55dd2ed17660_0;
    %cmpi/s 4, 0, 32;
    %jmp/0xz T_23.3, 5;
    %load/vec4 v0x55dd2ed17660_0;
    %pad/s 64;
    %muli 2, 0, 64;
    %ix/vec4/s 4;
    %load/vec4a v0x55dd2ed17ce0, 4;
    %pad/s 35;
    %load/vec4 v0x55dd2ed17660_0;
    %pad/s 65;
    %muli 2, 0, 65;
    %addi 1, 0, 65;
    %ix/vec4/s 4;
    %load/vec4a v0x55dd2ed17ce0, 4;
    %pad/s 35;
    %add;
    %ix/getv/s 3, v0x55dd2ed17660_0;
    %ix/load 4, 0, 0; Constant delay
    %assign/vec4/a/d v0x55dd2ed17da0, 0, 4;
    %load/vec4 v0x55dd2ed17660_0;
    %addi 1, 0, 32;
    %store/vec4 v0x55dd2ed17660_0, 0, 32;
    %jmp T_23.2;
T_23.3 ;
T_23.1 ;
    %jmp T_23;
    .thread T_23;
    .scope S_0x55dd2ed16040;
T_24 ;
    %wait E_0x55dd2ecfcd80;
    %load/vec4 v0x55dd2ed17b80_0;
    %cmpi/e 1, 0, 1;
    %jmp/0xz  T_24.0, 4;
    %pushi/vec4 0, 0, 1;
    %assign/vec4 v0x55dd2ed174e0_0, 0;
    %pushi/vec4 0, 0, 1;
    %assign/vec4 v0x55dd2ed16cd0_0, 0;
    %jmp T_24.1;
T_24.0 ;
    %load/vec4 v0x55dd2ed17420_0;
    %assign/vec4 v0x55dd2ed174e0_0, 0;
    %load/vec4 v0x55dd2ed16c10_0;
    %assign/vec4 v0x55dd2ed16cd0_0, 0;
    %pushi/vec4 0, 0, 32;
    %store/vec4 v0x55dd2ed17660_0, 0, 32;
T_24.2 ;
    %load/vec4 v0x55dd2ed17660_0;
    %cmpi/s 2, 0, 32;
    %jmp/0xz T_24.3, 5;
    %load/vec4 v0x55dd2ed17660_0;
    %pad/s 64;
    %muli 2, 0, 64;
    %ix/vec4/s 4;
    %load/vec4a v0x55dd2ed17da0, 4;
    %pad/s 36;
    %load/vec4 v0x55dd2ed17660_0;
    %pad/s 65;
    %muli 2, 0, 65;
    %addi 1, 0, 65;
    %ix/vec4/s 4;
    %load/vec4a v0x55dd2ed17da0, 4;
    %pad/s 36;
    %add;
    %ix/getv/s 3, v0x55dd2ed17660_0;
    %ix/load 4, 0, 0; Constant delay
    %assign/vec4/a/d v0x55dd2ed17e60, 0, 4;
    %load/vec4 v0x55dd2ed17660_0;
    %addi 1, 0, 32;
    %store/vec4 v0x55dd2ed17660_0, 0, 32;
    %jmp T_24.2;
T_24.3 ;
T_24.1 ;
    %jmp T_24;
    .thread T_24;
    .scope S_0x55dd2ed16040;
T_25 ;
    %wait E_0x55dd2ecfcd80;
    %load/vec4 v0x55dd2ed17b80_0;
    %cmpi/e 1, 0, 1;
    %jmp/0xz  T_25.0, 4;
    %pushi/vec4 0, 0, 1;
    %assign/vec4 v0x55dd2ed175a0_0, 0;
    %pushi/vec4 0, 0, 1;
    %assign/vec4 v0x55dd2ed16d90_0, 0;
    %jmp T_25.1;
T_25.0 ;
    %load/vec4 v0x55dd2ed174e0_0;
    %assign/vec4 v0x55dd2ed175a0_0, 0;
    %load/vec4 v0x55dd2ed16cd0_0;
    %assign/vec4 v0x55dd2ed16d90_0, 0;
    %ix/load 4, 0, 0;
    %flag_set/imm 4, 0;
    %load/vec4a v0x55dd2ed17e60, 4;
    %pad/s 37;
    %ix/load 4, 1, 0;
    %flag_set/imm 4, 0;
    %load/vec4a v0x55dd2ed17e60, 4;
    %pad/s 37;
    %add;
    %assign/vec4 v0x55dd2ed17f20_0, 0;
T_25.1 ;
    %jmp T_25;
    .thread T_25;
    .scope S_0x55dd2ed16040;
T_26 ;
    %wait E_0x55dd2ecfcd80;
    %load/vec4 v0x55dd2ed17b80_0;
    %cmpi/e 1, 0, 1;
    %jmp/0xz  T_26.0, 4;
    %pushi/vec4 0, 0, 40;
    %assign/vec4 v0x55dd2ed16690_0, 0;
    %pushi/vec4 0, 0, 1;
    %assign/vec4 v0x55dd2ed16780_0, 0;
    %jmp T_26.1;
T_26.0 ;
    %load/vec4 v0x55dd2ed175a0_0;
    %assign/vec4 v0x55dd2ed16780_0, 0;
    %load/vec4 v0x55dd2ed175a0_0;
    %cmpi/e 1, 0, 1;
    %jmp/0xz  T_26.2, 4;
    %load/vec4 v0x55dd2ed16d90_0;
    %cmpi/e 1, 0, 1;
    %jmp/0xz  T_26.4, 4;
    %load/vec4 v0x55dd2ed17800_0;
    %assign/vec4 v0x55dd2ed16690_0, 0;
    %jmp T_26.5;
T_26.4 ;
    %load/vec4 v0x55dd2ed16690_0;
    %load/vec4 v0x55dd2ed17800_0;
    %add;
    %assign/vec4 v0x55dd2ed16690_0, 0;
T_26.5 ;
T_26.2 ;
T_26.1 ;
    %jmp T_26;
    .thread T_26;
    .scope S_0x55dd2ed16040;
T_27 ;
    %wait E_0x55dd2ecfcd80;
    %load/vec4 v0x55dd2ed17b80_0;
    %cmpi/e 1, 0, 1;
    %jmp/0xz  T_27.0, 4;
    %pushi/vec4 255, 0, 8;
    %assign/vec4 v0x55dd2ed178e0_0, 0;
    %jmp T_27.1;
T_27.0 ;
    %load/vec4 v0x55dd2ed175a0_0;
    %cmpi/e 1, 0, 1;
    %jmp/0xz  T_27.2, 4;
    %load/vec4 v0x55dd2ed16d90_0;
    %cmpi/e 1, 0, 1;
    %jmp/0xz  T_27.4, 4;
    %load/vec4 v0x55dd2ed178e0_0;
    %addi 1, 0, 8;
    %assign/vec4 v0x55dd2ed178e0_0, 0;
T_27.4 ;
    %jmp T_27.3;
T_27.2 ;
    %pushi/vec4 255, 0, 8;
    %assign/vec4 v0x55dd2ed178e0_0, 0;
T_27.3 ;
T_27.1 ;
    %jmp T_27;
    .thread T_27;
    .scope S_0x55dd2ed149d0;
T_28 ;
    %wait E_0x55dd2ecfcd80;
    %load/vec4 v0x55dd2ed15d40_0;
    %cmpi/e 1, 0, 1;
    %jmp/0xz  T_28.0, 4;
    %pushi/vec4 0, 0, 3;
    %assign/vec4 v0x55dd2ed15630_0, 0;
    %pushi/vec4 1, 0, 1;
    %assign/vec4 v0x55dd2ed154b0_0, 0;
    %pushi/vec4 0, 0, 1;
    %assign/vec4 v0x55dd2ed15330_0, 0;
    %pushi/vec4 0, 0, 1;
    %assign/vec4 v0x55dd2ed15a90_0, 0;
    %pushi/vec4 0, 0, 1;
    %assign/vec4 v0x55dd2ed14f40_0, 0;
    %pushi/vec4 0, 0, 1;
    %assign/vec4 v0x55dd2ed14e80_0, 0;
    %pushi/vec4 0, 0, 4;
    %assign/vec4 v0x55dd2ed157f0_0, 0;
    %pushi/vec4 0, 0, 8;
    %assign/vec4 v0x55dd2ed15b50_0, 0;
    %pushi/vec4 0, 0, 3;
    %assign/vec4 v0x55dd2ed158d0_0, 0;
    %pushi/vec4 0, 0, 3;
    %assign/vec4 v0x55dd2ed15de0_0, 0;
    %pushi/vec4 0, 0, 1;
    %assign/vec4 v0x55dd2ed153f0_0, 0;
    %jmp T_28.1;
T_28.0 ;
    %load/vec4 v0x55dd2ed153f0_0;
    %assign/vec4 v0x55dd2ed14e80_0, 0;
    %load/vec4 v0x55dd2ed15630_0;
    %dup/vec4;
    %pushi/vec4 0, 0, 3;
    %cmp/u;
    %jmp/1 T_28.2, 6;
    %dup/vec4;
    %pushi/vec4 2, 0, 3;
    %cmp/u;
    %jmp/1 T_28.3, 6;
    %dup/vec4;
    %pushi/vec4 3, 0, 3;
    %cmp/u;
    %jmp/1 T_28.4, 6;
    %dup/vec4;
    %pushi/vec4 4, 0, 3;
    %cmp/u;
    %jmp/1 T_28.5, 6;
    %pushi/vec4 0, 0, 3;
    %assign/vec4 v0x55dd2ed15630_0, 0;
    %jmp T_28.7;
T_28.2 ;
    %load/vec4 v0x55dd2ed15570_0;
    %pushi/vec4 1, 0, 1;
    %cmp/e;
    %flag_get/vec4 4;
    %load/vec4 v0x55dd2ed15710_0;
    %pushi/vec4 0, 0, 9;
    %cmp/ne;
    %flag_get/vec4 4;
    %and;
    %flag_set/vec4 8;
    %jmp/0xz  T_28.8, 8;
    %load/vec4 v0x55dd2ed15710_0;
    %addi 31, 0, 9;
    %ix/load 4, 5, 0;
    %flag_set/imm 4, 0;
    %shiftr 4;
    %pad/u 4;
    %assign/vec4 v0x55dd2ed157f0_0, 0;
    %pushi/vec4 0, 0, 8;
    %assign/vec4 v0x55dd2ed15b50_0, 0;
    %pushi/vec4 1, 0, 1;
    %assign/vec4 v0x55dd2ed15330_0, 0;
    %pushi/vec4 1, 0, 1;
    %assign/vec4 v0x55dd2ed15a90_0, 0;
    %pushi/vec4 0, 0, 3;
    %assign/vec4 v0x55dd2ed158d0_0, 0;
    %pushi/vec4 1, 0, 1;
    %assign/vec4 v0x55dd2ed153f0_0, 0;
    %pushi/vec4 0, 0, 1;
    %assign/vec4 v0x55dd2ed154b0_0, 0;
    %pushi/vec4 2, 0, 3;
    %assign/vec4 v0x55dd2ed15630_0, 0;
T_28.8 ;
    %jmp T_28.7;
T_28.3 ;
    %pushi/vec4 1, 0, 1;
    %assign/vec4 v0x55dd2ed14f40_0, 0;
    %load/vec4 v0x55dd2ed15b50_0;
    %pad/u 9;
    %load/vec4 v0x55dd2ed15710_0;
    %subi 1, 0, 9;
    %cmp/e;
    %flag_get/vec4 4;
    %load/vec4 v0x55dd2ed158d0_0;
    %pad/u 4;
    %load/vec4 v0x55dd2ed157f0_0;
    %subi 1, 0, 4;
    %cmp/e;
    %flag_get/vec4 4;
    %and;
    %flag_set/vec4 8;
    %jmp/0xz  T_28.10, 8;
    %pushi/vec4 0, 0, 3;
    %assign/vec4 v0x55dd2ed158d0_0, 0;
    %pushi/vec4 0, 0, 8;
    %assign/vec4 v0x55dd2ed15b50_0, 0;
    %pushi/vec4 0, 0, 1;
    %assign/vec4 v0x55dd2ed153f0_0, 0;
    %pushi/vec4 0, 0, 1;
    %assign/vec4 v0x55dd2ed15a90_0, 0;
    %pushi/vec4 0, 0, 1;
    %assign/vec4 v0x55dd2ed15330_0, 0;
    %pushi/vec4 3, 0, 3;
    %assign/vec4 v0x55dd2ed15630_0, 0;
    %jmp T_28.11;
T_28.10 ;
    %load/vec4 v0x55dd2ed158d0_0;
    %pad/u 4;
    %load/vec4 v0x55dd2ed157f0_0;
    %subi 1, 0, 4;
    %cmp/e;
    %jmp/0xz  T_28.12, 4;
    %pushi/vec4 0, 0, 3;
    %assign/vec4 v0x55dd2ed158d0_0, 0;
    %pushi/vec4 1, 0, 1;
    %assign/vec4 v0x55dd2ed153f0_0, 0;
    %load/vec4 v0x55dd2ed15b50_0;
    %addi 1, 0, 8;
    %assign/vec4 v0x55dd2ed15b50_0, 0;
    %jmp T_28.13;
T_28.12 ;
    %pushi/vec4 0, 0, 1;
    %assign/vec4 v0x55dd2ed153f0_0, 0;
    %load/vec4 v0x55dd2ed158d0_0;
    %addi 1, 0, 3;
    %assign/vec4 v0x55dd2ed158d0_0, 0;
T_28.13 ;
T_28.11 ;
    %jmp T_28.7;
T_28.4 ;
    %pushi/vec4 0, 0, 1;
    %assign/vec4 v0x55dd2ed14f40_0, 0;
    %load/vec4 v0x55dd2ed15de0_0;
    %cmpi/e 0, 0, 3;
    %jmp/0xz  T_28.14, 4;
    %pushi/vec4 4, 0, 3;
    %assign/vec4 v0x55dd2ed15630_0, 0;
    %jmp T_28.15;
T_28.14 ;
    %load/vec4 v0x55dd2ed15de0_0;
    %subi 1, 0, 3;
    %assign/vec4 v0x55dd2ed15de0_0, 0;
T_28.15 ;
    %jmp T_28.7;
T_28.5 ;
    %pushi/vec4 1, 0, 1;
    %assign/vec4 v0x55dd2ed154b0_0, 0;
    %pushi/vec4 0, 0, 3;
    %assign/vec4 v0x55dd2ed15630_0, 0;
    %jmp T_28.7;
T_28.7 ;
    %pop/vec4 1;
T_28.1 ;
    %jmp T_28;
    .thread T_28;
    .scope S_0x55dd2ed149d0;
T_29 ;
    %wait E_0x55dd2ecfcd80;
    %load/vec4 v0x55dd2ed15d40_0;
    %cmpi/e 1, 0, 1;
    %jmp/0xz  T_29.0, 4;
    %pushi/vec4 0, 0, 32;
    %assign/vec4 v0x55dd2ed15000_0, 0;
    %jmp T_29.1;
T_29.0 ;
    %load/vec4 v0x55dd2ed150c0_0;
    %cmpi/e 1, 0, 1;
    %jmp/0xz  T_29.2, 4;
    %pushi/vec4 0, 0, 32;
    %assign/vec4 v0x55dd2ed15000_0, 0;
    %jmp T_29.3;
T_29.2 ;
    %load/vec4 v0x55dd2ed15630_0;
    %cmpi/ne 0, 0, 3;
    %jmp/0xz  T_29.4, 4;
    %load/vec4 v0x55dd2ed15000_0;
    %addi 1, 0, 32;
    %assign/vec4 v0x55dd2ed15000_0, 0;
T_29.4 ;
T_29.3 ;
T_29.1 ;
    %jmp T_29;
    .thread T_29;
    .scope S_0x55dd2ecc1d70;
T_30 ;
    %pushi/vec4 0, 0, 1;
    %store/vec4 v0x55dd2ed32150_0, 0, 1;
    %delay 5, 0;
    %pushi/vec4 1, 0, 1;
    %store/vec4 v0x55dd2ed32150_0, 0, 1;
    %delay 5, 0;
    %jmp T_30;
    .thread T_30;
    .scope S_0x55dd2ecc1d70;
T_31 ;
    %vpi_func 2 92 "$test$plusargs" 32, "DEBUG" {0 0 0};
    %cmpi/ne 0, 0, 32;
    %jmp/0xz  T_31.0, 4;
    %vpi_call 2 94 "$display", "DEBUG mode ON" {0 0 0};
    %pushi/vec4 1, 0, 1;
    %store/vec4 v0x55dd2ed31d20_0, 0, 1;
    %vpi_call 2 96 "$dumpvars" {0 0 0};
    %jmp T_31.1;
T_31.0 ;
    %pushi/vec4 0, 0, 1;
    %store/vec4 v0x55dd2ed31d20_0, 0, 1;
T_31.1 ;
    %vpi_func 2 103 "$value$plusargs" 32, "N=%d", v0x55dd2ed31ec0_0 {0 0 0};
    %cmpi/ne 0, 0, 32;
    %jmp/0xz  T_31.2, 4;
    %vpi_call 2 105 "$display", "Setting N to %0d", v0x55dd2ed31ec0_0 {0 0 0};
    %jmp T_31.3;
T_31.2 ;
    %pushi/vec4 10, 0, 9;
    %store/vec4 v0x55dd2ed31ec0_0, 0, 9;
    %vpi_call 2 110 "$display", "Setting N to 10" {0 0 0};
T_31.3 ;
    %end;
    .thread T_31;
    .scope S_0x55dd2ecdf950;
T_32 ;
    %pushi/vec4 0, 0, 1;
    %store/vec4 v0x55dd2ed32b40_0, 0, 1;
    %load/vec4 v0x55dd2ed31ec0_0;
    %pad/u 32;
    %store/vec4 v0x55dd2ed32ed0_0, 0, 32;
    %pushi/vec4 0, 0, 32;
    %store/vec4 v0x55dd2ed32c00_0, 0, 32;
T_32.0 ;
    %load/vec4 v0x55dd2ed32c00_0;
    %load/vec4 v0x55dd2ed32ed0_0;
    %cmp/s;
    %jmp/0xz T_32.1, 5;
    %load/vec4 v0x55dd2ed32c00_0;
    %addi 1, 0, 32;
    %pad/s 16;
    %ix/getv/s 4, v0x55dd2ed32c00_0;
    %store/vec4a v0x55dd2ed31f80, 4, 0;
    %load/vec4 v0x55dd2ed32c00_0;
    %addi 1, 0, 32;
    %store/vec4 v0x55dd2ed32c00_0, 0, 32;
    %jmp T_32.0;
T_32.1 ;
    %pushi/vec4 0, 0, 32;
    %store/vec4 v0x55dd2ed32c00_0, 0, 32;
T_32.2 ;
    %load/vec4 v0x55dd2ed32c00_0;
    %load/vec4 v0x55dd2ed32ed0_0;
    %cmp/s;
    %jmp/0xz T_32.3, 5;
    %pushi/vec4 0, 0, 32;
    %store/vec4 v0x55dd2ed32da0_0, 0, 32;
T_32.4 ;
    %load/vec4 v0x55dd2ed32da0_0;
    %load/vec4 v0x55dd2ed32ed0_0;
    %cmp/s;
    %jmp/0xz T_32.5, 5;
    %load/vec4 v0x55dd2ed32c00_0;
    %load/vec4 v0x55dd2ed32da0_0;
    %cmp/e;
    %jmp/0xz  T_32.6, 4;
    %pushi/vec4 1, 0, 16;
    %load/vec4 v0x55dd2ed32c00_0;
    %pad/s 41;
    %pad/s 49;
    %muli 256, 0, 49;
    %pad/s 50;
    %load/vec4 v0x55dd2ed32da0_0;
    %pad/s 50;
    %add;
    %ix/vec4/s 4;
    %store/vec4a v0x55dd2ed31e00, 4, 0;
    %jmp T_32.7;
T_32.6 ;
    %pushi/vec4 0, 0, 16;
    %load/vec4 v0x55dd2ed32c00_0;
    %pad/s 41;
    %pad/s 49;
    %muli 256, 0, 49;
    %pad/s 50;
    %load/vec4 v0x55dd2ed32da0_0;
    %pad/s 50;
    %add;
    %ix/vec4/s 4;
    %store/vec4a v0x55dd2ed31e00, 4, 0;
T_32.7 ;
    %load/vec4 v0x55dd2ed32da0_0;
    %addi 1, 0, 32;
    %store/vec4 v0x55dd2ed32da0_0, 0, 32;
    %jmp T_32.4;
T_32.5 ;
    %load/vec4 v0x55dd2ed32c00_0;
    %addi 1, 0, 32;
    %store/vec4 v0x55dd2ed32c00_0, 0, 32;
    %jmp T_32.2;
T_32.3 ;
    %fork TD_mm_simtop.sys_reset, S_0x55dd2ed31b40;
    %join;
    %pushi/vec4 1076887552, 0, 32;
    %store/vec4 v0x55dd2ecbf8a0_0, 0, 32;
    %fork TD_mm_simtop.axi_read, S_0x55dd2ece1d30;
    %join;
    %load/vec4 v0x55dd2ecbfc10_0;
    %store/vec4 v0x55dd2ed32cc0_0, 0, 32;
    %pushi/vec4 1076887564, 0, 32;
    %store/vec4 v0x55dd2ecc13a0_0, 0, 32;
    %load/vec4 v0x55dd2ed32ed0_0;
    %store/vec4 v0x55dd2ecbc430_0, 0, 32;
    %fork TD_mm_simtop.axi_write, S_0x55dd2ed11010;
    %join;
    %load/vec4 v0x55dd2ed32ed0_0;
    %pad/s 9;
    %store/vec4 v0x55dd2ed11ef0_0, 0, 9;
    %fork TD_mm_simtop.load_x, S_0x55dd2ed11d10;
    %join;
    %load/vec4 v0x55dd2ed32ed0_0;
    %pad/s 9;
    %store/vec4 v0x55dd2ed11a40_0, 0, 9;
    %fork TD_mm_simtop.load_m, S_0x55dd2ed116d0;
    %join;
    %pushi/vec4 1076887556, 0, 32;
    %store/vec4 v0x55dd2ecc13a0_0, 0, 32;
    %pushi/vec4 1, 0, 32;
    %store/vec4 v0x55dd2ecbc430_0, 0, 32;
    %fork TD_mm_simtop.axi_write, S_0x55dd2ed11010;
    %join;
    %load/vec4 v0x55dd2ed32ed0_0;
    %pad/s 9;
    %store/vec4 v0x55dd2ed311f0_0, 0, 9;
    %fork TD_mm_simtop.poll_for_done, S_0x55dd2ed30e50;
    %join;
    %load/vec4 v0x55dd2ed32ed0_0;
    %pad/s 9;
    %store/vec4 v0x55dd2ed31700_0, 0, 9;
    %fork TD_mm_simtop.read_y, S_0x55dd2ed31390;
    %join;
    %pushi/vec4 0, 0, 32;
    %store/vec4 v0x55dd2ed32c00_0, 0, 32;
T_32.8 ;
    %load/vec4 v0x55dd2ed32c00_0;
    %load/vec4 v0x55dd2ed32ed0_0;
    %cmp/s;
    %jmp/0xz T_32.9, 5;
    %ix/getv/s 4, v0x55dd2ed32c00_0;
    %load/vec4a v0x55dd2ed32040, 4;
    %load/vec4 v0x55dd2ed32c00_0;
    %pad/s 40;
    %addi 1, 0, 40;
    %cmp/ne;
    %jmp/0xz  T_32.10, 6;
    %load/vec4 v0x55dd2ed32c00_0;
    %addi 1, 0, 32;
    %vpi_call 10 72 "$display", "Incorrect Y[%d] = %h, expected %h", v0x55dd2ed32c00_0, &A<v0x55dd2ed32040, v0x55dd2ed32c00_0 >, S<0,vec4,s32> {1 0 0};
    %pushi/vec4 1, 0, 1;
    %store/vec4 v0x55dd2ed32b40_0, 0, 1;
T_32.10 ;
    %load/vec4 v0x55dd2ed32c00_0;
    %addi 1, 0, 32;
    %store/vec4 v0x55dd2ed32c00_0, 0, 32;
    %jmp T_32.8;
T_32.9 ;
    %pushi/vec4 1076887568, 0, 32;
    %store/vec4 v0x55dd2ecbf8a0_0, 0, 32;
    %fork TD_mm_simtop.axi_read, S_0x55dd2ece1d30;
    %join;
    %load/vec4 v0x55dd2ecbfc10_0;
    %store/vec4 v0x55dd2ed32a40_0, 0, 32;
    %vpi_call 10 78 "$display", "Matrix multiplier took %0d clocks for matrix size %0dx%0d", v0x55dd2ed32a40_0, v0x55dd2ed32ed0_0, v0x55dd2ed32ed0_0 {0 0 0};
    %load/vec4 v0x55dd2ed32b40_0;
    %store/vec4 v0x55dd2ecbd130_0, 0, 1;
    %fork TD_mm_simtop.endsim, S_0x55dd2ed114b0;
    %join;
    %end;
    .thread T_32;
# The file index is used to find the file name in the following table.
:file_names 11;
    "N/A";
    "<interactive>";
    "../sim/mm_simtop.v";
    "../rtl/mm_core.v";
    "../rtl/mm_axi_slave.v";
    "../rtl/mm_ctrl.v";
    "../rtl/mm_mac.v";
    "../rtl/mm_dpram.v";
    "../rtl/mm_reg.v";
    "../rtl/mm_yram.v";
    "../test/mult_test.v";
