Copyright 1986-2020 Xilinx, Inc. All Rights Reserved.
-------------------------------------------------------------------------------------------
| Tool Version : Vivado v.2020.1 (lin64) Build 2902540 Wed May 27 19:54:35 MDT 2020
| Date         : Mon Jun 29 18:51:03 2026
| Host         : ganga running 64-bit Linux Mint 21.3
| Command      : report_control_sets -verbose -file red_pitaya_top_control_sets_placed.rpt
| Design       : red_pitaya_top
| Device       : xc7z010
-------------------------------------------------------------------------------------------

Control Set Information

Table of Contents
-----------------
1. Summary
2. Histogram
3. Flip-Flop Distribution
4. Detailed Control Set Information

1. Summary
----------

+----------------------------------------------------------+-------+
|                          Status                          | Count |
+----------------------------------------------------------+-------+
| Total control sets                                       |   126 |
|    Minimum number of control sets                        |   126 |
|    Addition due to synthesis replication                 |     0 |
|    Addition due to physical synthesis replication        |     0 |
| Unused register locations in slices containing registers |   357 |
+----------------------------------------------------------+-------+
* Control sets can be merged at opt_design using control_set_merge or merge_equivalent_drivers
** Run report_qor_suggestions for automated merging and remapping suggestions


2. Histogram
------------

+--------------------+-------+
|       Fanout       | Count |
+--------------------+-------+
| Total control sets |   126 |
| >= 0 to < 4        |     3 |
| >= 4 to < 6        |    24 |
| >= 6 to < 8        |     3 |
| >= 8 to < 10       |    20 |
| >= 10 to < 12      |     3 |
| >= 12 to < 14      |     6 |
| >= 14 to < 16      |     3 |
| >= 16              |    64 |
+--------------------+-------+
* Control sets can be remapped at either synth_design or opt_design


3. Flip-Flop Distribution
-------------------------

+--------------+-----------------------+------------------------+-----------------+--------------+
| Clock Enable | Synchronous Set/Reset | Asynchronous Set/Reset | Total Registers | Total Slices |
+--------------+-----------------------+------------------------+-----------------+--------------+
| No           | No                    | No                     |             435 |          117 |
| No           | No                    | Yes                    |              17 |            3 |
| No           | Yes                   | No                     |             655 |          189 |
| Yes          | No                    | No                     |            1263 |          319 |
| Yes          | No                    | Yes                    |               0 |            0 |
| Yes          | Yes                   | No                     |             673 |          181 |
+--------------+-----------------------+------------------------+-----------------+--------------+


4. Detailed Control Set Information
-----------------------------------

+------------------------------------------------+----------------------------------------------------------------------------------------------------------------------------------------------------+-------------------------------------------------------------------------------------------------------------------------+------------------+----------------+--------------+
|                  Clock Signal                  |                                                                    Enable Signal                                                                   |                                                     Set/Reset Signal                                                    | Slice Load Count | Bel Load Count | Bels / Slice |
+------------------------------------------------+----------------------------------------------------------------------------------------------------------------------------------------------------+-------------------------------------------------------------------------------------------------------------------------+------------------+----------------+--------------+
|  dac_axi_clk                                   |                                                                                                                                                    |                                                                                                                         |                1 |              1 |         1.00 |
|  ps/system_i/processing_system7/inst/FCLK_CLK3 | ps/system_i/axi_protocol_converter_0/inst/gen_axilite.gen_b2s_conv.axilite_b2s/WR.b_channel_0/bid_fifo_0/bresp_push                                |                                                                                                                         |                1 |              2 |         2.00 |
|  dac_clk_1x                                    |                                                                                                                                                    |                                                                                                                         |                3 |              3 |         1.00 |
|  adc_clk                                       | mm_core/mm_ctrl/n_pages[3]_i_1_n_0                                                                                                                 | i_hk/i_freq_meter/SR[0]                                                                                                 |                2 |              4 |         2.00 |
|  i_daisy/i_rx/i_BUFR_clk_0                     |                                                                                                                                                    | i_daisy/i_rx/genblk1[0].bitslip_cnt[3]_i_1_n_0                                                                          |                1 |              4 |         4.00 |
|  ps/system_i/processing_system7/inst/FCLK_CLK3 | ps/system_i/xadc/inst/AXI_XADC_CORE_I/D[6]                                                                                                         | ps/system_i/xadc/inst/AXI_LITE_IPIF_I/I_SLAVE_ATTACHMENT/reset2ip_reset                                                 |                2 |              4 |         2.00 |
|  adc_clk                                       | ps/axi_master_0/axi_awpop                                                                                                                          | i_hk/i_freq_meter/SR[0]                                                                                                 |                1 |              4 |         4.00 |
|  adc_clk                                       | ps/axi_master_0/axi_rfill_lvl[3]_i_1_n_0                                                                                                           | i_hk/i_freq_meter/SR[0]                                                                                                 |                2 |              4 |         2.00 |
|  adc_clk                                       | ps/axi_master_0/axi_wpop                                                                                                                           | i_hk/i_freq_meter/SR[0]                                                                                                 |                1 |              4 |         4.00 |
|  adc_clk                                       | ps/axi_master_1/axi_awpop                                                                                                                          | i_hk/i_freq_meter/SR[0]                                                                                                 |                1 |              4 |         4.00 |
|  adc_clk                                       | ps/axi_master_1/axi_rfill_lvl[3]_i_1__0_n_0                                                                                                        | i_hk/i_freq_meter/SR[0]                                                                                                 |                2 |              4 |         2.00 |
|  adc_clk                                       | ps/axi_master_1/axi_wpop                                                                                                                           | i_hk/i_freq_meter/SR[0]                                                                                                 |                1 |              4 |         4.00 |
|  ps/system_i/processing_system7/inst/FCLK_CLK3 |                                                                                                                                                    | ps/system_i/axi_protocol_converter_0/inst/gen_axilite.gen_b2s_conv.axilite_b2s/SI_REG/ar.ar_pipe/aresetn_d_reg[1]_inv_0 |                4 |              4 |         1.00 |
|  dac_axi_clk                                   | ps/axi_master_2/axi_awpop                                                                                                                          | ps/axi_master_2/dac_axi_rstn_reg                                                                                        |                1 |              4 |         4.00 |
|  dac_axi_clk                                   | ps/axi_master_2/axi_rfill_lvl[3]_i_1__1_n_0                                                                                                        | ps/axi_master_2/dac_axi_rstn_reg                                                                                        |                1 |              4 |         4.00 |
|  dac_axi_clk                                   | ps/axi_master_2/axi_wpop                                                                                                                           | ps/axi_master_2/dac_axi_rstn_reg                                                                                        |                2 |              4 |         2.00 |
|  dac_axi_clk                                   | ps/axi_master_3/axi_awpop                                                                                                                          | ps/axi_master_2/dac_axi_rstn_reg                                                                                        |                1 |              4 |         4.00 |
|  dac_axi_clk                                   | ps/axi_master_3/axi_rfill_lvl[3]_i_1__2_n_0                                                                                                        | ps/axi_master_2/dac_axi_rstn_reg                                                                                        |                2 |              4 |         2.00 |
|  dac_axi_clk                                   | ps/axi_master_3/axi_wpop                                                                                                                           | ps/axi_master_2/dac_axi_rstn_reg                                                                                        |                1 |              4 |         4.00 |
|  ps/system_i/processing_system7/inst/FCLK_CLK3 |                                                                                                                                                    | ps/system_i/axi_protocol_converter_0/inst/gen_axilite.gen_b2s_conv.axilite_b2s/SI_REG/aw.aw_pipe/aresetn_d_reg[0]_0     |                4 |              4 |         1.00 |
|  ps/system_i/processing_system7/inst/FCLK_CLK3 |                                                                                                                                                    | ps/system_i/proc_sys_reset/U0/EXT_LPF/lpf_int                                                                           |                2 |              5 |         2.50 |
|  ps/system_i/processing_system7/inst/FCLK_CLK3 |                                                                                                                                                    | ps/system_i/axi_register_slice_0/inst/w.w_pipe/p_0_in                                                                   |                3 |              5 |         1.67 |
|  ps/system_i/processing_system7/inst/FCLK_CLK3 |                                                                                                                                                    | ps/system_i/axi_register_slice_0/inst/aw.aw_pipe/p_1_in                                                                 |                2 |              5 |         2.50 |
|  adc_clk                                       |                                                                                                                                                    | i_daisy/i_tx/RST0                                                                                                       |                2 |              5 |         2.50 |
|  ps/O[0]                                       | ps/axi_slave_gp0/ack_cnt[5]_i_2_n_0                                                                                                                | ps/axi_slave_gp0/ack_cnt[5]                                                                                             |                1 |              5 |         5.00 |
|  ps/system_i/processing_system7/inst/FCLK_CLK3 | ps/system_i/axi_protocol_converter_0/inst/gen_axilite.gen_b2s_conv.axilite_b2s/RD.r_channel_0/transaction_fifo_0/cnt_read[4]_i_1__0_n_0            | ps/system_i/axi_protocol_converter_0/inst/gen_axilite.gen_b2s_conv.axilite_b2s/areset_d1                                |                2 |              5 |         2.50 |
|  ps/system_i/processing_system7/inst/FCLK_CLK3 | ps/system_i/axi_protocol_converter_0/inst/gen_axilite.gen_b2s_conv.axilite_b2s/RD.r_channel_0/rd_data_fifo_0/cnt_read[4]_i_1_n_0                   | ps/system_i/axi_protocol_converter_0/inst/gen_axilite.gen_b2s_conv.axilite_b2s/areset_d1                                |                2 |              5 |         2.50 |
|  ps/system_i/processing_system7/inst/FCLK_CLK3 | ps/system_i/proc_sys_reset/U0/SEQ/seq_cnt_en                                                                                                       | ps/system_i/proc_sys_reset/U0/SEQ/SEQ_COUNTER/clear                                                                     |                1 |              6 |         6.00 |
|  adc_clk                                       | pll/E[0]                                                                                                                                           | pll/SR[0]                                                                                                               |                3 |              7 |         2.33 |
|  ps/system_i/processing_system7/inst/FCLK_CLK3 |                                                                                                                                                    | ps/system_i/xadc/inst/AXI_LITE_IPIF_I/I_SLAVE_ATTACHMENT/dpto_cnt0                                                      |                3 |              7 |         2.33 |
|  adc_clk                                       | sys_bus_interconnect/for_bus[4].inst_sys_bus_cdc/bus_m\\.addr_reg[2]_0[0]                                                                          | i_hk/i_freq_meter/SR[0]                                                                                                 |                4 |              8 |         2.00 |
|  adc_clk                                       | sys_bus_interconnect/for_bus[4].inst_sys_bus_cdc/bus_m\\.addr_reg[12]_1[0]                                                                         | i_hk/i_freq_meter/SR[0]                                                                                                 |                3 |              8 |         2.67 |
|  adc_clk                                       | sys_bus_interconnect/for_bus[4].inst_sys_bus_cdc/bus_m\\.addr_reg[12]_0[0]                                                                         | i_hk/i_freq_meter/SR[0]                                                                                                 |                4 |              8 |         2.00 |
|  adc_clk                                       | sys_bus_interconnect/for_bus[4].inst_sys_bus_cdc/bus_m\\.addr_reg[2]_1[0]                                                                          | i_hk/i_freq_meter/SR[0]                                                                                                 |                3 |              8 |         2.67 |
|  adc_clk                                       | sys_bus_interconnect/for_bus[3].inst_sys_bus_cdc/bus_m\\.addr_reg[18]_1[0]                                                                         |                                                                                                                         |                1 |              8 |         8.00 |
|  adc_clk                                       | sys_bus_interconnect/for_bus[0].inst_sys_bus_cdc/reg_write_reg_0[0]                                                                                | i_hk/i_freq_meter/SR[0]                                                                                                 |                3 |              8 |         2.67 |
|  adc_clk                                       | sys_bus_interconnect/for_bus[0].inst_sys_bus_cdc/bus_m\\.addr_reg[5]_1[0]                                                                          | i_hk/i_freq_meter/SR[0]                                                                                                 |                2 |              8 |         4.00 |
|  adc_clk                                       | sys_bus_interconnect/for_bus[0].inst_sys_bus_cdc/bus_m\\.addr_reg[4]_0[0]                                                                          | i_hk/i_freq_meter/SR[0]                                                                                                 |                2 |              8 |         4.00 |
|  adc_clk                                       | sys_bus_interconnect/for_bus[0].inst_sys_bus_cdc/E[0]                                                                                              | i_hk/i_freq_meter/SR[0]                                                                                                 |                3 |              8 |         2.67 |
|  ps/system_i/processing_system7/inst/FCLK_CLK3 | ps/system_i/axi_protocol_converter_0/inst/gen_axilite.gen_b2s_conv.axilite_b2s/WR.b_channel_0/mhandshake_r                                         | ps/system_i/axi_protocol_converter_0/inst/gen_axilite.gen_b2s_conv.axilite_b2s/WR.b_channel_0/bid_fifo_0/SR[0]          |                2 |              8 |         4.00 |
|  dac_axi_clk                                   |                                                                                                                                                    | ps/axi_master_2/dac_axi_rstn_reg                                                                                        |                6 |              8 |         1.33 |
|  adc_clk                                       | sys_bus_interconnect/for_bus[0].inst_sys_bus_cdc/bus_m\\.addr_reg[5]_0[0]                                                                          | i_hk/i_freq_meter/SR[0]                                                                                                 |                2 |              8 |         4.00 |
|  adc_clk                                       |                                                                                                                                                    | i_hk/daisy_mode[0]                                                                                                      |                1 |              8 |         8.00 |
|  adc_clk                                       | mm_core/mm_mac/clr_s5                                                                                                                              | mm_core/mm_mac/res_addr[7]_i_1_n_0                                                                                      |                2 |              8 |         4.00 |
|  adc_clk                                       | sys_bus_interconnect/for_bus[3].inst_sys_bus_cdc/bus_m\\.addr_reg[18]_0[0]                                                                         |                                                                                                                         |                2 |              9 |         4.50 |
|  adc_clk                                       | i_hk/sel                                                                                                                                           | i_hk/i_freq_meter/SR[0]                                                                                                 |                4 |              9 |         2.25 |
|  i_daisy/i_rx/i_BUFR_clk_0                     |                                                                                                                                                    | i_hk/daisy_mode[0]                                                                                                      |                2 |              9 |         4.50 |
|  adc_clk                                       | sys_bus_interconnect/for_bus[3].inst_sys_bus_cdc/FSM_sequential_axi_state_reg[1][0]                                                                |                                                                                                                         |                2 |              9 |         4.50 |
|  adc_clk                                       | mm_core/mm_ctrl/page_cnt[2]_i_1_n_0                                                                                                                | i_hk/i_freq_meter/SR[0]                                                                                                 |                2 |              9 |         4.50 |
|  ps/O[0]                                       |                                                                                                                                                    |                                                                                                                         |                3 |              9 |         3.00 |
|  adc_clk                                       | sys_bus_interconnect/for_bus[3].inst_sys_bus_cdc/bus_m\\.addr_reg[17]_0[0]                                                                         |                                                                                                                         |                2 |             10 |         5.00 |
|  adc_clk                                       | mm_core/mm_axi_slave/adc_rstn_reg_rep_1                                                                                                            | mm_core/mm_reg/rdata[30]_i_1_n_0                                                                                        |                2 |             10 |         5.00 |
|  ps/system_i/processing_system7/inst/FCLK_CLK3 |                                                                                                                                                    | ps/system_i/axi_protocol_converter_0/inst/gen_axilite.gen_b2s_conv.axilite_b2s/areset_d1                                |                6 |             10 |         1.67 |
|  adc_clk                                       | i_daisy/i_tx/genblk1[0].par_dat_r[11]_i_1_n_0                                                                                                      | i_daisy/i_tx/RST0                                                                                                       |                2 |             12 |         6.00 |
|  ps/system_i/processing_system7/inst/FCLK_CLK3 | ps/system_i/axi_protocol_converter_0/inst/gen_axilite.gen_b2s_conv.axilite_b2s/RD.ar_channel_0/ar_cmd_fsm_0/sel_first_reg[0]                       |                                                                                                                         |                4 |             12 |         3.00 |
|  ps/system_i/processing_system7/inst/FCLK_CLK3 | ps/system_i/axi_protocol_converter_0/inst/gen_axilite.gen_b2s_conv.axilite_b2s/RD.ar_channel_0/ar_cmd_fsm_0/E[0]                                   |                                                                                                                         |                6 |             12 |         2.00 |
|  ps/system_i/processing_system7/inst/FCLK_CLK3 | ps/system_i/axi_protocol_converter_0/inst/gen_axilite.gen_b2s_conv.axilite_b2s/WR.aw_channel_0/aw_cmd_fsm_0/FSM_sequential_state_reg[1]_0[0]       |                                                                                                                         |                5 |             12 |         2.40 |
|  ps/system_i/processing_system7/inst/FCLK_CLK3 | ps/system_i/axi_protocol_converter_0/inst/gen_axilite.gen_b2s_conv.axilite_b2s/WR.aw_channel_0/cmd_translator_0/incr_cmd_0/axaddr_incr[11]_i_1_n_0 |                                                                                                                         |                4 |             12 |         3.00 |
|  ps/system_i/processing_system7/inst/FCLK_CLK3 | ps/system_i/axi_protocol_converter_0/inst/gen_axilite.gen_b2s_conv.axilite_b2s/RD.r_channel_0/r_push_r                                             |                                                                                                                         |                4 |             13 |         3.25 |
|  ps/system_i/processing_system7/inst/FCLK_CLK3 | ps/system_i/axi_protocol_converter_0/inst/gen_axilite.gen_b2s_conv.axilite_b2s/SI_REG/b.b_pipe/p_1_in                                              |                                                                                                                         |                2 |             14 |         7.00 |
|  ps/system_i/processing_system7/inst/FCLK_CLK3 | ps/system_i/axi_protocol_converter_0/inst/gen_axilite.gen_b2s_conv.axilite_b2s/SI_REG/b.b_pipe/s_ready_i_reg_0                                     |                                                                                                                         |                2 |             14 |         7.00 |
|  ps/system_i/processing_system7/inst/FCLK_CLK3 | ps/system_i/axi_register_slice_0/inst/b.b_pipe/m_payload_i[13]_i_1_n_0                                                                             |                                                                                                                         |                3 |             14 |         4.67 |
|  adc_clk                                       | sys_bus_interconnect/for_bus[3].inst_sys_bus_cdc/FSM_sequential_axi_state_reg[1]_1[0]                                                              |                                                                                                                         |                9 |             16 |         1.78 |
|  adc_clk                                       | mm_core/mm_axi_slave/mram_wdata[15]_i_1_n_0                                                                                                        |                                                                                                                         |                9 |             16 |         1.78 |
|  adc_clk                                       | i_daisy/genblk3[0].i_test/E[0]                                                                                                                     | i_hk/i_freq_meter/SR[0]                                                                                                 |                3 |             16 |         5.33 |
|  ps/system_i/processing_system7/inst/FCLK_CLK3 |                                                                                                                                                    | ps/system_i/xadc/inst/AXI_XADC_CORE_I/do_reg[15]_i_1_n_0                                                                |                3 |             16 |         5.33 |
|  ps/system_i/processing_system7/inst/FCLK_CLK3 | ps/system_i/axi_protocol_converter_0/inst/gen_axilite.gen_b2s_conv.axilite_b2s/WR.b_channel_0/bid_fifo_0/sel                                       |                                                                                                                         |                3 |             16 |         5.33 |
|  i_daisy/i_rx/i_BUFR_clk_0                     | i_daisy/i_rx/genblk1[0].par_val                                                                                                                    | i_daisy/i_rx/SR[0]                                                                                                      |                2 |             16 |         8.00 |
|  adc_clk                                       | i_daisy/genblk4[0].tx_rx_dat[15]_i_1_n_0                                                                                                           | i_hk/i_freq_meter/SR[0]                                                                                                 |                4 |             16 |         4.00 |
|  ps/system_i/processing_system7/inst/FCLK_CLK3 | ps/system_i/xadc/inst/AXI_LITE_IPIF_I/I_SLAVE_ATTACHMENT/I_DECODER/E[0]                                                                            | ps/system_i/xadc/inst/AXI_LITE_IPIF_I/I_SLAVE_ATTACHMENT/reset2ip_reset                                                 |                3 |             17 |         5.67 |
|  i_daisy/i_rx/par_clk                          |                                                                                                                                                    | i_daisy/i_rx/RST0                                                                                                       |                3 |             17 |         5.67 |
|  i_daisy/genblk4[0].txp_dv_reg[0]_i_2_n_0      |                                                                                                                                                    |                                                                                                                         |                5 |             17 |         3.40 |
|  adc_clk                                       | mm_core/mm_axi_slave/E[0]                                                                                                                          | i_hk/i_freq_meter/SR[0]                                                                                                 |                4 |             17 |         4.25 |
|  adc_clk                                       | mm_core/mm_ctrl/row_cnt[7]_i_1_n_0                                                                                                                 | i_hk/i_freq_meter/SR[0]                                                                                                 |                4 |             17 |         4.25 |
|  adc_clk                                       | i_daisy/p_5_out                                                                                                                                    | i_hk/i_freq_meter/SR[0]                                                                                                 |                3 |             19 |         6.33 |
|  adc_clk                                       | sys_bus_interconnect/for_bus[5].inst_sys_bus_cdc/bus_m\\.addr_reg[5]_0[0]                                                                          | i_hk/i_freq_meter/SR[0]                                                                                                 |                3 |             19 |         6.33 |
|  i_daisy/i_rx/par_clk                          |                                                                                                                                                    |                                                                                                                         |                5 |             20 |         4.00 |
|  ps/system_i/processing_system7/inst/FCLK_CLK3 | ps/system_i/xadc/inst/AXI_LITE_IPIF_I/I_SLAVE_ATTACHMENT/s_axi_rresp_i                                                                             | ps/system_i/xadc/inst/AXI_LITE_IPIF_I/I_SLAVE_ATTACHMENT/SR[0]                                                          |                5 |             20 |         4.00 |
|  ps/system_i/processing_system7/inst/FCLK_CLK3 | ps/system_i/axi_protocol_converter_0/inst/gen_axilite.gen_b2s_conv.axilite_b2s/RD.r_channel_0/rd_data_fifo_0/wr_en0                                |                                                                                                                         |                5 |             20 |         4.00 |
|  ps/system_i/processing_system7/inst/FCLK_CLK3 | ps/system_i/axi_register_slice_0/inst/w.w_pipe/p_1_in_0                                                                                            |                                                                                                                         |                4 |             22 |         5.50 |
|  adc_clk                                       | mm_core/mm_axi_slave/adc_rstn_reg_rep_1                                                                                                            |                                                                                                                         |                7 |             22 |         3.14 |
|  ps/system_i/processing_system7/inst/FCLK_CLK3 | ps/system_i/axi_register_slice_0/inst/w.w_pipe/s_ready_i_reg_0                                                                                     |                                                                                                                         |                4 |             22 |         5.50 |
|  ps/system_i/processing_system7/inst/FCLK_CLK3 | ps/system_i/axi_protocol_converter_0/inst/gen_axilite.gen_b2s_conv.axilite_b2s/WR.aw_channel_0/aw_cmd_fsm_0/E[0]                                   |                                                                                                                         |                8 |             24 |         3.00 |
|  ps/system_i/processing_system7/inst/FCLK_CLK3 | ps/system_i/axi_protocol_converter_0/inst/gen_axilite.gen_b2s_conv.axilite_b2s/RD.ar_channel_0/ar_cmd_fsm_0/m_valid_i_reg[0]                       |                                                                                                                         |                8 |             24 |         3.00 |
|  ps/system_i/processing_system7/inst/FCLK_CLK3 | ps/system_i/xadc/inst/AXI_LITE_IPIF_I/I_SLAVE_ATTACHMENT/I_DECODER/start                                                                           | ps/system_i/xadc/inst/AXI_LITE_IPIF_I/I_SLAVE_ATTACHMENT/I_DECODER/cs_ce_clr                                            |               11 |             25 |         2.27 |
|  adc_clk                                       | adc_rstn_reg_n_0                                                                                                                                   | sys_bus_interconnect/for_bus[0].inst_sys_bus_cdc/adc_rstn_reg_rep                                                       |               12 |             25 |         2.08 |
|  dac_clk_1x                                    |                                                                                                                                                    | i_hk/digital_loop_reg[1]_1                                                                                              |                4 |             26 |         6.50 |
|  ps/system_i/processing_system7/inst/FCLK_CLK3 |                                                                                                                                                    | ps/system_i/xadc/inst/AXI_LITE_IPIF_I/I_SLAVE_ATTACHMENT/SR[0]                                                          |                6 |             26 |         4.33 |
|  adc_clk                                       | sys_bus_interconnect/for_bus[4].inst_sys_bus_cdc/bus_m\\.addr0                                                                                     |                                                                                                                         |                7 |             28 |         4.00 |
|  adc_clk                                       | sys_bus_interconnect/for_bus[0].inst_sys_bus_cdc/bus_m\\.addr0                                                                                     |                                                                                                                         |                6 |             28 |         4.67 |
|  i_daisy/i_rx/i_BUFR_clk_0                     |                                                                                                                                                    | i_daisy/i_rx/SR[0]                                                                                                      |                7 |             29 |         4.14 |
|  adc_clk                                       |                                                                                                                                                    | i_hk/i_freq_meter/mes_freq_cnt[0]_i_1_n_0                                                                               |                8 |             29 |         3.62 |
|  adc_clk                                       | i_hk/i_freq_meter/mes_freq_ltch0                                                                                                                   | i_hk/i_freq_meter/SR[0]                                                                                                 |                4 |             29 |         7.25 |
|  ps/system_i/processing_system7/inst/FCLK_CLK3 | ps/system_i/axi_protocol_converter_0/inst/gen_axilite.gen_b2s_conv.axilite_b2s/SI_REG/ar.ar_pipe/s_ready_i_reg_0                                   |                                                                                                                         |               10 |             32 |         3.20 |
|  ps/O[0]                                       | ps/system_i/processing_system7/inst/FCLK_RESET0_N                                                                                                  |                                                                                                                         |               15 |             32 |         2.13 |
|  ps/O[0]                                       | ps/axi_slave_gp0/wr_wdata                                                                                                                          |                                                                                                                         |                6 |             32 |         5.33 |
|  adc_clk                                       |                                                                                                                                                    | sys_bus_interconnect/for_bus[5].inst_sys_bus_cdc/bus_m\\.addr_reg[17]_0                                                 |               12 |             32 |         2.67 |
|  ps/system_i/processing_system7/inst/FCLK_CLK3 | ps/system_i/axi_protocol_converter_0/inst/gen_axilite.gen_b2s_conv.axilite_b2s/RD.ar_channel_0/ar_cmd_fsm_0/m_valid_i_reg_1[0]                     |                                                                                                                         |               11 |             32 |         2.91 |
|  adc_clk                                       | mm_core/mm_axi_slave/sys_rdata[31]_i_1__0_n_0                                                                                                      | i_hk/i_freq_meter/SR[0]                                                                                                 |               11 |             32 |         2.91 |
|  ps/system_i/processing_system7/inst/FCLK_CLK3 | ps/system_i/axi_protocol_converter_0/inst/gen_axilite.gen_b2s_conv.axilite_b2s/WR.b_channel_0/bid_fifo_0/E[0]                                      |                                                                                                                         |                8 |             32 |         4.00 |
|  ps/O[0]                                       |                                                                                                                                                    | i_hk/i_freq_meter/ref_cnt0                                                                                              |                8 |             32 |         4.00 |
|  ps/system_i/processing_system7/inst/FCLK_CLK3 | ps/system_i/axi_register_slice_0/inst/ar.ar_pipe/m_payload_i[61]_i_1__0_n_0                                                                        |                                                                                                                         |                8 |             32 |         4.00 |
|  ps/system_i/processing_system7/inst/FCLK_CLK3 | ps/system_i/axi_register_slice_0/inst/aw.aw_pipe/m_payload_i[61]_i_1_n_0                                                                           |                                                                                                                         |                5 |             32 |         6.40 |
|  adc_clk                                       | mm_core/mm_ctrl/ccnt[0]_i_2_n_0                                                                                                                    | mm_core/mm_reg/ccnt_clr_reg_0                                                                                           |                8 |             32 |         4.00 |
|  i_daisy/i_rx/i_BUFR_clk_0                     | i_daisy/genblk3[0].i_test/rx_err_inc                                                                                                               | i_daisy/genblk3[0].i_test/rx_err_cnt[0]_i_1_n_0                                                                         |                8 |             32 |         4.00 |
|  adc_clk                                       | sys_bus_interconnect/for_bus[3].inst_sys_bus_cdc/FSM_sequential_axi_state_reg[1]_0[0]                                                              |                                                                                                                         |                7 |             32 |         4.57 |
|  i_daisy/i_rx/i_BUFR_clk_0                     | i_daisy/genblk3[0].i_test/rx_dat_inc                                                                                                               | i_daisy/genblk3[0].i_test/rx_dat_cnt[0]_i_1_n_0                                                                         |                8 |             32 |         4.00 |
|  ps/system_i/processing_system7/inst/FCLK_CLK3 | ps/system_i/axi_protocol_converter_0/inst/gen_axilite.gen_b2s_conv.axilite_b2s/SI_REG/aw.aw_pipe/s_ready_i_reg_0                                   |                                                                                                                         |                9 |             32 |         3.56 |
|  ps/system_i/processing_system7/inst/FCLK_CLK3 | ps/system_i/axi_register_slice_0/inst/r.r_pipe/p_1_in_0                                                                                            |                                                                                                                         |                7 |             33 |         4.71 |
|  ps/system_i/processing_system7/inst/FCLK_CLK3 | ps/system_i/axi_register_slice_0/inst/r.r_pipe/s_ready_i_reg_0                                                                                     |                                                                                                                         |                6 |             33 |         5.50 |
|  ps/system_i/processing_system7/inst/FCLK_CLK3 | ps/system_i/axi_protocol_converter_0/inst/gen_axilite.gen_b2s_conv.axilite_b2s/SI_REG/r.r_pipe/s_ready_i_reg_0                                     |                                                                                                                         |                7 |             33 |         4.71 |
|  ps/system_i/processing_system7/inst/FCLK_CLK3 | ps/system_i/axi_protocol_converter_0/inst/gen_axilite.gen_b2s_conv.axilite_b2s/SI_REG/r.r_pipe/p_1_in                                              |                                                                                                                         |                6 |             33 |         5.50 |
|  adc_clk                                       | sys_bus_interconnect/for_bus[5].inst_sys_bus_cdc/bus_m\\.addr0                                                                                     |                                                                                                                         |                6 |             39 |         6.50 |
|  adc_clk                                       | mm_core/mm_mac/en_s5                                                                                                                               | i_hk/i_freq_meter/SR[0]                                                                                                 |               10 |             40 |         4.00 |
|  ps/O[0]                                       | ps/axi_slave_gp0/wr_awid                                                                                                                           |                                                                                                                         |                8 |             44 |         5.50 |
|  ps/O[0]                                       | ps/axi_slave_gp0/rd_arid                                                                                                                           |                                                                                                                         |                9 |             44 |         4.89 |
|  ps/O[0]                                       |                                                                                                                                                    | ps/bbstub_FCLK_RESET0_N                                                                                                 |               12 |             48 |         4.00 |
|  adc_clk                                       | i_hk/dna_value0                                                                                                                                    | i_hk/i_freq_meter/SR[0]                                                                                                 |                9 |             57 |         6.33 |
|  adc_clk                                       | mm_core/mm_axi_slave/mram_addr[15]_i_1_n_0                                                                                                         |                                                                                                                         |               17 |             61 |         3.59 |
|  adc_clk                                       | sys_bus_interconnect/for_bus[3].inst_sys_bus_cdc/bus_m\\.addr0                                                                                     |                                                                                                                         |               11 |             63 |         5.73 |
|  i_daisy/i_rx/i_BUFR_clk_0                     |                                                                                                                                                    |                                                                                                                         |               20 |            109 |         5.45 |
|  ps/system_i/processing_system7/inst/FCLK_CLK3 |                                                                                                                                                    | ps/system_i/xadc/inst/AXI_LITE_IPIF_I/I_SLAVE_ATTACHMENT/reset2ip_reset                                                 |               29 |            115 |         3.97 |
|  ps/system_i/processing_system7/inst/FCLK_CLK3 |                                                                                                                                                    |                                                                                                                         |               36 |            119 |         3.31 |
|  adc_clk                                       |                                                                                                                                                    |                                                                                                                         |               45 |            163 |         3.62 |
|  adc_clk                                       |                                                                                                                                                    | i_hk/i_freq_meter/SR[0]                                                                                                 |               64 |            228 |         3.56 |
|  adc_clk                                       | adc_rstn_reg_n_0                                                                                                                                   |                                                                                                                         |               68 |            264 |         3.88 |
+------------------------------------------------+----------------------------------------------------------------------------------------------------------------------------------------------------+-------------------------------------------------------------------------------------------------------------------------+------------------+----------------+--------------+


