Copyright 1986-2020 Xilinx, Inc. All Rights Reserved.
---------------------------------------------------------------------------------------------------------------------------------
| Tool Version : Vivado v.2020.1 (lin64) Build 2902540 Wed May 27 19:54:35 MDT 2020
| Date         : Mon Jun 29 18:50:17 2026
| Host         : ganga running 64-bit Linux Mint 21.3
| Command      : report_drc -file red_pitaya_top_drc_opted.rpt -pb red_pitaya_top_drc_opted.pb -rpx red_pitaya_top_drc_opted.rpx
| Design       : red_pitaya_top
| Device       : xc7z010clg400-1
| Speed File   : -1
| Design State : Synthesized
---------------------------------------------------------------------------------------------------------------------------------

Report DRC

Table of Contents
-----------------
1. REPORT SUMMARY
2. REPORT DETAILS

1. REPORT SUMMARY
-----------------
            Netlist: netlist
          Floorplan: design_1
      Design limits: <entire design considered>
           Ruledeck: default
             Max violations: <unlimited>
             Violations found: 16
+--------+----------+------------------+------------+
| Rule   | Severity | Description      | Violations |
+--------+----------+------------------+------------+
| DPIP-1 | Warning  | Input pipelining | 16         |
+--------+----------+------------------+------------+

2. REPORT DETAILS
-----------------
DPIP-1#1 Warning
Input pipelining  
DSP mm_core/mm_mac/sum_2_reg[0] input mm_core/mm_mac/sum_2_reg[0]/A[29:0] is not pipelined. Pipelining DSP48 input will improve performance.
Related violations: <none>

DPIP-1#2 Warning
Input pipelining  
DSP mm_core/mm_mac/sum_2_reg[0] input mm_core/mm_mac/sum_2_reg[0]/B[17:0] is not pipelined. Pipelining DSP48 input will improve performance.
Related violations: <none>

DPIP-1#3 Warning
Input pipelining  
DSP mm_core/mm_mac/sum_2_reg[1] input mm_core/mm_mac/sum_2_reg[1]/A[29:0] is not pipelined. Pipelining DSP48 input will improve performance.
Related violations: <none>

DPIP-1#4 Warning
Input pipelining  
DSP mm_core/mm_mac/sum_2_reg[1] input mm_core/mm_mac/sum_2_reg[1]/B[17:0] is not pipelined. Pipelining DSP48 input will improve performance.
Related violations: <none>

DPIP-1#5 Warning
Input pipelining  
DSP mm_core/mm_mac/sum_2_reg[2] input mm_core/mm_mac/sum_2_reg[2]/A[29:0] is not pipelined. Pipelining DSP48 input will improve performance.
Related violations: <none>

DPIP-1#6 Warning
Input pipelining  
DSP mm_core/mm_mac/sum_2_reg[2] input mm_core/mm_mac/sum_2_reg[2]/B[17:0] is not pipelined. Pipelining DSP48 input will improve performance.
Related violations: <none>

DPIP-1#7 Warning
Input pipelining  
DSP mm_core/mm_mac/sum_2_reg[3] input mm_core/mm_mac/sum_2_reg[3]/A[29:0] is not pipelined. Pipelining DSP48 input will improve performance.
Related violations: <none>

DPIP-1#8 Warning
Input pipelining  
DSP mm_core/mm_mac/sum_2_reg[3] input mm_core/mm_mac/sum_2_reg[3]/B[17:0] is not pipelined. Pipelining DSP48 input will improve performance.
Related violations: <none>

DPIP-1#9 Warning
Input pipelining  
DSP mm_core/mm_mac/sum_2_reg[4] input mm_core/mm_mac/sum_2_reg[4]/A[29:0] is not pipelined. Pipelining DSP48 input will improve performance.
Related violations: <none>

DPIP-1#10 Warning
Input pipelining  
DSP mm_core/mm_mac/sum_2_reg[4] input mm_core/mm_mac/sum_2_reg[4]/B[17:0] is not pipelined. Pipelining DSP48 input will improve performance.
Related violations: <none>

DPIP-1#11 Warning
Input pipelining  
DSP mm_core/mm_mac/sum_2_reg[5] input mm_core/mm_mac/sum_2_reg[5]/A[29:0] is not pipelined. Pipelining DSP48 input will improve performance.
Related violations: <none>

DPIP-1#12 Warning
Input pipelining  
DSP mm_core/mm_mac/sum_2_reg[5] input mm_core/mm_mac/sum_2_reg[5]/B[17:0] is not pipelined. Pipelining DSP48 input will improve performance.
Related violations: <none>

DPIP-1#13 Warning
Input pipelining  
DSP mm_core/mm_mac/sum_2_reg[6] input mm_core/mm_mac/sum_2_reg[6]/A[29:0] is not pipelined. Pipelining DSP48 input will improve performance.
Related violations: <none>

DPIP-1#14 Warning
Input pipelining  
DSP mm_core/mm_mac/sum_2_reg[6] input mm_core/mm_mac/sum_2_reg[6]/B[17:0] is not pipelined. Pipelining DSP48 input will improve performance.
Related violations: <none>

DPIP-1#15 Warning
Input pipelining  
DSP mm_core/mm_mac/sum_2_reg[7] input mm_core/mm_mac/sum_2_reg[7]/A[29:0] is not pipelined. Pipelining DSP48 input will improve performance.
Related violations: <none>

DPIP-1#16 Warning
Input pipelining  
DSP mm_core/mm_mac/sum_2_reg[7] input mm_core/mm_mac/sum_2_reg[7]/B[17:0] is not pipelined. Pipelining DSP48 input will improve performance.
Related violations: <none>


