
*** Running vivado
    with args -log red_pitaya_top.vdi -applog -m64 -product Vivado -messageDb vivado.pb -mode batch -source red_pitaya_top.tcl -notrace


****** Vivado v2020.1 (64-bit)
  **** SW Build 2902540 on Wed May 27 19:54:35 MDT 2020
  **** IP Build 2902112 on Wed May 27 22:43:36 MDT 2020
    ** Copyright 1986-2020 Xilinx, Inc. All Rights Reserved.

source red_pitaya_top.tcl -notrace
INFO: [IP_Flow 19-234] Refreshing IP repositories
INFO: [IP_Flow 19-1704] No user IP repositories specified
INFO: [IP_Flow 19-2313] Loaded Vivado IP repository '/tools/Xilinx/Vivado/2020.1/data/ip'.
Command: link_design -top red_pitaya_top -part xc7z010clg400-1
Design is defaulting to srcset: sources_1
Design is defaulting to constrset: constrs_1
INFO: [Device 21-403] Loading part xc7z010clg400-1
INFO: [Project 1-454] Reading design checkpoint '/auto/common/durga/work/proj/hwacc/hw/syn/RedPitaya-FPGA/prj/v0.94/project/redpitaya.srcs/sources_1/bd/system/ip/system_axi_protocol_converter_0_0/system_axi_protocol_converter_0_0.dcp' for cell 'ps/system_i/axi_protocol_converter_0'
INFO: [Project 1-454] Reading design checkpoint '/auto/common/durga/work/proj/hwacc/hw/syn/RedPitaya-FPGA/prj/v0.94/project/redpitaya.srcs/sources_1/bd/system/ip/system_axi_register_slice_0_0/system_axi_register_slice_0_0.dcp' for cell 'ps/system_i/axi_register_slice_0'
INFO: [Project 1-454] Reading design checkpoint '/auto/common/durga/work/proj/hwacc/hw/syn/RedPitaya-FPGA/prj/v0.94/project/redpitaya.srcs/sources_1/bd/system/ip/system_proc_sys_reset_0/system_proc_sys_reset_0.dcp' for cell 'ps/system_i/proc_sys_reset'
INFO: [Project 1-454] Reading design checkpoint '/auto/common/durga/work/proj/hwacc/hw/syn/RedPitaya-FPGA/prj/v0.94/project/redpitaya.srcs/sources_1/bd/system/ip/system_processing_system7_0/system_processing_system7_0.dcp' for cell 'ps/system_i/processing_system7'
INFO: [Project 1-454] Reading design checkpoint '/auto/common/durga/work/proj/hwacc/hw/syn/RedPitaya-FPGA/prj/v0.94/project/redpitaya.srcs/sources_1/bd/system/ip/system_xadc_0/system_xadc_0.dcp' for cell 'ps/system_i/xadc'
Netlist sorting complete. Time (s): cpu = 00:00:00.10 ; elapsed = 00:00:00.10 . Memory (MB): peak = 2076.805 ; gain = 0.000 ; free physical = 1327 ; free virtual = 8297
INFO: [Netlist 29-17] Analyzing 297 Unisim elements for replacement
INFO: [Netlist 29-28] Unisim Transformation completed in 0 CPU seconds
INFO: [Project 1-479] Netlist was created with Vivado 2020.1
INFO: [Project 1-570] Preparing netlist for logic optimization
Parsing XDC File [/auto/common/durga/work/proj/hwacc/hw/syn/RedPitaya-FPGA/prj/v0.94/project/redpitaya.srcs/sources_1/bd/system/ip/system_proc_sys_reset_0/system_proc_sys_reset_0_board.xdc] for cell 'ps/system_i/proc_sys_reset/U0'
Finished Parsing XDC File [/auto/common/durga/work/proj/hwacc/hw/syn/RedPitaya-FPGA/prj/v0.94/project/redpitaya.srcs/sources_1/bd/system/ip/system_proc_sys_reset_0/system_proc_sys_reset_0_board.xdc] for cell 'ps/system_i/proc_sys_reset/U0'
Parsing XDC File [/auto/common/durga/work/proj/hwacc/hw/syn/RedPitaya-FPGA/prj/v0.94/project/redpitaya.srcs/sources_1/bd/system/ip/system_proc_sys_reset_0/system_proc_sys_reset_0.xdc] for cell 'ps/system_i/proc_sys_reset/U0'
Finished Parsing XDC File [/auto/common/durga/work/proj/hwacc/hw/syn/RedPitaya-FPGA/prj/v0.94/project/redpitaya.srcs/sources_1/bd/system/ip/system_proc_sys_reset_0/system_proc_sys_reset_0.xdc] for cell 'ps/system_i/proc_sys_reset/U0'
Parsing XDC File [/auto/common/durga/work/proj/hwacc/hw/syn/RedPitaya-FPGA/prj/v0.94/project/redpitaya.srcs/sources_1/bd/system/ip/system_processing_system7_0/system_processing_system7_0.xdc] for cell 'ps/system_i/processing_system7/inst'
Finished Parsing XDC File [/auto/common/durga/work/proj/hwacc/hw/syn/RedPitaya-FPGA/prj/v0.94/project/redpitaya.srcs/sources_1/bd/system/ip/system_processing_system7_0/system_processing_system7_0.xdc] for cell 'ps/system_i/processing_system7/inst'
Parsing XDC File [/auto/common/durga/work/proj/hwacc/hw/syn/RedPitaya-FPGA/prj/v0.94/project/redpitaya.srcs/sources_1/bd/system/ip/system_xadc_0/system_xadc_0.xdc] for cell 'ps/system_i/xadc/inst'
Finished Parsing XDC File [/auto/common/durga/work/proj/hwacc/hw/syn/RedPitaya-FPGA/prj/v0.94/project/redpitaya.srcs/sources_1/bd/system/ip/system_xadc_0/system_xadc_0.xdc] for cell 'ps/system_i/xadc/inst'
Parsing XDC File [/auto/common/durga/work/proj/hwacc/hw/syn/RedPitaya-FPGA/prj/v0.94/project/redpitaya.srcs/constrs_1/imports/RedPitaya-FPGA/sdc/red_pitaya.xdc]
WARNING: [Vivado 12-584] No ports matched 'dac_clk_1x'. [/auto/common/durga/work/proj/hwacc/hw/syn/RedPitaya-FPGA/prj/v0.94/project/redpitaya.srcs/constrs_1/imports/RedPitaya-FPGA/sdc/red_pitaya.xdc:206]
CRITICAL WARNING: [Vivado 12-4739] create_clock:No valid object(s) found for '-objects [get_ports dac_clk_1x]'. [/auto/common/durga/work/proj/hwacc/hw/syn/RedPitaya-FPGA/prj/v0.94/project/redpitaya.srcs/constrs_1/imports/RedPitaya-FPGA/sdc/red_pitaya.xdc:206]
Resolution: Check if the specified object(s) exists in the current design. If it does, ensure that the correct design hierarchy was specified for the object. If you are working with clocks, make sure create_clock was used to create the clock object before it is referenced.
WARNING: [Vivado 12-584] No ports matched 'dac_clk_2x'. [/auto/common/durga/work/proj/hwacc/hw/syn/RedPitaya-FPGA/prj/v0.94/project/redpitaya.srcs/constrs_1/imports/RedPitaya-FPGA/sdc/red_pitaya.xdc:207]
CRITICAL WARNING: [Vivado 12-4739] create_clock:No valid object(s) found for '-objects [get_ports dac_clk_2x]'. [/auto/common/durga/work/proj/hwacc/hw/syn/RedPitaya-FPGA/prj/v0.94/project/redpitaya.srcs/constrs_1/imports/RedPitaya-FPGA/sdc/red_pitaya.xdc:207]
Resolution: Check if the specified object(s) exists in the current design. If it does, ensure that the correct design hierarchy was specified for the object. If you are working with clocks, make sure create_clock was used to create the clock object before it is referenced.
WARNING: [Vivado 12-584] No ports matched 'dac_clk_2p'. [/auto/common/durga/work/proj/hwacc/hw/syn/RedPitaya-FPGA/prj/v0.94/project/redpitaya.srcs/constrs_1/imports/RedPitaya-FPGA/sdc/red_pitaya.xdc:208]
CRITICAL WARNING: [Vivado 12-4739] create_clock:No valid object(s) found for '-objects [get_ports dac_clk_2p]'. [/auto/common/durga/work/proj/hwacc/hw/syn/RedPitaya-FPGA/prj/v0.94/project/redpitaya.srcs/constrs_1/imports/RedPitaya-FPGA/sdc/red_pitaya.xdc:208]
Resolution: Check if the specified object(s) exists in the current design. If it does, ensure that the correct design hierarchy was specified for the object. If you are working with clocks, make sure create_clock was used to create the clock object before it is referenced.
INFO: [Timing 38-35] Done setting XDC timing constraints. [/auto/common/durga/work/proj/hwacc/hw/syn/RedPitaya-FPGA/prj/v0.94/project/redpitaya.srcs/constrs_1/imports/RedPitaya-FPGA/sdc/red_pitaya.xdc:211]
INFO: [Timing 38-2] Deriving generated clocks [/auto/common/durga/work/proj/hwacc/hw/syn/RedPitaya-FPGA/prj/v0.94/project/redpitaya.srcs/constrs_1/imports/RedPitaya-FPGA/sdc/red_pitaya.xdc:211]
WARNING: [Vivado 12-627] No clocks matched 'dac_clk_2x'. [/auto/common/durga/work/proj/hwacc/hw/syn/RedPitaya-FPGA/prj/v0.94/project/redpitaya.srcs/constrs_1/imports/RedPitaya-FPGA/sdc/red_pitaya.xdc:211]
INFO: [Vivado 12-626] No clocks found. Please use 'create_clock' or 'create_generated_clock' command to create clocks. [/auto/common/durga/work/proj/hwacc/hw/syn/RedPitaya-FPGA/prj/v0.94/project/redpitaya.srcs/constrs_1/imports/RedPitaya-FPGA/sdc/red_pitaya.xdc:211]
get_clocks: Time (s): cpu = 00:00:11 ; elapsed = 00:00:12 . Memory (MB): peak = 2405.867 ; gain = 306.977 ; free physical = 847 ; free virtual = 7817
CRITICAL WARNING: [Vivado 12-4739] set_false_path:No valid object(s) found for '-to [get_clocks dac_clk_2x]'. [/auto/common/durga/work/proj/hwacc/hw/syn/RedPitaya-FPGA/prj/v0.94/project/redpitaya.srcs/constrs_1/imports/RedPitaya-FPGA/sdc/red_pitaya.xdc:211]
Resolution: Check if the specified object(s) exists in the current design. If it does, ensure that the correct design hierarchy was specified for the object. If you are working with clocks, make sure create_clock was used to create the clock object before it is referenced.
WARNING: [Vivado 12-627] No clocks matched 'dac_clk_2p'. [/auto/common/durga/work/proj/hwacc/hw/syn/RedPitaya-FPGA/prj/v0.94/project/redpitaya.srcs/constrs_1/imports/RedPitaya-FPGA/sdc/red_pitaya.xdc:212]
INFO: [Vivado 12-626] No clocks found. Please use 'create_clock' or 'create_generated_clock' command to create clocks. [/auto/common/durga/work/proj/hwacc/hw/syn/RedPitaya-FPGA/prj/v0.94/project/redpitaya.srcs/constrs_1/imports/RedPitaya-FPGA/sdc/red_pitaya.xdc:212]
CRITICAL WARNING: [Vivado 12-4739] set_false_path:No valid object(s) found for '-to [get_clocks dac_clk_2p]'. [/auto/common/durga/work/proj/hwacc/hw/syn/RedPitaya-FPGA/prj/v0.94/project/redpitaya.srcs/constrs_1/imports/RedPitaya-FPGA/sdc/red_pitaya.xdc:212]
Resolution: Check if the specified object(s) exists in the current design. If it does, ensure that the correct design hierarchy was specified for the object. If you are working with clocks, make sure create_clock was used to create the clock object before it is referenced.
WARNING: [Vivado 12-627] No clocks matched 'dac_clk_1x'. [/auto/common/durga/work/proj/hwacc/hw/syn/RedPitaya-FPGA/prj/v0.94/project/redpitaya.srcs/constrs_1/imports/RedPitaya-FPGA/sdc/red_pitaya.xdc:218]
INFO: [Vivado 12-626] No clocks found. Please use 'create_clock' or 'create_generated_clock' command to create clocks. [/auto/common/durga/work/proj/hwacc/hw/syn/RedPitaya-FPGA/prj/v0.94/project/redpitaya.srcs/constrs_1/imports/RedPitaya-FPGA/sdc/red_pitaya.xdc:218]
CRITICAL WARNING: [Vivado 12-4739] set_false_path:No valid object(s) found for '-to [get_clocks dac_clk_1x]'. [/auto/common/durga/work/proj/hwacc/hw/syn/RedPitaya-FPGA/prj/v0.94/project/redpitaya.srcs/constrs_1/imports/RedPitaya-FPGA/sdc/red_pitaya.xdc:218]
Resolution: Check if the specified object(s) exists in the current design. If it does, ensure that the correct design hierarchy was specified for the object. If you are working with clocks, make sure create_clock was used to create the clock object before it is referenced.
WARNING: [Vivado 12-627] No clocks matched 'dac_clk_2x'. [/auto/common/durga/work/proj/hwacc/hw/syn/RedPitaya-FPGA/prj/v0.94/project/redpitaya.srcs/constrs_1/imports/RedPitaya-FPGA/sdc/red_pitaya.xdc:219]
INFO: [Vivado 12-626] No clocks found. Please use 'create_clock' or 'create_generated_clock' command to create clocks. [/auto/common/durga/work/proj/hwacc/hw/syn/RedPitaya-FPGA/prj/v0.94/project/redpitaya.srcs/constrs_1/imports/RedPitaya-FPGA/sdc/red_pitaya.xdc:219]
CRITICAL WARNING: [Vivado 12-4739] set_false_path:No valid object(s) found for '-to [get_clocks dac_clk_2x]'. [/auto/common/durga/work/proj/hwacc/hw/syn/RedPitaya-FPGA/prj/v0.94/project/redpitaya.srcs/constrs_1/imports/RedPitaya-FPGA/sdc/red_pitaya.xdc:219]
Resolution: Check if the specified object(s) exists in the current design. If it does, ensure that the correct design hierarchy was specified for the object. If you are working with clocks, make sure create_clock was used to create the clock object before it is referenced.
WARNING: [Vivado 12-627] No clocks matched 'dac_clk_2p'. [/auto/common/durga/work/proj/hwacc/hw/syn/RedPitaya-FPGA/prj/v0.94/project/redpitaya.srcs/constrs_1/imports/RedPitaya-FPGA/sdc/red_pitaya.xdc:220]
INFO: [Vivado 12-626] No clocks found. Please use 'create_clock' or 'create_generated_clock' command to create clocks. [/auto/common/durga/work/proj/hwacc/hw/syn/RedPitaya-FPGA/prj/v0.94/project/redpitaya.srcs/constrs_1/imports/RedPitaya-FPGA/sdc/red_pitaya.xdc:220]
CRITICAL WARNING: [Vivado 12-4739] set_false_path:No valid object(s) found for '-to [get_clocks dac_clk_2p]'. [/auto/common/durga/work/proj/hwacc/hw/syn/RedPitaya-FPGA/prj/v0.94/project/redpitaya.srcs/constrs_1/imports/RedPitaya-FPGA/sdc/red_pitaya.xdc:220]
Resolution: Check if the specified object(s) exists in the current design. If it does, ensure that the correct design hierarchy was specified for the object. If you are working with clocks, make sure create_clock was used to create the clock object before it is referenced.
WARNING: [Vivado 12-627] No clocks matched 'ser_clk'. [/auto/common/durga/work/proj/hwacc/hw/syn/RedPitaya-FPGA/prj/v0.94/project/redpitaya.srcs/constrs_1/imports/RedPitaya-FPGA/sdc/red_pitaya.xdc:221]
INFO: [Vivado 12-626] No clocks found. Please use 'create_clock' or 'create_generated_clock' command to create clocks. [/auto/common/durga/work/proj/hwacc/hw/syn/RedPitaya-FPGA/prj/v0.94/project/redpitaya.srcs/constrs_1/imports/RedPitaya-FPGA/sdc/red_pitaya.xdc:221]
CRITICAL WARNING: [Vivado 12-4739] set_false_path:No valid object(s) found for '-to [get_clocks ser_clk]'. [/auto/common/durga/work/proj/hwacc/hw/syn/RedPitaya-FPGA/prj/v0.94/project/redpitaya.srcs/constrs_1/imports/RedPitaya-FPGA/sdc/red_pitaya.xdc:221]
Resolution: Check if the specified object(s) exists in the current design. If it does, ensure that the correct design hierarchy was specified for the object. If you are working with clocks, make sure create_clock was used to create the clock object before it is referenced.
WARNING: [Vivado 12-627] No clocks matched 'pdm_clk'. [/auto/common/durga/work/proj/hwacc/hw/syn/RedPitaya-FPGA/prj/v0.94/project/redpitaya.srcs/constrs_1/imports/RedPitaya-FPGA/sdc/red_pitaya.xdc:222]
INFO: [Vivado 12-626] No clocks found. Please use 'create_clock' or 'create_generated_clock' command to create clocks. [/auto/common/durga/work/proj/hwacc/hw/syn/RedPitaya-FPGA/prj/v0.94/project/redpitaya.srcs/constrs_1/imports/RedPitaya-FPGA/sdc/red_pitaya.xdc:222]
CRITICAL WARNING: [Vivado 12-4739] set_false_path:No valid object(s) found for '-to [get_clocks pdm_clk]'. [/auto/common/durga/work/proj/hwacc/hw/syn/RedPitaya-FPGA/prj/v0.94/project/redpitaya.srcs/constrs_1/imports/RedPitaya-FPGA/sdc/red_pitaya.xdc:222]
Resolution: Check if the specified object(s) exists in the current design. If it does, ensure that the correct design hierarchy was specified for the object. If you are working with clocks, make sure create_clock was used to create the clock object before it is referenced.
WARNING: [Vivado 12-627] No clocks matched 'dac_clk_2x'. [/auto/common/durga/work/proj/hwacc/hw/syn/RedPitaya-FPGA/prj/v0.94/project/redpitaya.srcs/constrs_1/imports/RedPitaya-FPGA/sdc/red_pitaya.xdc:223]
INFO: [Vivado 12-626] No clocks found. Please use 'create_clock' or 'create_generated_clock' command to create clocks. [/auto/common/durga/work/proj/hwacc/hw/syn/RedPitaya-FPGA/prj/v0.94/project/redpitaya.srcs/constrs_1/imports/RedPitaya-FPGA/sdc/red_pitaya.xdc:223]
CRITICAL WARNING: [Vivado 12-4739] set_false_path:No valid object(s) found for '-to [get_clocks dac_clk_2x]'. [/auto/common/durga/work/proj/hwacc/hw/syn/RedPitaya-FPGA/prj/v0.94/project/redpitaya.srcs/constrs_1/imports/RedPitaya-FPGA/sdc/red_pitaya.xdc:223]
Resolution: Check if the specified object(s) exists in the current design. If it does, ensure that the correct design hierarchy was specified for the object. If you are working with clocks, make sure create_clock was used to create the clock object before it is referenced.
WARNING: [Vivado 12-627] No clocks matched 'dac_clk_2p'. [/auto/common/durga/work/proj/hwacc/hw/syn/RedPitaya-FPGA/prj/v0.94/project/redpitaya.srcs/constrs_1/imports/RedPitaya-FPGA/sdc/red_pitaya.xdc:224]
INFO: [Vivado 12-626] No clocks found. Please use 'create_clock' or 'create_generated_clock' command to create clocks. [/auto/common/durga/work/proj/hwacc/hw/syn/RedPitaya-FPGA/prj/v0.94/project/redpitaya.srcs/constrs_1/imports/RedPitaya-FPGA/sdc/red_pitaya.xdc:224]
CRITICAL WARNING: [Vivado 12-4739] set_false_path:No valid object(s) found for '-to [get_clocks dac_clk_2p]'. [/auto/common/durga/work/proj/hwacc/hw/syn/RedPitaya-FPGA/prj/v0.94/project/redpitaya.srcs/constrs_1/imports/RedPitaya-FPGA/sdc/red_pitaya.xdc:224]
Resolution: Check if the specified object(s) exists in the current design. If it does, ensure that the correct design hierarchy was specified for the object. If you are working with clocks, make sure create_clock was used to create the clock object before it is referenced.
Finished Parsing XDC File [/auto/common/durga/work/proj/hwacc/hw/syn/RedPitaya-FPGA/prj/v0.94/project/redpitaya.srcs/constrs_1/imports/RedPitaya-FPGA/sdc/red_pitaya.xdc]
Parsing XDC File [/auto/common/durga/work/proj/hwacc/hw/syn/RedPitaya-FPGA/prj/v0.94/project/redpitaya.srcs/constrs_1/imports/RedPitaya-FPGA/prj/v0.94/sdc/red_pitaya.xdc]
WARNING: [Vivado 12-180] No cells matched 'i_ams/XADC_inst'. [/auto/common/durga/work/proj/hwacc/hw/syn/RedPitaya-FPGA/prj/v0.94/project/redpitaya.srcs/constrs_1/imports/RedPitaya-FPGA/prj/v0.94/sdc/red_pitaya.xdc:1]
CRITICAL WARNING: [Common 17-55] 'set_property' expects at least one object. [/auto/common/durga/work/proj/hwacc/hw/syn/RedPitaya-FPGA/prj/v0.94/project/redpitaya.srcs/constrs_1/imports/RedPitaya-FPGA/prj/v0.94/sdc/red_pitaya.xdc:1]
Resolution: If [get_<value>] was used to populate the object, check to make sure this command returns at least one valid object.
WARNING: [Vivado 12-584] No ports matched 'exp_p_io[8]'. [/auto/common/durga/work/proj/hwacc/hw/syn/RedPitaya-FPGA/prj/v0.94/project/redpitaya.srcs/constrs_1/imports/RedPitaya-FPGA/prj/v0.94/sdc/red_pitaya.xdc:18]
CRITICAL WARNING: [Common 17-55] 'set_property' expects at least one object. [/auto/common/durga/work/proj/hwacc/hw/syn/RedPitaya-FPGA/prj/v0.94/project/redpitaya.srcs/constrs_1/imports/RedPitaya-FPGA/prj/v0.94/sdc/red_pitaya.xdc:18]
Resolution: If [get_<value>] was used to populate the object, check to make sure this command returns at least one valid object.
WARNING: [Vivado 12-584] No ports matched 'exp_n_io[8]'. [/auto/common/durga/work/proj/hwacc/hw/syn/RedPitaya-FPGA/prj/v0.94/project/redpitaya.srcs/constrs_1/imports/RedPitaya-FPGA/prj/v0.94/sdc/red_pitaya.xdc:19]
CRITICAL WARNING: [Common 17-55] 'set_property' expects at least one object. [/auto/common/durga/work/proj/hwacc/hw/syn/RedPitaya-FPGA/prj/v0.94/project/redpitaya.srcs/constrs_1/imports/RedPitaya-FPGA/prj/v0.94/sdc/red_pitaya.xdc:19]
Resolution: If [get_<value>] was used to populate the object, check to make sure this command returns at least one valid object.
WARNING: [Vivado 12-584] No ports matched 'exp_p_io[9]'. [/auto/common/durga/work/proj/hwacc/hw/syn/RedPitaya-FPGA/prj/v0.94/project/redpitaya.srcs/constrs_1/imports/RedPitaya-FPGA/prj/v0.94/sdc/red_pitaya.xdc:20]
CRITICAL WARNING: [Common 17-55] 'set_property' expects at least one object. [/auto/common/durga/work/proj/hwacc/hw/syn/RedPitaya-FPGA/prj/v0.94/project/redpitaya.srcs/constrs_1/imports/RedPitaya-FPGA/prj/v0.94/sdc/red_pitaya.xdc:20]
Resolution: If [get_<value>] was used to populate the object, check to make sure this command returns at least one valid object.
WARNING: [Vivado 12-584] No ports matched 'exp_n_io[9]'. [/auto/common/durga/work/proj/hwacc/hw/syn/RedPitaya-FPGA/prj/v0.94/project/redpitaya.srcs/constrs_1/imports/RedPitaya-FPGA/prj/v0.94/sdc/red_pitaya.xdc:21]
CRITICAL WARNING: [Common 17-55] 'set_property' expects at least one object. [/auto/common/durga/work/proj/hwacc/hw/syn/RedPitaya-FPGA/prj/v0.94/project/redpitaya.srcs/constrs_1/imports/RedPitaya-FPGA/prj/v0.94/sdc/red_pitaya.xdc:21]
Resolution: If [get_<value>] was used to populate the object, check to make sure this command returns at least one valid object.
WARNING: [Vivado 12-584] No ports matched 'exp_p_io[10]'. [/auto/common/durga/work/proj/hwacc/hw/syn/RedPitaya-FPGA/prj/v0.94/project/redpitaya.srcs/constrs_1/imports/RedPitaya-FPGA/prj/v0.94/sdc/red_pitaya.xdc:22]
CRITICAL WARNING: [Common 17-55] 'set_property' expects at least one object. [/auto/common/durga/work/proj/hwacc/hw/syn/RedPitaya-FPGA/prj/v0.94/project/redpitaya.srcs/constrs_1/imports/RedPitaya-FPGA/prj/v0.94/sdc/red_pitaya.xdc:22]
Resolution: If [get_<value>] was used to populate the object, check to make sure this command returns at least one valid object.
WARNING: [Vivado 12-584] No ports matched 'exp_n_io[10]'. [/auto/common/durga/work/proj/hwacc/hw/syn/RedPitaya-FPGA/prj/v0.94/project/redpitaya.srcs/constrs_1/imports/RedPitaya-FPGA/prj/v0.94/sdc/red_pitaya.xdc:23]
CRITICAL WARNING: [Common 17-55] 'set_property' expects at least one object. [/auto/common/durga/work/proj/hwacc/hw/syn/RedPitaya-FPGA/prj/v0.94/project/redpitaya.srcs/constrs_1/imports/RedPitaya-FPGA/prj/v0.94/sdc/red_pitaya.xdc:23]
Resolution: If [get_<value>] was used to populate the object, check to make sure this command returns at least one valid object.
WARNING: [Vivado 12-508] No pins matched 'sys_bus_interconnect/for_bus[1].inst_sys_bus_cdc/reg_done_reg/C'. [/auto/common/durga/work/proj/hwacc/hw/syn/RedPitaya-FPGA/prj/v0.94/project/redpitaya.srcs/constrs_1/imports/RedPitaya-FPGA/prj/v0.94/sdc/red_pitaya.xdc:31]
CRITICAL WARNING: [Vivado 12-4739] set_max_delay:No valid object(s) found for '-from [get_pins {sys_bus_interconnect/for_bus[1].inst_sys_bus_cdc/reg_done_reg/C}]'. [/auto/common/durga/work/proj/hwacc/hw/syn/RedPitaya-FPGA/prj/v0.94/project/redpitaya.srcs/constrs_1/imports/RedPitaya-FPGA/prj/v0.94/sdc/red_pitaya.xdc:31]
Resolution: Check if the specified object(s) exists in the current design. If it does, ensure that the correct design hierarchy was specified for the object. If you are working with clocks, make sure create_clock was used to create the clock object before it is referenced.
WARNING: [Vivado 12-508] No pins matched 'sys_bus_interconnect/for_bus[2].inst_sys_bus_cdc/reg_done_reg/C'. [/auto/common/durga/work/proj/hwacc/hw/syn/RedPitaya-FPGA/prj/v0.94/project/redpitaya.srcs/constrs_1/imports/RedPitaya-FPGA/prj/v0.94/sdc/red_pitaya.xdc:36]
CRITICAL WARNING: [Vivado 12-4739] set_max_delay:No valid object(s) found for '-from [get_pins {sys_bus_interconnect/for_bus[2].inst_sys_bus_cdc/reg_done_reg/C}]'. [/auto/common/durga/work/proj/hwacc/hw/syn/RedPitaya-FPGA/prj/v0.94/project/redpitaya.srcs/constrs_1/imports/RedPitaya-FPGA/prj/v0.94/sdc/red_pitaya.xdc:36]
Resolution: Check if the specified object(s) exists in the current design. If it does, ensure that the correct design hierarchy was specified for the object. If you are working with clocks, make sure create_clock was used to create the clock object before it is referenced.
WARNING: [Vivado 12-508] No pins matched 'i_asg/ch*/inst_axi_dac/dac_rd_clr_r*/D'. [/auto/common/durga/work/proj/hwacc/hw/syn/RedPitaya-FPGA/prj/v0.94/project/redpitaya.srcs/constrs_1/imports/RedPitaya-FPGA/prj/v0.94/sdc/red_pitaya.xdc:65]
CRITICAL WARNING: [Vivado 12-4739] set_false_path:No valid object(s) found for '-to [get_pins i_asg/ch*/inst_axi_dac/dac_rd_clr_r*/D]'. [/auto/common/durga/work/proj/hwacc/hw/syn/RedPitaya-FPGA/prj/v0.94/project/redpitaya.srcs/constrs_1/imports/RedPitaya-FPGA/prj/v0.94/sdc/red_pitaya.xdc:65]
Resolution: Check if the specified object(s) exists in the current design. If it does, ensure that the correct design hierarchy was specified for the object. If you are working with clocks, make sure create_clock was used to create the clock object before it is referenced.
WARNING: [Vivado 12-508] No pins matched 'spi_done_csff*/D'. [/auto/common/durga/work/proj/hwacc/hw/syn/RedPitaya-FPGA/prj/v0.94/project/redpitaya.srcs/constrs_1/imports/RedPitaya-FPGA/prj/v0.94/sdc/red_pitaya.xdc:66]
CRITICAL WARNING: [Vivado 12-4739] set_false_path:No valid object(s) found for '-to [get_pins spi_done_csff*/D]'. [/auto/common/durga/work/proj/hwacc/hw/syn/RedPitaya-FPGA/prj/v0.94/project/redpitaya.srcs/constrs_1/imports/RedPitaya-FPGA/prj/v0.94/sdc/red_pitaya.xdc:66]
Resolution: Check if the specified object(s) exists in the current design. If it does, ensure that the correct design hierarchy was specified for the object. If you are working with clocks, make sure create_clock was used to create the clock object before it is referenced.
WARNING: [Vivado 12-508] No pins matched 'sys_bus_interconnect/for_bus[*].inst_sys_bus_cdc/reg_rdata*[*]*/C'. [/auto/common/durga/work/proj/hwacc/hw/syn/RedPitaya-FPGA/prj/v0.94/project/redpitaya.srcs/constrs_1/imports/RedPitaya-FPGA/prj/v0.94/sdc/red_pitaya.xdc:71]
CRITICAL WARNING: [Vivado 12-4739] set_false_path:No valid object(s) found for '-from [get_pins {sys_bus_interconnect/for_bus[*].inst_sys_bus_cdc/reg_rdata*[*]*/C}]'. [/auto/common/durga/work/proj/hwacc/hw/syn/RedPitaya-FPGA/prj/v0.94/project/redpitaya.srcs/constrs_1/imports/RedPitaya-FPGA/prj/v0.94/sdc/red_pitaya.xdc:71]
Resolution: Check if the specified object(s) exists in the current design. If it does, ensure that the correct design hierarchy was specified for the object. If you are working with clocks, make sure create_clock was used to create the clock object before it is referenced.
WARNING: [Vivado 12-508] No pins matched 'i_adc366x/adc_dat_o*[*]/C'. [/auto/common/durga/work/proj/hwacc/hw/syn/RedPitaya-FPGA/prj/v0.94/project/redpitaya.srcs/constrs_1/imports/RedPitaya-FPGA/prj/v0.94/sdc/red_pitaya.xdc:74]
CRITICAL WARNING: [Vivado 12-4739] set_false_path:No valid object(s) found for '-from [get_pins {i_adc366x/adc_dat_o*[*]/C}]'. [/auto/common/durga/work/proj/hwacc/hw/syn/RedPitaya-FPGA/prj/v0.94/project/redpitaya.srcs/constrs_1/imports/RedPitaya-FPGA/prj/v0.94/sdc/red_pitaya.xdc:74]
Resolution: Check if the specified object(s) exists in the current design. If it does, ensure that the correct design hierarchy was specified for the object. If you are working with clocks, make sure create_clock was used to create the clock object before it is referenced.
Finished Parsing XDC File [/auto/common/durga/work/proj/hwacc/hw/syn/RedPitaya-FPGA/prj/v0.94/project/redpitaya.srcs/constrs_1/imports/RedPitaya-FPGA/prj/v0.94/sdc/red_pitaya.xdc]
Parsing XDC File [/auto/common/durga/work/proj/hwacc/hw/syn/RedPitaya-FPGA/prj/v0.94/project/redpitaya.srcs/sources_1/bd/system/ip/system_axi_register_slice_0_0/system_axi_register_slice_0_0_clocks.xdc] for cell 'ps/system_i/axi_register_slice_0/inst'
WARNING: [Vivado 12-180] No cells matched '.*15.*_multi/.*/common.srl_fifo_0/asyncclear_.*'. [/auto/common/durga/work/proj/hwacc/hw/syn/RedPitaya-FPGA/prj/v0.94/project/redpitaya.srcs/sources_1/bd/system/ip/system_axi_register_slice_0_0/system_axi_register_slice_0_0_clocks.xdc:10]
WARNING: [Vivado 12-508] No pins matched 'get_pins -filter REF_PIN_NAME=~CLR -of_objects [get_cells -hierarchical -regexp .*15.*_multi/.*/common.srl_fifo_0/asyncclear_.*]'. [/auto/common/durga/work/proj/hwacc/hw/syn/RedPitaya-FPGA/prj/v0.94/project/redpitaya.srcs/sources_1/bd/system/ip/system_axi_register_slice_0_0/system_axi_register_slice_0_0_clocks.xdc:10]
WARNING: [Vivado_Tcl 4-921] Waiver ID 'CDC-7' -to list should not be empty. [/auto/common/durga/work/proj/hwacc/hw/syn/RedPitaya-FPGA/prj/v0.94/project/redpitaya.srcs/sources_1/bd/system/ip/system_axi_register_slice_0_0/system_axi_register_slice_0_0_clocks.xdc:10]
Finished Parsing XDC File [/auto/common/durga/work/proj/hwacc/hw/syn/RedPitaya-FPGA/prj/v0.94/project/redpitaya.srcs/sources_1/bd/system/ip/system_axi_register_slice_0_0/system_axi_register_slice_0_0_clocks.xdc] for cell 'ps/system_i/axi_register_slice_0/inst'
INFO: [Opt 31-138] Pushed 0 inverter(s) to 0 load pin(s).
Netlist sorting complete. Time (s): cpu = 00:00:00 ; elapsed = 00:00:00 . Memory (MB): peak = 2421.879 ; gain = 0.000 ; free physical = 846 ; free virtual = 7817
INFO: [Project 1-111] Unisim Transformation Summary:
  A total of 18 instances were transformed.
  IOBUF => IOBUF (IBUF, OBUFT): 16 instances
  OBUFDS => OBUFDS_DUAL_BUF (INV, OBUFDS(x2)): 2 instances

26 Infos, 28 Warnings, 25 Critical Warnings and 0 Errors encountered.
link_design completed successfully
link_design: Time (s): cpu = 00:00:26 ; elapsed = 00:00:33 . Memory (MB): peak = 2421.879 ; gain = 345.074 ; free physical = 846 ; free virtual = 7817
Command: opt_design
Attempting to get a license for feature 'Implementation' and/or device 'xc7z010'
INFO: [Common 17-349] Got license for feature 'Implementation' and/or device 'xc7z010'
Running DRC as a precondition to command opt_design

Starting DRC Task
INFO: [DRC 23-27] Running DRC with 4 threads
INFO: [Project 1-461] DRC finished with 0 Errors
INFO: [Project 1-462] Please refer to the DRC report (report_drc) for more information.

Time (s): cpu = 00:00:04 ; elapsed = 00:00:03 . Memory (MB): peak = 2437.883 ; gain = 16.004 ; free physical = 825 ; free virtual = 7796

Starting Cache Timing Information Task
INFO: [Timing 38-35] Done setting XDC timing constraints.
Ending Cache Timing Information Task | Checksum: 1814824d4

Time (s): cpu = 00:00:02 ; elapsed = 00:00:00.66 . Memory (MB): peak = 2459.695 ; gain = 21.812 ; free physical = 826 ; free virtual = 7797

Starting Logic Optimization Task

Phase 1 Retarget
INFO: [Opt 31-138] Pushed 2 inverter(s) to 32 load pin(s).
INFO: [Opt 31-49] Retargeted 0 cell(s).
Phase 1 Retarget | Checksum: 6221d4bf

Time (s): cpu = 00:00:00.94 ; elapsed = 00:00:00.53 . Memory (MB): peak = 2608.695 ; gain = 0.000 ; free physical = 670 ; free virtual = 7641
INFO: [Opt 31-389] Phase Retarget created 6 cells and removed 34 cells
INFO: [Opt 31-1021] In phase Retarget, 4 netlist objects are constrained preventing optimization. Please run opt_design with -debug_log to get more detail. 

Phase 2 Constant propagation
INFO: [Opt 31-138] Pushed 0 inverter(s) to 0 load pin(s).
Phase 2 Constant propagation | Checksum: 148576e18

Time (s): cpu = 00:00:01 ; elapsed = 00:00:00.71 . Memory (MB): peak = 2608.695 ; gain = 0.000 ; free physical = 670 ; free virtual = 7641
INFO: [Opt 31-389] Phase Constant propagation created 0 cells and removed 100 cells

Phase 3 Sweep
Phase 3 Sweep | Checksum: 10e46d29c

Time (s): cpu = 00:00:02 ; elapsed = 00:00:02 . Memory (MB): peak = 2608.695 ; gain = 0.000 ; free physical = 669 ; free virtual = 7640
INFO: [Opt 31-389] Phase Sweep created 8 cells and removed 383 cells

Phase 4 BUFG optimization
Phase 4 BUFG optimization | Checksum: d6ebc617

Time (s): cpu = 00:00:02 ; elapsed = 00:00:02 . Memory (MB): peak = 2608.695 ; gain = 0.000 ; free physical = 669 ; free virtual = 7640
INFO: [Opt 31-662] Phase BUFG optimization created 0 cells of which 0 are BUFGs and removed 1 cells.

Phase 5 Shift Register Optimization
INFO: [Opt 31-1064] SRL Remap converted 0 SRLs to 0 registers and converted 0 registers of register chains to 0 SRLs
Phase 5 Shift Register Optimization | Checksum: d6ebc617

Time (s): cpu = 00:00:03 ; elapsed = 00:00:02 . Memory (MB): peak = 2608.695 ; gain = 0.000 ; free physical = 669 ; free virtual = 7640
INFO: [Opt 31-389] Phase Shift Register Optimization created 0 cells and removed 0 cells

Phase 6 Post Processing Netlist
Phase 6 Post Processing Netlist | Checksum: b64d0fc2

Time (s): cpu = 00:00:03 ; elapsed = 00:00:02 . Memory (MB): peak = 2608.695 ; gain = 0.000 ; free physical = 669 ; free virtual = 7640
INFO: [Opt 31-389] Phase Post Processing Netlist created 0 cells and removed 0 cells
Opt_design Change Summary
=========================


-------------------------------------------------------------------------------------------------------------------------
|  Phase                        |  #Cells created  |  #Cells Removed  |  #Constrained objects preventing optimizations  |
-------------------------------------------------------------------------------------------------------------------------
|  Retarget                     |               6  |              34  |                                              4  |
|  Constant propagation         |               0  |             100  |                                              0  |
|  Sweep                        |               8  |             383  |                                              0  |
|  BUFG optimization            |               0  |               1  |                                              0  |
|  Shift Register Optimization  |               0  |               0  |                                              0  |
|  Post Processing Netlist      |               0  |               0  |                                              0  |
-------------------------------------------------------------------------------------------------------------------------



Starting Connectivity Check Task

Time (s): cpu = 00:00:00.01 ; elapsed = 00:00:00.01 . Memory (MB): peak = 2608.695 ; gain = 0.000 ; free physical = 669 ; free virtual = 7640
Ending Logic Optimization Task | Checksum: 10f8e50e1

Time (s): cpu = 00:00:03 ; elapsed = 00:00:03 . Memory (MB): peak = 2608.695 ; gain = 0.000 ; free physical = 669 ; free virtual = 7640

Starting Power Optimization Task
INFO: [Pwropt 34-132] Skipping clock gating for clocks with a period < 2.00 ns.
INFO: [Power 33-23] Power model is not available for i_DNA
INFO: [Timing 38-35] Done setting XDC timing constraints.
Running Vector-less Activity Propagation...

Finished Running Vector-less Activity Propagation
INFO: [Pwropt 34-9] Applying IDT optimizations ...
INFO: [Pwropt 34-10] Applying ODC optimizations ...


Starting PowerOpt Patch Enables Task
INFO: [Pwropt 34-162] WRITE_MODE attribute of 0 BRAM(s) out of a total of 50 has been updated to save power. Run report_power_opt to get a complete listing of the BRAMs updated.
INFO: [Pwropt 34-201] Structural ODC has moved 0 WE to EN ports
Number of BRAM Ports augmented: 0 newly gated: 32 Total Ports: 100
Number of Flops added for Enable Generation: 10

Ending PowerOpt Patch Enables Task | Checksum: 13b4b42d9

Time (s): cpu = 00:00:00.25 ; elapsed = 00:00:00.25 . Memory (MB): peak = 2803.547 ; gain = 0.000 ; free physical = 642 ; free virtual = 7613
Ending Power Optimization Task | Checksum: 13b4b42d9

Time (s): cpu = 00:00:11 ; elapsed = 00:00:08 . Memory (MB): peak = 2803.547 ; gain = 194.852 ; free physical = 649 ; free virtual = 7620

Starting Final Cleanup Task

Starting Logic Optimization Task
INFO: [Timing 38-35] Done setting XDC timing constraints.
Ending Logic Optimization Task | Checksum: 11fadeef4

Time (s): cpu = 00:00:02 ; elapsed = 00:00:01 . Memory (MB): peak = 2803.547 ; gain = 0.000 ; free physical = 649 ; free virtual = 7620
Ending Final Cleanup Task | Checksum: 11fadeef4

Time (s): cpu = 00:00:05 ; elapsed = 00:00:05 . Memory (MB): peak = 2803.547 ; gain = 0.000 ; free physical = 649 ; free virtual = 7620

Starting Netlist Obfuscation Task
Netlist sorting complete. Time (s): cpu = 00:00:00 ; elapsed = 00:00:00 . Memory (MB): peak = 2803.547 ; gain = 0.000 ; free physical = 649 ; free virtual = 7620
Ending Netlist Obfuscation Task | Checksum: 11fadeef4

Time (s): cpu = 00:00:00 ; elapsed = 00:00:00 . Memory (MB): peak = 2803.547 ; gain = 0.000 ; free physical = 649 ; free virtual = 7620
INFO: [Common 17-83] Releasing license: Implementation
51 Infos, 28 Warnings, 25 Critical Warnings and 0 Errors encountered.
opt_design completed successfully
opt_design: Time (s): cpu = 00:00:27 ; elapsed = 00:00:22 . Memory (MB): peak = 2803.547 ; gain = 381.668 ; free physical = 649 ; free virtual = 7620
INFO: [Timing 38-480] Writing timing data to binary archive.
Writing placer database...
Writing XDEF routing.
Writing XDEF routing logical nets.
Writing XDEF routing special nets.
Write XDEF Complete: Time (s): cpu = 00:00:00.14 ; elapsed = 00:00:00.37 . Memory (MB): peak = 2803.547 ; gain = 0.000 ; free physical = 646 ; free virtual = 7620
INFO: [Common 17-1381] The checkpoint '/auto/common/durga/work/proj/hwacc/hw/syn/RedPitaya-FPGA/prj/v0.94/project/redpitaya.runs/impl_1/red_pitaya_top_opt.dcp' has been generated.
INFO: [runtcl-4] Executing : report_drc -file red_pitaya_top_drc_opted.rpt -pb red_pitaya_top_drc_opted.pb -rpx red_pitaya_top_drc_opted.rpx
Command: report_drc -file red_pitaya_top_drc_opted.rpt -pb red_pitaya_top_drc_opted.pb -rpx red_pitaya_top_drc_opted.rpx
INFO: [IP_Flow 19-1839] IP Catalog is up to date.
INFO: [DRC 23-27] Running DRC with 4 threads
INFO: [Coretcl 2-168] The results of DRC are in file /auto/common/durga/work/proj/hwacc/hw/syn/RedPitaya-FPGA/prj/v0.94/project/redpitaya.runs/impl_1/red_pitaya_top_drc_opted.rpt.
report_drc completed successfully
Command: place_design
Attempting to get a license for feature 'Implementation' and/or device 'xc7z010'
INFO: [Common 17-349] Got license for feature 'Implementation' and/or device 'xc7z010'
INFO: [DRC 23-27] Running DRC with 4 threads
INFO: [Vivado_Tcl 4-198] DRC finished with 0 Errors
INFO: [Vivado_Tcl 4-199] Please refer to the DRC report (report_drc) for more information.
Running DRC as a precondition to command place_design
INFO: [DRC 23-27] Running DRC with 4 threads
INFO: [Vivado_Tcl 4-198] DRC finished with 0 Errors
INFO: [Vivado_Tcl 4-199] Please refer to the DRC report (report_drc) for more information.

Starting Placer Task
INFO: [Place 30-611] Multithreading enabled for place_design using a maximum of 4 CPUs

Phase 1 Placer Initialization

Phase 1.1 Placer Initialization Netlist Sorting
Netlist sorting complete. Time (s): cpu = 00:00:00 ; elapsed = 00:00:00 . Memory (MB): peak = 2814.562 ; gain = 0.000 ; free physical = 632 ; free virtual = 7605
Phase 1.1 Placer Initialization Netlist Sorting | Checksum: a25e93e2

Time (s): cpu = 00:00:00.02 ; elapsed = 00:00:00.06 . Memory (MB): peak = 2814.562 ; gain = 0.000 ; free physical = 632 ; free virtual = 7605
Netlist sorting complete. Time (s): cpu = 00:00:00.01 ; elapsed = 00:00:00 . Memory (MB): peak = 2814.562 ; gain = 0.000 ; free physical = 632 ; free virtual = 7605

Phase 1.2 IO Placement/ Clock Placement/ Build Placer Device
INFO: [Timing 38-35] Done setting XDC timing constraints.
Phase 1.2 IO Placement/ Clock Placement/ Build Placer Device | Checksum: 12160339a

Time (s): cpu = 00:00:05 ; elapsed = 00:00:02 . Memory (MB): peak = 2814.562 ; gain = 0.000 ; free physical = 610 ; free virtual = 7583

Phase 1.3 Build Placer Netlist Model
Phase 1.3 Build Placer Netlist Model | Checksum: 117605e62

Time (s): cpu = 00:00:10 ; elapsed = 00:00:04 . Memory (MB): peak = 2814.562 ; gain = 0.000 ; free physical = 615 ; free virtual = 7589

Phase 1.4 Constrain Clocks/Macros
Phase 1.4 Constrain Clocks/Macros | Checksum: 117605e62

Time (s): cpu = 00:00:10 ; elapsed = 00:00:04 . Memory (MB): peak = 2814.562 ; gain = 0.000 ; free physical = 615 ; free virtual = 7589
Phase 1 Placer Initialization | Checksum: 117605e62

Time (s): cpu = 00:00:10 ; elapsed = 00:00:04 . Memory (MB): peak = 2814.562 ; gain = 0.000 ; free physical = 615 ; free virtual = 7589

Phase 2 Global Placement

Phase 2.1 Floorplanning
Phase 2.1 Floorplanning | Checksum: 150d5a594

Time (s): cpu = 00:00:11 ; elapsed = 00:00:05 . Memory (MB): peak = 2814.562 ; gain = 0.000 ; free physical = 613 ; free virtual = 7587

Phase 2.2 Global Placement Core

Phase 2.2.1 Physical Synthesis In Placer
INFO: [Physopt 32-1035] Found 1 LUTNM shape to break, 630 LUT instances to create LUTNM shape
INFO: [Physopt 32-1044] Break lutnm for timing: one critical 1, two critical 0, total 1, new lutff created 0
INFO: [Physopt 32-775] End 1 Pass. Optimized 299 nets or cells. Created 1 new cell, deleted 298 existing cells and moved 0 existing cell
INFO: [Physopt 32-65] No nets found for high-fanout optimization.
INFO: [Physopt 32-232] Optimized 0 net. Created 0 new instance.
INFO: [Physopt 32-775] End 1 Pass. Optimized 0 net or cell. Created 0 new cell, deleted 0 existing cell and moved 0 existing cell
INFO: [Physopt 32-456] No candidate cells for DSP register optimization found in the design.
INFO: [Physopt 32-775] End 2 Pass. Optimized 0 net or cell. Created 0 new cell, deleted 0 existing cell and moved 0 existing cell
INFO: [Physopt 32-1123] No candidate cells found for Shift Register to Pipeline optimization
INFO: [Physopt 32-775] End 1 Pass. Optimized 0 net or cell. Created 0 new cell, deleted 0 existing cell and moved 0 existing cell
INFO: [Physopt 32-677] No candidate cells for Shift Register optimization found in the design
INFO: [Physopt 32-775] End 1 Pass. Optimized 0 net or cell. Created 0 new cell, deleted 0 existing cell and moved 0 existing cell
INFO: [Physopt 32-526] No candidate cells for BRAM register optimization found in the design
INFO: [Physopt 32-775] End 1 Pass. Optimized 0 net or cell. Created 0 new cell, deleted 0 existing cell and moved 0 existing cell
INFO: [Physopt 32-846] No candidate cells for URAM register optimization found in the design
INFO: [Physopt 32-775] End 2 Pass. Optimized 0 net or cell. Created 0 new cell, deleted 0 existing cell and moved 0 existing cell
INFO: [Physopt 32-949] No candidate nets found for HD net replication
INFO: [Physopt 32-775] End 1 Pass. Optimized 0 net or cell. Created 0 new cell, deleted 0 existing cell and moved 0 existing cell
Netlist sorting complete. Time (s): cpu = 00:00:00 ; elapsed = 00:00:00 . Memory (MB): peak = 2814.562 ; gain = 0.000 ; free physical = 602 ; free virtual = 7576

Summary of Physical Synthesis Optimizations
============================================


-----------------------------------------------------------------------------------------------------------------------------------------------------------
|  Optimization                                     |  Added Cells  |  Removed Cells  |  Optimized Cells/Nets  |  Dont Touch  |  Iterations  |  Elapsed   |
-----------------------------------------------------------------------------------------------------------------------------------------------------------
|  LUT Combining                                    |            1  |            298  |                   299  |           0  |           1  |  00:00:00  |
|  Very High Fanout                                 |            0  |              0  |                     0  |           0  |           1  |  00:00:00  |
|  DSP Register                                     |            0  |              0  |                     0  |           0  |           1  |  00:00:00  |
|  Shift Register to Pipeline                       |            0  |              0  |                     0  |           0  |           1  |  00:00:00  |
|  Shift Register                                   |            0  |              0  |                     0  |           0  |           1  |  00:00:00  |
|  BRAM Register                                    |            0  |              0  |                     0  |           0  |           1  |  00:00:00  |
|  URAM Register                                    |            0  |              0  |                     0  |           0  |           1  |  00:00:00  |
|  Dynamic/Static Region Interface Net Replication  |            0  |              0  |                     0  |           0  |           1  |  00:00:00  |
|  Total                                            |            1  |            298  |                   299  |           0  |           8  |  00:00:01  |
-----------------------------------------------------------------------------------------------------------------------------------------------------------


Phase 2.2.1 Physical Synthesis In Placer | Checksum: f145c862

Time (s): cpu = 00:00:25 ; elapsed = 00:00:12 . Memory (MB): peak = 2814.562 ; gain = 0.000 ; free physical = 603 ; free virtual = 7576
Phase 2.2 Global Placement Core | Checksum: 1002ec39a

Time (s): cpu = 00:00:26 ; elapsed = 00:00:12 . Memory (MB): peak = 2814.562 ; gain = 0.000 ; free physical = 603 ; free virtual = 7576
Phase 2 Global Placement | Checksum: 1002ec39a

Time (s): cpu = 00:00:26 ; elapsed = 00:00:12 . Memory (MB): peak = 2814.562 ; gain = 0.000 ; free physical = 603 ; free virtual = 7576

Phase 3 Detail Placement

Phase 3.1 Commit Multi Column Macros
Phase 3.1 Commit Multi Column Macros | Checksum: d07d77bf

Time (s): cpu = 00:00:27 ; elapsed = 00:00:13 . Memory (MB): peak = 2814.562 ; gain = 0.000 ; free physical = 603 ; free virtual = 7576

Phase 3.2 Commit Most Macros & LUTRAMs
Phase 3.2 Commit Most Macros & LUTRAMs | Checksum: 96234158

Time (s): cpu = 00:00:30 ; elapsed = 00:00:14 . Memory (MB): peak = 2814.562 ; gain = 0.000 ; free physical = 603 ; free virtual = 7576

Phase 3.3 Area Swap Optimization
Phase 3.3 Area Swap Optimization | Checksum: 10c2fc84a

Time (s): cpu = 00:00:30 ; elapsed = 00:00:14 . Memory (MB): peak = 2814.562 ; gain = 0.000 ; free physical = 603 ; free virtual = 7576

Phase 3.4 Pipeline Register Optimization
Phase 3.4 Pipeline Register Optimization | Checksum: 67920963

Time (s): cpu = 00:00:30 ; elapsed = 00:00:14 . Memory (MB): peak = 2814.562 ; gain = 0.000 ; free physical = 603 ; free virtual = 7576

Phase 3.5 Fast Optimization
Phase 3.5 Fast Optimization | Checksum: a334a91d

Time (s): cpu = 00:00:33 ; elapsed = 00:00:15 . Memory (MB): peak = 2814.562 ; gain = 0.000 ; free physical = 605 ; free virtual = 7578

Phase 3.6 Small Shape Detail Placement
Phase 3.6 Small Shape Detail Placement | Checksum: d8fd7d9a

Time (s): cpu = 00:00:35 ; elapsed = 00:00:17 . Memory (MB): peak = 2814.562 ; gain = 0.000 ; free physical = 605 ; free virtual = 7578

Phase 3.7 Re-assign LUT pins
Phase 3.7 Re-assign LUT pins | Checksum: 92e4eb08

Time (s): cpu = 00:00:35 ; elapsed = 00:00:17 . Memory (MB): peak = 2814.562 ; gain = 0.000 ; free physical = 605 ; free virtual = 7578

Phase 3.8 Pipeline Register Optimization
Phase 3.8 Pipeline Register Optimization | Checksum: 1389729c6

Time (s): cpu = 00:00:35 ; elapsed = 00:00:17 . Memory (MB): peak = 2814.562 ; gain = 0.000 ; free physical = 605 ; free virtual = 7578

Phase 3.9 Fast Optimization
Phase 3.9 Fast Optimization | Checksum: 1b32f0839

Time (s): cpu = 00:00:40 ; elapsed = 00:00:19 . Memory (MB): peak = 2814.562 ; gain = 0.000 ; free physical = 603 ; free virtual = 7577
Phase 3 Detail Placement | Checksum: 1b32f0839

Time (s): cpu = 00:00:40 ; elapsed = 00:00:20 . Memory (MB): peak = 2814.562 ; gain = 0.000 ; free physical = 603 ; free virtual = 7577

Phase 4 Post Placement Optimization and Clean-Up

Phase 4.1 Post Commit Optimization
INFO: [Timing 38-35] Done setting XDC timing constraints.

Phase 4.1.1 Post Placement Optimization
Post Placement Optimization Initialization | Checksum: 1ddeefb40

Phase 4.1.1.1 BUFG Insertion

Starting Physical Synthesis Task

Phase 1 Physical Synthesis Initialization
INFO: [Physopt 32-721] Multithreading enabled for phys_opt_design using a maximum of 4 CPUs
INFO: [Physopt 32-619] Estimated Timing Summary | WNS=-0.314 | TNS=-2.143 |
Phase 1 Physical Synthesis Initialization | Checksum: 18c9e6358

Time (s): cpu = 00:00:01 ; elapsed = 00:00:00.44 . Memory (MB): peak = 2814.562 ; gain = 0.000 ; free physical = 603 ; free virtual = 7577
INFO: [Place 46-56] BUFG insertion identified 0 candidate nets. Inserted BUFG: 0, Replicated BUFG Driver: 0, Skipped due to Placement/Routing Conflicts: 0, Skipped due to Timing Degradation: 0, Skipped due to Illegal Netlist: 0.
Ending Physical Synthesis Task | Checksum: 160d8f1f4

Time (s): cpu = 00:00:01 ; elapsed = 00:00:00.48 . Memory (MB): peak = 2814.562 ; gain = 0.000 ; free physical = 603 ; free virtual = 7577
Phase 4.1.1.1 BUFG Insertion | Checksum: 1ddeefb40

Time (s): cpu = 00:00:48 ; elapsed = 00:00:22 . Memory (MB): peak = 2814.562 ; gain = 0.000 ; free physical = 603 ; free virtual = 7577
INFO: [Place 30-746] Post Placement Timing Summary WNS=0.249. For the most accurate timing information please run report_timing.
Phase 4.1.1 Post Placement Optimization | Checksum: 15852f65e

Time (s): cpu = 00:01:07 ; elapsed = 00:00:37 . Memory (MB): peak = 2814.562 ; gain = 0.000 ; free physical = 602 ; free virtual = 7576
Phase 4.1 Post Commit Optimization | Checksum: 15852f65e

Time (s): cpu = 00:01:07 ; elapsed = 00:00:37 . Memory (MB): peak = 2814.562 ; gain = 0.000 ; free physical = 602 ; free virtual = 7576

Phase 4.2 Post Placement Cleanup
Phase 4.2 Post Placement Cleanup | Checksum: 15852f65e

Time (s): cpu = 00:01:07 ; elapsed = 00:00:37 . Memory (MB): peak = 2814.562 ; gain = 0.000 ; free physical = 602 ; free virtual = 7576

Phase 4.3 Placer Reporting
Phase 4.3 Placer Reporting | Checksum: 15852f65e

Time (s): cpu = 00:01:07 ; elapsed = 00:00:37 . Memory (MB): peak = 2814.562 ; gain = 0.000 ; free physical = 602 ; free virtual = 7576

Phase 4.4 Final Placement Cleanup
Netlist sorting complete. Time (s): cpu = 00:00:00 ; elapsed = 00:00:00 . Memory (MB): peak = 2814.562 ; gain = 0.000 ; free physical = 602 ; free virtual = 7576
Phase 4.4 Final Placement Cleanup | Checksum: 1a301c787

Time (s): cpu = 00:01:07 ; elapsed = 00:00:38 . Memory (MB): peak = 2814.562 ; gain = 0.000 ; free physical = 602 ; free virtual = 7576
Phase 4 Post Placement Optimization and Clean-Up | Checksum: 1a301c787

Time (s): cpu = 00:01:08 ; elapsed = 00:00:38 . Memory (MB): peak = 2814.562 ; gain = 0.000 ; free physical = 602 ; free virtual = 7576
Ending Placer Task | Checksum: f6b93edc

Time (s): cpu = 00:01:08 ; elapsed = 00:00:38 . Memory (MB): peak = 2814.562 ; gain = 0.000 ; free physical = 602 ; free virtual = 7576
INFO: [Common 17-83] Releasing license: Implementation
90 Infos, 28 Warnings, 25 Critical Warnings and 0 Errors encountered.
place_design completed successfully
place_design: Time (s): cpu = 00:01:12 ; elapsed = 00:00:41 . Memory (MB): peak = 2814.562 ; gain = 0.000 ; free physical = 602 ; free virtual = 7576
INFO: [Timing 38-480] Writing timing data to binary archive.
Writing placer database...
Writing XDEF routing.
Writing XDEF routing logical nets.
Writing XDEF routing special nets.
Write XDEF Complete: Time (s): cpu = 00:00:04 ; elapsed = 00:00:02 . Memory (MB): peak = 2814.562 ; gain = 0.000 ; free physical = 583 ; free virtual = 7568
INFO: [Common 17-1381] The checkpoint '/auto/common/durga/work/proj/hwacc/hw/syn/RedPitaya-FPGA/prj/v0.94/project/redpitaya.runs/impl_1/red_pitaya_top_placed.dcp' has been generated.
INFO: [runtcl-4] Executing : report_io -file red_pitaya_top_io_placed.rpt
report_io: Time (s): cpu = 00:00:00.21 ; elapsed = 00:00:00.32 . Memory (MB): peak = 2814.562 ; gain = 0.000 ; free physical = 581 ; free virtual = 7558
INFO: [runtcl-4] Executing : report_utilization -file red_pitaya_top_utilization_placed.rpt -pb red_pitaya_top_utilization_placed.pb
INFO: [runtcl-4] Executing : report_control_sets -verbose -file red_pitaya_top_control_sets_placed.rpt
report_control_sets: Time (s): cpu = 00:00:00.07 ; elapsed = 00:00:00.18 . Memory (MB): peak = 2814.562 ; gain = 0.000 ; free physical = 595 ; free virtual = 7572
Command: phys_opt_design
Attempting to get a license for feature 'Implementation' and/or device 'xc7z010'
INFO: [Common 17-349] Got license for feature 'Implementation' and/or device 'xc7z010'
INFO: [Vivado_Tcl 4-383] Design worst setup slack (WNS) is greater than or equal to 0.000 ns. Skipping all physical synthesis optimizations.
INFO: [Vivado_Tcl 4-232] No setup violation found. The netlist was not modified.
INFO: [Common 17-83] Releasing license: Implementation
99 Infos, 28 Warnings, 25 Critical Warnings and 0 Errors encountered.
phys_opt_design completed successfully
INFO: [Timing 38-480] Writing timing data to binary archive.
Writing placer database...
Writing XDEF routing.
Writing XDEF routing logical nets.
Writing XDEF routing special nets.
Write XDEF Complete: Time (s): cpu = 00:00:03 ; elapsed = 00:00:02 . Memory (MB): peak = 2814.562 ; gain = 0.000 ; free physical = 542 ; free virtual = 7530
INFO: [Common 17-1381] The checkpoint '/auto/common/durga/work/proj/hwacc/hw/syn/RedPitaya-FPGA/prj/v0.94/project/redpitaya.runs/impl_1/red_pitaya_top_physopt.dcp' has been generated.
Command: route_design
Attempting to get a license for feature 'Implementation' and/or device 'xc7z010'
INFO: [Common 17-349] Got license for feature 'Implementation' and/or device 'xc7z010'
Running DRC as a precondition to command route_design
INFO: [DRC 23-27] Running DRC with 4 threads
INFO: [Vivado_Tcl 4-198] DRC finished with 0 Errors
INFO: [Vivado_Tcl 4-199] Please refer to the DRC report (report_drc) for more information.


Starting Routing Task
INFO: [Route 35-254] Multithreading enabled for route_design using a maximum of 4 CPUs
Checksum: PlaceDB: 9720c9cb ConstDB: 0 ShapeSum: 5f987511 RouteDB: 0

Phase 1 Build RT Design
Phase 1 Build RT Design | Checksum: 1620c8d99

Time (s): cpu = 00:00:14 ; elapsed = 00:00:13 . Memory (MB): peak = 2814.562 ; gain = 0.000 ; free physical = 481 ; free virtual = 7462
Post Restoration Checksum: NetGraph: 9c990d20 NumContArr: c5738079 Constraints: 0 Timing: 0

Phase 2 Router Initialization

Phase 2.1 Create Timer
Phase 2.1 Create Timer | Checksum: 1620c8d99

Time (s): cpu = 00:00:14 ; elapsed = 00:00:13 . Memory (MB): peak = 2814.562 ; gain = 0.000 ; free physical = 485 ; free virtual = 7466

Phase 2.2 Fix Topology Constraints
Phase 2.2 Fix Topology Constraints | Checksum: 1620c8d99

Time (s): cpu = 00:00:14 ; elapsed = 00:00:13 . Memory (MB): peak = 2814.562 ; gain = 0.000 ; free physical = 469 ; free virtual = 7450

Phase 2.3 Pre Route Cleanup
Phase 2.3 Pre Route Cleanup | Checksum: 1620c8d99

Time (s): cpu = 00:00:14 ; elapsed = 00:00:13 . Memory (MB): peak = 2814.562 ; gain = 0.000 ; free physical = 469 ; free virtual = 7450
 Number of Nodes with overlaps = 0

Phase 2.4 Update Timing
Phase 2.4 Update Timing | Checksum: fd5985f6

Time (s): cpu = 00:00:21 ; elapsed = 00:00:18 . Memory (MB): peak = 2814.562 ; gain = 0.000 ; free physical = 453 ; free virtual = 7433
INFO: [Route 35-416] Intermediate Timing Summary | WNS=0.130  | TNS=0.000  | WHS=-0.666 | THS=-70.965|

Phase 2 Router Initialization | Checksum: 135fdbc1d

Time (s): cpu = 00:00:25 ; elapsed = 00:00:19 . Memory (MB): peak = 2814.562 ; gain = 0.000 ; free physical = 450 ; free virtual = 7431

Router Utilization Summary
  Global Vertical Routing Utilization    = 0.00182995 %
  Global Horizontal Routing Utilization  = 0.00482537 %
  Routable Net Status*
  *Does not include unroutable nets such as driverless and loadless.
  Run report_route_status for detailed report.
  Number of Failed Nets               = 8492
    (Failed Nets is the sum of unrouted and partially routed nets)
  Number of Unrouted Nets             = 8490
  Number of Partially Routed Nets     = 2
  Number of Node Overlaps             = 1


Phase 3 Initial Routing
Phase 3 Initial Routing | Checksum: 211fc60c2

Time (s): cpu = 00:00:36 ; elapsed = 00:00:27 . Memory (MB): peak = 2814.562 ; gain = 0.000 ; free physical = 360 ; free virtual = 7299

Phase 4 Rip-up And Reroute

Phase 4.1 Global Iteration 0
 Number of Nodes with overlaps = 690
 Number of Nodes with overlaps = 151
 Number of Nodes with overlaps = 48
 Number of Nodes with overlaps = 19
 Number of Nodes with overlaps = 9
 Number of Nodes with overlaps = 5
 Number of Nodes with overlaps = 1
 Number of Nodes with overlaps = 0
INFO: [Route 35-416] Intermediate Timing Summary | WNS=-0.117 | TNS=-0.354 | WHS=N/A    | THS=N/A    |

Phase 4.1 Global Iteration 0 | Checksum: d1ac3ce0

Time (s): cpu = 00:00:54 ; elapsed = 00:00:40 . Memory (MB): peak = 2814.562 ; gain = 0.000 ; free physical = 512 ; free virtual = 7451

Phase 4.2 Global Iteration 1
 Number of Nodes with overlaps = 61
 Number of Nodes with overlaps = 42
 Number of Nodes with overlaps = 35
 Number of Nodes with overlaps = 11
 Number of Nodes with overlaps = 6
 Number of Nodes with overlaps = 8
 Number of Nodes with overlaps = 5
 Number of Nodes with overlaps = 1
 Number of Nodes with overlaps = 2
 Number of Nodes with overlaps = 1
 Number of Nodes with overlaps = 0
INFO: [Route 35-416] Intermediate Timing Summary | WNS=0.100  | TNS=0.000  | WHS=N/A    | THS=N/A    |

Phase 4.2 Global Iteration 1 | Checksum: 1cdd00b1f

Time (s): cpu = 00:01:00 ; elapsed = 00:00:47 . Memory (MB): peak = 2814.562 ; gain = 0.000 ; free physical = 507 ; free virtual = 7446
Phase 4 Rip-up And Reroute | Checksum: 1cdd00b1f

Time (s): cpu = 00:01:00 ; elapsed = 00:00:47 . Memory (MB): peak = 2814.562 ; gain = 0.000 ; free physical = 507 ; free virtual = 7446

Phase 5 Delay and Skew Optimization

Phase 5.1 Delay CleanUp

Phase 5.1.1 Update Timing
Phase 5.1.1 Update Timing | Checksum: 1a6420d0d

Time (s): cpu = 00:01:01 ; elapsed = 00:00:47 . Memory (MB): peak = 2814.562 ; gain = 0.000 ; free physical = 506 ; free virtual = 7446
INFO: [Route 35-416] Intermediate Timing Summary | WNS=0.154  | TNS=0.000  | WHS=N/A    | THS=N/A    |

Phase 5.1 Delay CleanUp | Checksum: 1a6420d0d

Time (s): cpu = 00:01:01 ; elapsed = 00:00:47 . Memory (MB): peak = 2814.562 ; gain = 0.000 ; free physical = 506 ; free virtual = 7446

Phase 5.2 Clock Skew Optimization
Phase 5.2 Clock Skew Optimization | Checksum: 1a6420d0d

Time (s): cpu = 00:01:01 ; elapsed = 00:00:47 . Memory (MB): peak = 2814.562 ; gain = 0.000 ; free physical = 506 ; free virtual = 7446
Phase 5 Delay and Skew Optimization | Checksum: 1a6420d0d

Time (s): cpu = 00:01:01 ; elapsed = 00:00:47 . Memory (MB): peak = 2814.562 ; gain = 0.000 ; free physical = 506 ; free virtual = 7446

Phase 6 Post Hold Fix

Phase 6.1 Hold Fix Iter

Phase 6.1.1 Update Timing
Phase 6.1.1 Update Timing | Checksum: 20c583ec1

Time (s): cpu = 00:01:03 ; elapsed = 00:00:48 . Memory (MB): peak = 2814.562 ; gain = 0.000 ; free physical = 506 ; free virtual = 7445
INFO: [Route 35-416] Intermediate Timing Summary | WNS=0.154  | TNS=0.000  | WHS=0.037  | THS=0.000  |

Phase 6.1 Hold Fix Iter | Checksum: 1ff49f657

Time (s): cpu = 00:01:03 ; elapsed = 00:00:48 . Memory (MB): peak = 2814.562 ; gain = 0.000 ; free physical = 506 ; free virtual = 7445
Phase 6 Post Hold Fix | Checksum: 1ff49f657

Time (s): cpu = 00:01:03 ; elapsed = 00:00:48 . Memory (MB): peak = 2814.562 ; gain = 0.000 ; free physical = 506 ; free virtual = 7445

Phase 7 Route finalize

Router Utilization Summary
  Global Vertical Routing Utilization    = 8.70397 %
  Global Horizontal Routing Utilization  = 7.88925 %
  Routable Net Status*
  *Does not include unroutable nets such as driverless and loadless.
  Run report_route_status for detailed report.
  Number of Failed Nets               = 0
    (Failed Nets is the sum of unrouted and partially routed nets)
  Number of Unrouted Nets             = 0
  Number of Partially Routed Nets     = 0
  Number of Node Overlaps             = 0

Phase 7 Route finalize | Checksum: 20d1ff307

Time (s): cpu = 00:01:03 ; elapsed = 00:00:49 . Memory (MB): peak = 2814.562 ; gain = 0.000 ; free physical = 506 ; free virtual = 7445

Phase 8 Verifying routed nets

 Verification completed successfully
Phase 8 Verifying routed nets | Checksum: 20d1ff307

Time (s): cpu = 00:01:03 ; elapsed = 00:00:49 . Memory (MB): peak = 2814.562 ; gain = 0.000 ; free physical = 503 ; free virtual = 7443

Phase 9 Depositing Routes
Phase 9 Depositing Routes | Checksum: 28f81a488

Time (s): cpu = 00:01:04 ; elapsed = 00:00:49 . Memory (MB): peak = 2814.562 ; gain = 0.000 ; free physical = 503 ; free virtual = 7443

Phase 10 Post Router Timing
INFO: [Route 35-57] Estimated Timing Summary | WNS=0.154  | TNS=0.000  | WHS=0.037  | THS=0.000  |

INFO: [Route 35-327] The final timing numbers are based on the router estimated timing analysis. For a complete and accurate timing signoff, please run report_timing_summary.
Phase 10 Post Router Timing | Checksum: 28f81a488

Time (s): cpu = 00:01:04 ; elapsed = 00:00:50 . Memory (MB): peak = 2814.562 ; gain = 0.000 ; free physical = 503 ; free virtual = 7443
INFO: [Route 35-16] Router Completed Successfully

Time (s): cpu = 00:01:04 ; elapsed = 00:00:50 . Memory (MB): peak = 2814.562 ; gain = 0.000 ; free physical = 524 ; free virtual = 7463

Routing Is Done.
INFO: [Common 17-83] Releasing license: Implementation
115 Infos, 28 Warnings, 25 Critical Warnings and 0 Errors encountered.
route_design completed successfully
route_design: Time (s): cpu = 00:01:10 ; elapsed = 00:00:53 . Memory (MB): peak = 2814.562 ; gain = 0.000 ; free physical = 524 ; free virtual = 7463
INFO: [Common 17-600] The following parameters have non-default value.
general.maxThreads
INFO: [Timing 38-480] Writing timing data to binary archive.
Writing placer database...
Writing XDEF routing.
Writing XDEF routing logical nets.
Writing XDEF routing special nets.
Write XDEF Complete: Time (s): cpu = 00:00:05 ; elapsed = 00:00:03 . Memory (MB): peak = 2814.562 ; gain = 0.000 ; free physical = 500 ; free virtual = 7453
INFO: [Common 17-1381] The checkpoint '/auto/common/durga/work/proj/hwacc/hw/syn/RedPitaya-FPGA/prj/v0.94/project/redpitaya.runs/impl_1/red_pitaya_top_routed.dcp' has been generated.
write_checkpoint: Time (s): cpu = 00:00:05 ; elapsed = 00:00:05 . Memory (MB): peak = 2814.562 ; gain = 0.000 ; free physical = 502 ; free virtual = 7446
INFO: [runtcl-4] Executing : report_drc -file red_pitaya_top_drc_routed.rpt -pb red_pitaya_top_drc_routed.pb -rpx red_pitaya_top_drc_routed.rpx
Command: report_drc -file red_pitaya_top_drc_routed.rpt -pb red_pitaya_top_drc_routed.pb -rpx red_pitaya_top_drc_routed.rpx
INFO: [IP_Flow 19-1839] IP Catalog is up to date.
INFO: [DRC 23-27] Running DRC with 4 threads
INFO: [Coretcl 2-168] The results of DRC are in file /auto/common/durga/work/proj/hwacc/hw/syn/RedPitaya-FPGA/prj/v0.94/project/redpitaya.runs/impl_1/red_pitaya_top_drc_routed.rpt.
report_drc completed successfully
INFO: [runtcl-4] Executing : report_methodology -file red_pitaya_top_methodology_drc_routed.rpt -pb red_pitaya_top_methodology_drc_routed.pb -rpx red_pitaya_top_methodology_drc_routed.rpx
Command: report_methodology -file red_pitaya_top_methodology_drc_routed.rpt -pb red_pitaya_top_methodology_drc_routed.pb -rpx red_pitaya_top_methodology_drc_routed.rpx
INFO: [Timing 38-35] Done setting XDC timing constraints.
INFO: [DRC 23-133] Running Methodology with 4 threads
INFO: [Coretcl 2-1520] The results of Report Methodology are in file /auto/common/durga/work/proj/hwacc/hw/syn/RedPitaya-FPGA/prj/v0.94/project/redpitaya.runs/impl_1/red_pitaya_top_methodology_drc_routed.rpt.
report_methodology completed successfully
report_methodology: Time (s): cpu = 00:00:17 ; elapsed = 00:00:06 . Memory (MB): peak = 2839.270 ; gain = 0.000 ; free physical = 497 ; free virtual = 7441
INFO: [runtcl-4] Executing : report_power -file red_pitaya_top_power_routed.rpt -pb red_pitaya_top_power_summary_routed.pb -rpx red_pitaya_top_power_routed.rpx
Command: report_power -file red_pitaya_top_power_routed.rpt -pb red_pitaya_top_power_summary_routed.pb -rpx red_pitaya_top_power_routed.rpx
INFO: [Power 33-23] Power model is not available for i_DNA
INFO: [Timing 38-35] Done setting XDC timing constraints.
Running Vector-less Activity Propagation...

Finished Running Vector-less Activity Propagation
WARNING: [Power 33-332] Found switching activity that implies high-fanout reset nets being asserted for excessive periods of time which may result in inaccurate power analysis.
Resolution: To review and fix problems, please run Power Constraints Advisor in the GUI from Tools > Power Constraints Advisor or run report_power with the -advisory option to generate a text report.
129 Infos, 29 Warnings, 25 Critical Warnings and 0 Errors encountered.
report_power completed successfully
INFO: [runtcl-4] Executing : report_route_status -file red_pitaya_top_route_status.rpt -pb red_pitaya_top_route_status.pb
INFO: [runtcl-4] Executing : report_timing_summary -max_paths 10 -file red_pitaya_top_timing_summary_routed.rpt -pb red_pitaya_top_timing_summary_routed.pb -rpx red_pitaya_top_timing_summary_routed.rpx -warn_on_violation 
INFO: [Timing 38-91] UpdateTimingParams: Speed grade: -1, Delay Type: min_max.
INFO: [Timing 38-191] Multithreading enabled for timing update using a maximum of 4 CPUs
INFO: [runtcl-4] Executing : report_incremental_reuse -file red_pitaya_top_incremental_reuse_routed.rpt
INFO: [Vivado_Tcl 4-1062] Incremental flow is disabled. No incremental reuse Info to report.
INFO: [runtcl-4] Executing : report_clock_utilization -file red_pitaya_top_clock_utilization_routed.rpt
INFO: [runtcl-4] Executing : report_bus_skew -warn_on_violation -file red_pitaya_top_bus_skew_routed.rpt -pb red_pitaya_top_bus_skew_routed.pb -rpx red_pitaya_top_bus_skew_routed.rpx
INFO: [Timing 38-91] UpdateTimingParams: Speed grade: -1, Delay Type: min_max.
INFO: [Timing 38-191] Multithreading enabled for timing update using a maximum of 4 CPUs
Command: write_bitstream -force red_pitaya_top.bit
Attempting to get a license for feature 'Implementation' and/or device 'xc7z010'
INFO: [Common 17-349] Got license for feature 'Implementation' and/or device 'xc7z010'
Running DRC as a precondition to command write_bitstream
INFO: [IP_Flow 19-1839] IP Catalog is up to date.
INFO: [DRC 23-27] Running DRC with 4 threads
WARNING: [DRC DPIP-1] Input pipelining: DSP mm_core/mm_mac/sum_2_reg[0] input mm_core/mm_mac/sum_2_reg[0]/A[29:0] is not pipelined. Pipelining DSP48 input will improve performance.
WARNING: [DRC DPIP-1] Input pipelining: DSP mm_core/mm_mac/sum_2_reg[0] input mm_core/mm_mac/sum_2_reg[0]/B[17:0] is not pipelined. Pipelining DSP48 input will improve performance.
WARNING: [DRC DPIP-1] Input pipelining: DSP mm_core/mm_mac/sum_2_reg[1] input mm_core/mm_mac/sum_2_reg[1]/A[29:0] is not pipelined. Pipelining DSP48 input will improve performance.
WARNING: [DRC DPIP-1] Input pipelining: DSP mm_core/mm_mac/sum_2_reg[1] input mm_core/mm_mac/sum_2_reg[1]/B[17:0] is not pipelined. Pipelining DSP48 input will improve performance.
WARNING: [DRC DPIP-1] Input pipelining: DSP mm_core/mm_mac/sum_2_reg[2] input mm_core/mm_mac/sum_2_reg[2]/A[29:0] is not pipelined. Pipelining DSP48 input will improve performance.
WARNING: [DRC DPIP-1] Input pipelining: DSP mm_core/mm_mac/sum_2_reg[2] input mm_core/mm_mac/sum_2_reg[2]/B[17:0] is not pipelined. Pipelining DSP48 input will improve performance.
WARNING: [DRC DPIP-1] Input pipelining: DSP mm_core/mm_mac/sum_2_reg[3] input mm_core/mm_mac/sum_2_reg[3]/A[29:0] is not pipelined. Pipelining DSP48 input will improve performance.
WARNING: [DRC DPIP-1] Input pipelining: DSP mm_core/mm_mac/sum_2_reg[3] input mm_core/mm_mac/sum_2_reg[3]/B[17:0] is not pipelined. Pipelining DSP48 input will improve performance.
WARNING: [DRC DPIP-1] Input pipelining: DSP mm_core/mm_mac/sum_2_reg[4] input mm_core/mm_mac/sum_2_reg[4]/A[29:0] is not pipelined. Pipelining DSP48 input will improve performance.
WARNING: [DRC DPIP-1] Input pipelining: DSP mm_core/mm_mac/sum_2_reg[4] input mm_core/mm_mac/sum_2_reg[4]/B[17:0] is not pipelined. Pipelining DSP48 input will improve performance.
WARNING: [DRC DPIP-1] Input pipelining: DSP mm_core/mm_mac/sum_2_reg[5] input mm_core/mm_mac/sum_2_reg[5]/A[29:0] is not pipelined. Pipelining DSP48 input will improve performance.
WARNING: [DRC DPIP-1] Input pipelining: DSP mm_core/mm_mac/sum_2_reg[5] input mm_core/mm_mac/sum_2_reg[5]/B[17:0] is not pipelined. Pipelining DSP48 input will improve performance.
WARNING: [DRC DPIP-1] Input pipelining: DSP mm_core/mm_mac/sum_2_reg[6] input mm_core/mm_mac/sum_2_reg[6]/A[29:0] is not pipelined. Pipelining DSP48 input will improve performance.
WARNING: [DRC DPIP-1] Input pipelining: DSP mm_core/mm_mac/sum_2_reg[6] input mm_core/mm_mac/sum_2_reg[6]/B[17:0] is not pipelined. Pipelining DSP48 input will improve performance.
WARNING: [DRC DPIP-1] Input pipelining: DSP mm_core/mm_mac/sum_2_reg[7] input mm_core/mm_mac/sum_2_reg[7]/A[29:0] is not pipelined. Pipelining DSP48 input will improve performance.
WARNING: [DRC DPIP-1] Input pipelining: DSP mm_core/mm_mac/sum_2_reg[7] input mm_core/mm_mac/sum_2_reg[7]/B[17:0] is not pipelined. Pipelining DSP48 input will improve performance.
WARNING: [DRC PDRC-153] Gated clock check: Net i_daisy/genblk4[0].txp_dv_reg[0]_i_2_n_0 is a gated clock net sourced by a combinational pin i_daisy/genblk4[0].txp_dv_reg[0]_i_2/O, cell i_daisy/genblk4[0].txp_dv_reg[0]_i_2. This is not good design practice and will likely impact performance. For SLICE registers, for example, use the CE pin to control the loading of data.
INFO: [Vivado 12-3199] DRC finished with 0 Errors, 17 Warnings
INFO: [Vivado 12-3200] Please refer to the DRC report (report_drc) for more information.
INFO: [Designutils 20-2272] Running write_bitstream with 4 threads.
Loading data files...
Loading site data...
Loading route data...
Processing options...
Creating bitmap...
Creating bitstream...
Writing bitstream ./red_pitaya_top.bit...
INFO: [Vivado 12-1842] Bitgen Completed Successfully.
INFO: [Project 1-120] WebTalk data collection is mandatory when using a WebPACK part without a full Vivado license. To see the specific WebTalk data collected for your design, open the usage_statistics_webtalk.html or usage_statistics_webtalk.xml file in the implementation directory.
INFO: [Common 17-83] Releasing license: Implementation
148 Infos, 46 Warnings, 25 Critical Warnings and 0 Errors encountered.
write_bitstream completed successfully
write_bitstream: Time (s): cpu = 00:00:33 ; elapsed = 00:00:31 . Memory (MB): peak = 3140.082 ; gain = 289.836 ; free physical = 572 ; free virtual = 7400
INFO: [Common 17-206] Exiting Vivado at Mon Jun 29 18:52:55 2026...
